[2019-02-18 15:17:52] php.DEBUG: Warning: filemtime(): stat failed for /home/khaits/public_html/evenannecy/evenannecy/config/routes/annotations.yaml {"exception":"[object] (Symfony\\Component\\Debug\\Exception\\SilencedErrorContext: {\"severity\":2,\"file\":\"/home/khaits/public_html/evenannecy/vendor/symfony/config/Resource/FileResource.php\",\"line\":63,\"trace\":[{\"file\":\"/home/khaits/public_html/evenannecy/vendor/symfony/config/Resource/SelfCheckingResourceChecker.php\",\"line\":34,\"function\":\"isFresh\",\"class\":\"Symfony\\\\Component\\\\Config\\\\Resource\\\\FileResource\",\"type\":\"->\"}],\"count\":1})"} []
[2019-02-18 15:22:05] console.ERROR: Error thrown while running command "doctrine:database:create". Message: "An exception occurred in driver: SQLSTATE[08006] [7] could not connect to server: Connection refused 	Is the server running on host "127.0.0.1" and accepting 	TCP/IP connections on port 25650?" {"exception":"[object] (Doctrine\\DBAL\\Exception\\ConnectionException(code: 0): An exception occurred in driver: SQLSTATE[08006] [7] could not connect to server: Connection refused\n\tIs the server running on host \"127.0.0.1\" and accepting\n\tTCP/IP connections on port 25650? at /home/khaits/public_html/evenannecy/vendor/doctrine/dbal/lib/Doctrine/DBAL/Driver/AbstractPostgreSQLDriver.php:73, Doctrine\\DBAL\\Driver\\PDOException(code: 7): SQLSTATE[08006] [7] could not connect to server: Connection refused\n\tIs the server running on host \"127.0.0.1\" and accepting\n\tTCP/IP connections on port 25650? at /home/khaits/public_html/evenannecy/vendor/doctrine/dbal/lib/Doctrine/DBAL/Driver/PDOConnection.php:31, PDOException(code: 7): SQLSTATE[08006] [7] could not connect to server: Connection refused\n\tIs the server running on host \"127.0.0.1\" and accepting\n\tTCP/IP connections on port 25650? at /home/khaits/public_html/evenannecy/vendor/doctrine/dbal/lib/Doctrine/DBAL/Driver/PDOConnection.php:27)","command":"doctrine:database:create","message":"An exception occurred in driver: SQLSTATE[08006] [7] could not connect to server: Connection refused\n\tIs the server running on host \"127.0.0.1\" and accepting\n\tTCP/IP connections on port 25650?"} []
[2019-02-18 15:22:05] console.DEBUG: Command "doctrine:database:create" exited with code "1" {"command":"doctrine:database:create","code":1} []
[2019-02-18 15:22:49] console.ERROR: Error thrown while running command "doctrine:database:create". Message: "An exception occurred in driver: SQLSTATE[08006] [7] FATAL:  password authentication failed for user "postgres" FATAL:  password authentication failed for user "postgres"" {"exception":"[object] (Doctrine\\DBAL\\Exception\\ConnectionException(code: 0): An exception occurred in driver: SQLSTATE[08006] [7] FATAL:  password authentication failed for user \"postgres\"\nFATAL:  password authentication failed for user \"postgres\" at /home/khaits/public_html/evenannecy/vendor/doctrine/dbal/lib/Doctrine/DBAL/Driver/AbstractPostgreSQLDriver.php:73, Doctrine\\DBAL\\Driver\\PDOException(code: 7): SQLSTATE[08006] [7] FATAL:  password authentication failed for user \"postgres\"\nFATAL:  password authentication failed for user \"postgres\" at /home/khaits/public_html/evenannecy/vendor/doctrine/dbal/lib/Doctrine/DBAL/Driver/PDOConnection.php:31, PDOException(code: 7): SQLSTATE[08006] [7] FATAL:  password authentication failed for user \"postgres\"\nFATAL:  password authentication failed for user \"postgres\" at /home/khaits/public_html/evenannecy/vendor/doctrine/dbal/lib/Doctrine/DBAL/Driver/PDOConnection.php:27)","command":"doctrine:database:create","message":"An exception occurred in driver: SQLSTATE[08006] [7] FATAL:  password authentication failed for user \"postgres\"\nFATAL:  password authentication failed for user \"postgres\""} []
[2019-02-18 15:22:49] console.DEBUG: Command "doctrine:database:create" exited with code "1" {"command":"doctrine:database:create","code":1} []
[2019-02-18 15:23:05] console.ERROR: Error thrown while running command "doctrine:database:create". Message: "An exception occurred in driver: SQLSTATE[08006] [7] fe_sendauth: no password supplied" {"exception":"[object] (Doctrine\\DBAL\\Exception\\ConnectionException(code: 0): An exception occurred in driver: SQLSTATE[08006] [7] fe_sendauth: no password supplied at /home/khaits/public_html/evenannecy/vendor/doctrine/dbal/lib/Doctrine/DBAL/Driver/AbstractPostgreSQLDriver.php:73, Doctrine\\DBAL\\Driver\\PDOException(code: 7): SQLSTATE[08006] [7] fe_sendauth: no password supplied at /home/khaits/public_html/evenannecy/vendor/doctrine/dbal/lib/Doctrine/DBAL/Driver/PDOConnection.php:31, PDOException(code: 7): SQLSTATE[08006] [7] fe_sendauth: no password supplied at /home/khaits/public_html/evenannecy/vendor/doctrine/dbal/lib/Doctrine/DBAL/Driver/PDOConnection.php:27)","command":"doctrine:database:create","message":"An exception occurred in driver: SQLSTATE[08006] [7] fe_sendauth: no password supplied"} []
[2019-02-18 15:23:05] console.DEBUG: Command "doctrine:database:create" exited with code "1" {"command":"doctrine:database:create","code":1} []
[2019-02-18 15:23:16] console.ERROR: Error thrown while running command "doctrine:database:create". Message: "An exception occurred in driver: SQLSTATE[08006] [7] fe_sendauth: no password supplied" {"exception":"[object] (Doctrine\\DBAL\\Exception\\ConnectionException(code: 0): An exception occurred in driver: SQLSTATE[08006] [7] fe_sendauth: no password supplied at /home/khaits/public_html/evenannecy/vendor/doctrine/dbal/lib/Doctrine/DBAL/Driver/AbstractPostgreSQLDriver.php:73, Doctrine\\DBAL\\Driver\\PDOException(code: 7): SQLSTATE[08006] [7] fe_sendauth: no password supplied at /home/khaits/public_html/evenannecy/vendor/doctrine/dbal/lib/Doctrine/DBAL/Driver/PDOConnection.php:31, PDOException(code: 7): SQLSTATE[08006] [7] fe_sendauth: no password supplied at /home/khaits/public_html/evenannecy/vendor/doctrine/dbal/lib/Doctrine/DBAL/Driver/PDOConnection.php:27)","command":"doctrine:database:create","message":"An exception occurred in driver: SQLSTATE[08006] [7] fe_sendauth: no password supplied"} []
[2019-02-18 15:23:16] console.DEBUG: Command "doctrine:database:create" exited with code "1" {"command":"doctrine:database:create","code":1} []
[2019-02-18 15:24:38] console.ERROR: Error thrown while running command "doctrine:database:create". Message: "An exception occurred in driver: SQLSTATE[08006] [7] FATAL:  password authentication failed for user "postgres" FATAL:  password authentication failed for user "postgres"" {"exception":"[object] (Doctrine\\DBAL\\Exception\\ConnectionException(code: 0): An exception occurred in driver: SQLSTATE[08006] [7] FATAL:  password authentication failed for user \"postgres\"\nFATAL:  password authentication failed for user \"postgres\" at /home/khaits/public_html/evenannecy/vendor/doctrine/dbal/lib/Doctrine/DBAL/Driver/AbstractPostgreSQLDriver.php:73, Doctrine\\DBAL\\Driver\\PDOException(code: 7): SQLSTATE[08006] [7] FATAL:  password authentication failed for user \"postgres\"\nFATAL:  password authentication failed for user \"postgres\" at /home/khaits/public_html/evenannecy/vendor/doctrine/dbal/lib/Doctrine/DBAL/Driver/PDOConnection.php:31, PDOException(code: 7): SQLSTATE[08006] [7] FATAL:  password authentication failed for user \"postgres\"\nFATAL:  password authentication failed for user \"postgres\" at /home/khaits/public_html/evenannecy/vendor/doctrine/dbal/lib/Doctrine/DBAL/Driver/PDOConnection.php:27)","command":"doctrine:database:create","message":"An exception occurred in driver: SQLSTATE[08006] [7] FATAL:  password authentication failed for user \"postgres\"\nFATAL:  password authentication failed for user \"postgres\""} []
[2019-02-18 15:24:38] console.DEBUG: Command "doctrine:database:create" exited with code "1" {"command":"doctrine:database:create","code":1} []
[2019-02-18 15:27:41] console.ERROR: Error thrown while running command "doctrine:database:create". Message: "An exception occurred in driver: SQLSTATE[08006] [7] FATAL:  password authentication failed for user "postgres" FATAL:  password authentication failed for user "postgres"" {"exception":"[object] (Doctrine\\DBAL\\Exception\\ConnectionException(code: 0): An exception occurred in driver: SQLSTATE[08006] [7] FATAL:  password authentication failed for user \"postgres\"\nFATAL:  password authentication failed for user \"postgres\" at /home/khaits/public_html/evenannecy/vendor/doctrine/dbal/lib/Doctrine/DBAL/Driver/AbstractPostgreSQLDriver.php:73, Doctrine\\DBAL\\Driver\\PDOException(code: 7): SQLSTATE[08006] [7] FATAL:  password authentication failed for user \"postgres\"\nFATAL:  password authentication failed for user \"postgres\" at /home/khaits/public_html/evenannecy/vendor/doctrine/dbal/lib/Doctrine/DBAL/Driver/PDOConnection.php:31, PDOException(code: 7): SQLSTATE[08006] [7] FATAL:  password authentication failed for user \"postgres\"\nFATAL:  password authentication failed for user \"postgres\" at /home/khaits/public_html/evenannecy/vendor/doctrine/dbal/lib/Doctrine/DBAL/Driver/PDOConnection.php:27)","command":"doctrine:database:create","message":"An exception occurred in driver: SQLSTATE[08006] [7] FATAL:  password authentication failed for user \"postgres\"\nFATAL:  password authentication failed for user \"postgres\""} []
[2019-02-18 15:27:41] console.DEBUG: Command "doctrine:database:create" exited with code "1" {"command":"doctrine:database:create","code":1} []
[2019-02-18 15:35:41] console.ERROR: Error thrown while running command "doctrine:database:create". Message: "An exception occurred in driver: SQLSTATE[08006] [7] could not connect to server: Connection refused 	Is the server running on host "infobanana" (10.103.1.200) and accepting 	TCP/IP connections on port 5432?" {"exception":"[object] (Doctrine\\DBAL\\Exception\\ConnectionException(code: 0): An exception occurred in driver: SQLSTATE[08006] [7] could not connect to server: Connection refused\n\tIs the server running on host \"infobanana\" (10.103.1.200) and accepting\n\tTCP/IP connections on port 5432? at /home/khaits/public_html/evenannecy/vendor/doctrine/dbal/lib/Doctrine/DBAL/Driver/AbstractPostgreSQLDriver.php:73, Doctrine\\DBAL\\Driver\\PDOException(code: 7): SQLSTATE[08006] [7] could not connect to server: Connection refused\n\tIs the server running on host \"infobanana\" (10.103.1.200) and accepting\n\tTCP/IP connections on port 5432? at /home/khaits/public_html/evenannecy/vendor/doctrine/dbal/lib/Doctrine/DBAL/Driver/PDOConnection.php:31, PDOException(code: 7): SQLSTATE[08006] [7] could not connect to server: Connection refused\n\tIs the server running on host \"infobanana\" (10.103.1.200) and accepting\n\tTCP/IP connections on port 5432? at /home/khaits/public_html/evenannecy/vendor/doctrine/dbal/lib/Doctrine/DBAL/Driver/PDOConnection.php:27)","command":"doctrine:database:create","message":"An exception occurred in driver: SQLSTATE[08006] [7] could not connect to server: Connection refused\n\tIs the server running on host \"infobanana\" (10.103.1.200) and accepting\n\tTCP/IP connections on port 5432?"} []
[2019-02-18 15:35:41] console.DEBUG: Command "doctrine:database:create" exited with code "1" {"command":"doctrine:database:create","code":1} []
[2019-02-18 15:35:54] console.ERROR: Error thrown while running command "doctrine:database:create". Message: "An exception occurred in driver: SQLSTATE[08006] [7] FATAL:  password authentication failed for user "postgres" FATAL:  password authentication failed for user "postgres"" {"exception":"[object] (Doctrine\\DBAL\\Exception\\ConnectionException(code: 0): An exception occurred in driver: SQLSTATE[08006] [7] FATAL:  password authentication failed for user \"postgres\"\nFATAL:  password authentication failed for user \"postgres\" at /home/khaits/public_html/evenannecy/vendor/doctrine/dbal/lib/Doctrine/DBAL/Driver/AbstractPostgreSQLDriver.php:73, Doctrine\\DBAL\\Driver\\PDOException(code: 7): SQLSTATE[08006] [7] FATAL:  password authentication failed for user \"postgres\"\nFATAL:  password authentication failed for user \"postgres\" at /home/khaits/public_html/evenannecy/vendor/doctrine/dbal/lib/Doctrine/DBAL/Driver/PDOConnection.php:31, PDOException(code: 7): SQLSTATE[08006] [7] FATAL:  password authentication failed for user \"postgres\"\nFATAL:  password authentication failed for user \"postgres\" at /home/khaits/public_html/evenannecy/vendor/doctrine/dbal/lib/Doctrine/DBAL/Driver/PDOConnection.php:27)","command":"doctrine:database:create","message":"An exception occurred in driver: SQLSTATE[08006] [7] FATAL:  password authentication failed for user \"postgres\"\nFATAL:  password authentication failed for user \"postgres\""} []
[2019-02-18 15:35:54] console.DEBUG: Command "doctrine:database:create" exited with code "1" {"command":"doctrine:database:create","code":1} []
[2019-02-18 15:40:19] console.ERROR: Error thrown while running command "doctrine:database:create". Message: "An exception occurred in driver: SQLSTATE[22023]: Invalid parameter value: 7 ERROR:  invalid value for parameter "client_encoding": "utf8mb4"" {"exception":"[object] (Doctrine\\DBAL\\Exception\\DriverException(code: 0): An exception occurred in driver: SQLSTATE[22023]: Invalid parameter value: 7 ERROR:  invalid value for parameter \"client_encoding\": \"utf8mb4\" at /home/khaits/public_html/evenannecy/vendor/doctrine/dbal/lib/Doctrine/DBAL/Driver/AbstractPostgreSQLDriver.php:79, Doctrine\\DBAL\\Driver\\PDOException(code: 22023): SQLSTATE[22023]: Invalid parameter value: 7 ERROR:  invalid value for parameter \"client_encoding\": \"utf8mb4\" at /home/khaits/public_html/evenannecy/vendor/doctrine/dbal/lib/Doctrine/DBAL/Driver/PDOConnection.php:43, PDOException(code: 22023): SQLSTATE[22023]: Invalid parameter value: 7 ERROR:  invalid value for parameter \"client_encoding\": \"utf8mb4\" at /home/khaits/public_html/evenannecy/vendor/doctrine/dbal/lib/Doctrine/DBAL/Driver/PDOConnection.php:41)","command":"doctrine:database:create","message":"An exception occurred in driver: SQLSTATE[22023]: Invalid parameter value: 7 ERROR:  invalid value for parameter \"client_encoding\": \"utf8mb4\""} []
[2019-02-18 15:40:19] console.DEBUG: Command "doctrine:database:create" exited with code "1" {"command":"doctrine:database:create","code":1} []
[2019-02-18 15:40:51] console.ERROR: Error thrown while running command "doctrine:database:create". Message: "An exception occurred in driver: SQLSTATE[22023]: Invalid parameter value: 7 ERROR:  invalid value for parameter "client_encoding": "utf8mb4"" {"exception":"[object] (Doctrine\\DBAL\\Exception\\DriverException(code: 0): An exception occurred in driver: SQLSTATE[22023]: Invalid parameter value: 7 ERROR:  invalid value for parameter \"client_encoding\": \"utf8mb4\" at /home/khaits/public_html/evenannecy/vendor/doctrine/dbal/lib/Doctrine/DBAL/Driver/AbstractPostgreSQLDriver.php:79, Doctrine\\DBAL\\Driver\\PDOException(code: 22023): SQLSTATE[22023]: Invalid parameter value: 7 ERROR:  invalid value for parameter \"client_encoding\": \"utf8mb4\" at /home/khaits/public_html/evenannecy/vendor/doctrine/dbal/lib/Doctrine/DBAL/Driver/PDOConnection.php:43, PDOException(code: 22023): SQLSTATE[22023]: Invalid parameter value: 7 ERROR:  invalid value for parameter \"client_encoding\": \"utf8mb4\" at /home/khaits/public_html/evenannecy/vendor/doctrine/dbal/lib/Doctrine/DBAL/Driver/PDOConnection.php:41)","command":"doctrine:database:create","message":"An exception occurred in driver: SQLSTATE[22023]: Invalid parameter value: 7 ERROR:  invalid value for parameter \"client_encoding\": \"utf8mb4\""} []
[2019-02-18 15:40:51] console.DEBUG: Command "doctrine:database:create" exited with code "1" {"command":"doctrine:database:create","code":1} []
[2019-02-18 15:43:03] console.DEBUG: Command "doctrine:database:create" exited with code "1" {"command":"doctrine:database:create","code":1} []
[2019-02-18 15:52:04] console.ERROR: Error thrown while running command "doctrine:database:create". Message: "An exception occurred in driver: SQLSTATE[08006] [7] could not connect to server: Connection refused 	Is the server running on host "infobanana" (10.103.1.200) and accepting 	TCP/IP connections on port 5432?" {"exception":"[object] (Doctrine\\DBAL\\Exception\\ConnectionException(code: 0): An exception occurred in driver: SQLSTATE[08006] [7] could not connect to server: Connection refused\n\tIs the server running on host \"infobanana\" (10.103.1.200) and accepting\n\tTCP/IP connections on port 5432? at /home/khaits/public_html/evenannecy/vendor/doctrine/dbal/lib/Doctrine/DBAL/Driver/AbstractPostgreSQLDriver.php:73, Doctrine\\DBAL\\Driver\\PDOException(code: 7): SQLSTATE[08006] [7] could not connect to server: Connection refused\n\tIs the server running on host \"infobanana\" (10.103.1.200) and accepting\n\tTCP/IP connections on port 5432? at /home/khaits/public_html/evenannecy/vendor/doctrine/dbal/lib/Doctrine/DBAL/Driver/PDOConnection.php:31, PDOException(code: 7): SQLSTATE[08006] [7] could not connect to server: Connection refused\n\tIs the server running on host \"infobanana\" (10.103.1.200) and accepting\n\tTCP/IP connections on port 5432? at /home/khaits/public_html/evenannecy/vendor/doctrine/dbal/lib/Doctrine/DBAL/Driver/PDOConnection.php:27)","command":"doctrine:database:create","message":"An exception occurred in driver: SQLSTATE[08006] [7] could not connect to server: Connection refused\n\tIs the server running on host \"infobanana\" (10.103.1.200) and accepting\n\tTCP/IP connections on port 5432?"} []
[2019-02-18 15:52:04] console.DEBUG: Command "doctrine:database:create" exited with code "1" {"command":"doctrine:database:create","code":1} []
[2019-02-18 15:52:20] console.DEBUG: Command "doctrine:database:create" exited with code "1" {"command":"doctrine:database:create","code":1} []
[2019-02-18 15:53:35] console.DEBUG: Command "doctrine:database:create" exited with code "1" {"command":"doctrine:database:create","code":1} []
[2019-02-18 15:55:52] console.ERROR: Error thrown while running command "doctrine:database:import". Message: "Not enough arguments (missing: "file")." {"exception":"[object] (Symfony\\Component\\Console\\Exception\\RuntimeException(code: 0): Not enough arguments (missing: \"file\"). at /home/khaits/public_html/evenannecy/vendor/symfony/console/Input/Input.php:76)","command":"doctrine:database:import","message":"Not enough arguments (missing: \"file\")."} []
[2019-02-18 15:55:52] console.DEBUG: Command "doctrine:database:import" exited with code "1" {"command":"doctrine:database:import","code":1} []
[2019-02-18 15:57:34] console.ERROR: Error thrown while running command "doctrine:database:create". Message: "An exception occurred in driver: SQLSTATE[08006] [7] could not connect to server: Connection refused 	Is the server running on host "127.0.0.1" and accepting 	TCP/IP connections on port 5433?" {"exception":"[object] (Doctrine\\DBAL\\Exception\\ConnectionException(code: 0): An exception occurred in driver: SQLSTATE[08006] [7] could not connect to server: Connection refused\n\tIs the server running on host \"127.0.0.1\" and accepting\n\tTCP/IP connections on port 5433? at /home/khaits/public_html/evenannecy/vendor/doctrine/dbal/lib/Doctrine/DBAL/Driver/AbstractPostgreSQLDriver.php:73, Doctrine\\DBAL\\Driver\\PDOException(code: 7): SQLSTATE[08006] [7] could not connect to server: Connection refused\n\tIs the server running on host \"127.0.0.1\" and accepting\n\tTCP/IP connections on port 5433? at /home/khaits/public_html/evenannecy/vendor/doctrine/dbal/lib/Doctrine/DBAL/Driver/PDOConnection.php:31, PDOException(code: 7): SQLSTATE[08006] [7] could not connect to server: Connection refused\n\tIs the server running on host \"127.0.0.1\" and accepting\n\tTCP/IP connections on port 5433? at /home/khaits/public_html/evenannecy/vendor/doctrine/dbal/lib/Doctrine/DBAL/Driver/PDOConnection.php:27)","command":"doctrine:database:create","message":"An exception occurred in driver: SQLSTATE[08006] [7] could not connect to server: Connection refused\n\tIs the server running on host \"127.0.0.1\" and accepting\n\tTCP/IP connections on port 5433?"} []
[2019-02-18 15:57:34] console.DEBUG: Command "doctrine:database:create" exited with code "1" {"command":"doctrine:database:create","code":1} []
[2019-02-18 16:11:55] doctrine.DEBUG: SELECT quote_ident(table_name) AS table_name,                        table_schema AS schema_name                 FROM   information_schema.tables                 WHERE  table_schema NOT LIKE 'pg\_%'                 AND    table_schema != 'information_schema'                 AND    table_name != 'geometry_columns'                 AND    table_name != 'spatial_ref_sys'                 AND    table_type != 'VIEW' [] []
[2019-02-18 16:11:55] doctrine.DEBUG: SHOW search_path [] []
[2019-02-18 16:11:55] doctrine.DEBUG: CREATE TABLE migration_versions (version VARCHAR(14) NOT NULL, executed_at TIMESTAMP(0) WITHOUT TIME ZONE NOT NULL, PRIMARY KEY(version)) [] []
[2019-02-18 16:11:55] doctrine.DEBUG: COMMENT ON COLUMN migration_versions.executed_at IS '(DC2Type:datetime_immutable)' [] []
[2019-02-18 16:11:55] doctrine.DEBUG: SELECT schema_name AS nspname                 FROM   information_schema.schemata                 WHERE  schema_name NOT LIKE 'pg\_%'                 AND    schema_name != 'information_schema' [] []
[2019-02-18 16:11:55] doctrine.DEBUG: SELECT sequence_name AS relname,                        sequence_schema AS schemaname,                        minimum_value AS min_value,                         increment AS increment_by                 FROM   information_schema.sequences                 WHERE  sequence_catalog = 'evenannecy'                 AND    sequence_schema NOT LIKE 'pg\_%'                 AND    sequence_schema != 'information_schema' [] []
[2019-02-18 16:11:55] doctrine.DEBUG: SELECT quote_ident(table_name) AS table_name,                        table_schema AS schema_name                 FROM   information_schema.tables                 WHERE  table_schema NOT LIKE 'pg\_%'                 AND    table_schema != 'information_schema'                 AND    table_name != 'geometry_columns'                 AND    table_name != 'spatial_ref_sys'                 AND    table_type != 'VIEW' [] []
[2019-02-18 16:11:55] doctrine.DEBUG: SELECT nspname FROM pg_namespace WHERE nspname !~ '^pg_.*' AND nspname != 'information_schema' [] []
[2019-02-18 16:11:55] doctrine.DEBUG: SHOW search_path [] []
[2019-02-18 16:11:55] doctrine.DEBUG: SELECT                     a.attnum,                     quote_ident(a.attname) AS field,                     t.typname AS type,                     format_type(a.atttypid, a.atttypmod) AS complete_type, (SELECT tc.collcollate FROM pg_catalog.pg_collation tc WHERE tc.oid = a.attcollation) AS collation,                     (SELECT t1.typname FROM pg_catalog.pg_type t1 WHERE t1.oid = t.typbasetype) AS domain_type,                     (SELECT format_type(t2.typbasetype, t2.typtypmod) FROM                       pg_catalog.pg_type t2 WHERE t2.typtype = 'd' AND t2.oid = a.atttypid) AS domain_complete_type,                     a.attnotnull AS isnotnull,                     (SELECT 't'                      FROM pg_index                      WHERE c.oid = pg_index.indrelid                         AND pg_index.indkey[0] = a.attnum                         AND pg_index.indisprimary = 't'                     ) AS pri,                     (SELECT pg_get_expr(adbin, adrelid)                      FROM pg_attrdef                      WHERE c.oid = pg_attrdef.adrelid                         AND pg_attrdef.adnum=a.attnum                     ) AS default,                     (SELECT pg_description.description                         FROM pg_description WHERE pg_description.objoid = c.oid AND a.attnum = pg_description.objsubid                     ) AS comment                     FROM pg_attribute a, pg_class c, pg_type t, pg_namespace n                     WHERE n.nspname NOT IN ('pg_catalog', 'information_schema', 'pg_toast') AND c.relname = 'migration_versions' AND n.nspname = ANY(string_to_array((select replace(replace(setting,'"$user"',user),' ','') from pg_catalog.pg_settings where name = 'search_path'),','))                         AND a.attnum > 0                         AND a.attrelid = c.oid                         AND a.atttypid = t.oid                         AND n.oid = c.relnamespace                     ORDER BY a.attnum [] []
[2019-02-18 16:11:55] doctrine.DEBUG: SELECT quote_ident(r.conname) as conname, pg_catalog.pg_get_constraintdef(r.oid, true) as condef                   FROM pg_catalog.pg_constraint r                   WHERE r.conrelid =                   (                       SELECT c.oid                       FROM pg_catalog.pg_class c, pg_catalog.pg_namespace n                       WHERE n.nspname NOT IN ('pg_catalog', 'information_schema', 'pg_toast') AND c.relname = 'migration_versions' AND n.nspname = ANY(string_to_array((select replace(replace(setting,'"$user"',user),' ','') from pg_catalog.pg_settings where name = 'search_path'),',')) AND n.oid = c.relnamespace                   )                   AND r.contype = 'f' [] []
[2019-02-18 16:11:55] doctrine.DEBUG: SELECT quote_ident(relname) as relname, pg_index.indisunique, pg_index.indisprimary,                        pg_index.indkey, pg_index.indrelid,                        pg_get_expr(indpred, indrelid) AS where                  FROM pg_class, pg_index                  WHERE oid IN (                     SELECT indexrelid                     FROM pg_index si, pg_class sc, pg_namespace sn                     WHERE sn.nspname NOT IN ('pg_catalog', 'information_schema', 'pg_toast') AND sc.relname = 'migration_versions' AND sn.nspname = ANY(string_to_array((select replace(replace(setting,'"$user"',user),' ','') from pg_catalog.pg_settings where name = 'search_path'),',')) AND sc.oid=si.indrelid AND sc.relnamespace = sn.oid                  ) AND pg_index.indexrelid = oid [] []
[2019-02-18 16:11:55] doctrine.DEBUG: SELECT attnum, attname FROM pg_attribute WHERE attrelid=228285 AND attnum IN (1) ORDER BY attnum ASC [] []
[2019-02-18 16:11:55] doctrine.DEBUG: SHOW search_path [] []
[2019-02-18 16:11:55] doctrine.DEBUG: SHOW search_path [] []
[2019-02-18 16:18:46] doctrine.DEBUG: SELECT schema_name AS nspname                 FROM   information_schema.schemata                 WHERE  schema_name NOT LIKE 'pg\_%'                 AND    schema_name != 'information_schema' [] []
[2019-02-18 16:18:46] doctrine.DEBUG: SELECT sequence_name AS relname,                        sequence_schema AS schemaname,                        minimum_value AS min_value,                         increment AS increment_by                 FROM   information_schema.sequences                 WHERE  sequence_catalog = 'evenannecy'                 AND    sequence_schema NOT LIKE 'pg\_%'                 AND    sequence_schema != 'information_schema' [] []
[2019-02-18 16:18:46] doctrine.DEBUG: SELECT quote_ident(table_name) AS table_name,                        table_schema AS schema_name                 FROM   information_schema.tables                 WHERE  table_schema NOT LIKE 'pg\_%'                 AND    table_schema != 'information_schema'                 AND    table_name != 'geometry_columns'                 AND    table_name != 'spatial_ref_sys'                 AND    table_type != 'VIEW' [] []
[2019-02-18 16:18:46] doctrine.DEBUG: SELECT nspname FROM pg_namespace WHERE nspname !~ '^pg_.*' AND nspname != 'information_schema' [] []
[2019-02-18 16:18:46] doctrine.DEBUG: SHOW search_path [] []
[2019-02-18 16:18:46] doctrine.DEBUG: SELECT                     a.attnum,                     quote_ident(a.attname) AS field,                     t.typname AS type,                     format_type(a.atttypid, a.atttypmod) AS complete_type, (SELECT tc.collcollate FROM pg_catalog.pg_collation tc WHERE tc.oid = a.attcollation) AS collation,                     (SELECT t1.typname FROM pg_catalog.pg_type t1 WHERE t1.oid = t.typbasetype) AS domain_type,                     (SELECT format_type(t2.typbasetype, t2.typtypmod) FROM                       pg_catalog.pg_type t2 WHERE t2.typtype = 'd' AND t2.oid = a.atttypid) AS domain_complete_type,                     a.attnotnull AS isnotnull,                     (SELECT 't'                      FROM pg_index                      WHERE c.oid = pg_index.indrelid                         AND pg_index.indkey[0] = a.attnum                         AND pg_index.indisprimary = 't'                     ) AS pri,                     (SELECT pg_get_expr(adbin, adrelid)                      FROM pg_attrdef                      WHERE c.oid = pg_attrdef.adrelid                         AND pg_attrdef.adnum=a.attnum                     ) AS default,                     (SELECT pg_description.description                         FROM pg_description WHERE pg_description.objoid = c.oid AND a.attnum = pg_description.objsubid                     ) AS comment                     FROM pg_attribute a, pg_class c, pg_type t, pg_namespace n                     WHERE n.nspname NOT IN ('pg_catalog', 'information_schema', 'pg_toast') AND c.relname = 'migration_versions' AND n.nspname = ANY(string_to_array((select replace(replace(setting,'"$user"',user),' ','') from pg_catalog.pg_settings where name = 'search_path'),','))                         AND a.attnum > 0                         AND a.attrelid = c.oid                         AND a.atttypid = t.oid                         AND n.oid = c.relnamespace                     ORDER BY a.attnum [] []
[2019-02-18 16:18:46] doctrine.DEBUG: SELECT quote_ident(r.conname) as conname, pg_catalog.pg_get_constraintdef(r.oid, true) as condef                   FROM pg_catalog.pg_constraint r                   WHERE r.conrelid =                   (                       SELECT c.oid                       FROM pg_catalog.pg_class c, pg_catalog.pg_namespace n                       WHERE n.nspname NOT IN ('pg_catalog', 'information_schema', 'pg_toast') AND c.relname = 'migration_versions' AND n.nspname = ANY(string_to_array((select replace(replace(setting,'"$user"',user),' ','') from pg_catalog.pg_settings where name = 'search_path'),',')) AND n.oid = c.relnamespace                   )                   AND r.contype = 'f' [] []
[2019-02-18 16:18:46] doctrine.DEBUG: SELECT quote_ident(relname) as relname, pg_index.indisunique, pg_index.indisprimary,                        pg_index.indkey, pg_index.indrelid,                        pg_get_expr(indpred, indrelid) AS where                  FROM pg_class, pg_index                  WHERE oid IN (                     SELECT indexrelid                     FROM pg_index si, pg_class sc, pg_namespace sn                     WHERE sn.nspname NOT IN ('pg_catalog', 'information_schema', 'pg_toast') AND sc.relname = 'migration_versions' AND sn.nspname = ANY(string_to_array((select replace(replace(setting,'"$user"',user),' ','') from pg_catalog.pg_settings where name = 'search_path'),',')) AND sc.oid=si.indrelid AND sc.relnamespace = sn.oid                  ) AND pg_index.indexrelid = oid [] []
[2019-02-18 16:18:46] doctrine.DEBUG: SELECT attnum, attname FROM pg_attribute WHERE attrelid=228285 AND attnum IN (1) ORDER BY attnum ASC [] []
[2019-02-18 16:18:46] doctrine.DEBUG: SHOW search_path [] []
[2019-02-18 16:18:46] doctrine.DEBUG: SHOW search_path [] []
[2019-02-18 16:18:46] doctrine.DEBUG: SELECT schema_name AS nspname                 FROM   information_schema.schemata                 WHERE  schema_name NOT LIKE 'pg\_%'                 AND    schema_name != 'information_schema' [] []
[2019-02-18 16:18:46] doctrine.DEBUG: SELECT sequence_name AS relname,                        sequence_schema AS schemaname,                        minimum_value AS min_value,                         increment AS increment_by                 FROM   information_schema.sequences                 WHERE  sequence_catalog = 'evenannecy'                 AND    sequence_schema NOT LIKE 'pg\_%'                 AND    sequence_schema != 'information_schema' [] []
[2019-02-18 16:18:47] doctrine.DEBUG: SELECT quote_ident(table_name) AS table_name,                        table_schema AS schema_name                 FROM   information_schema.tables                 WHERE  table_schema NOT LIKE 'pg\_%'                 AND    table_schema != 'information_schema'                 AND    table_name != 'geometry_columns'                 AND    table_name != 'spatial_ref_sys'                 AND    table_type != 'VIEW' [] []
[2019-02-18 16:18:47] doctrine.DEBUG: SELECT                     a.attnum,                     quote_ident(a.attname) AS field,                     t.typname AS type,                     format_type(a.atttypid, a.atttypmod) AS complete_type, (SELECT tc.collcollate FROM pg_catalog.pg_collation tc WHERE tc.oid = a.attcollation) AS collation,                     (SELECT t1.typname FROM pg_catalog.pg_type t1 WHERE t1.oid = t.typbasetype) AS domain_type,                     (SELECT format_type(t2.typbasetype, t2.typtypmod) FROM                       pg_catalog.pg_type t2 WHERE t2.typtype = 'd' AND t2.oid = a.atttypid) AS domain_complete_type,                     a.attnotnull AS isnotnull,                     (SELECT 't'                      FROM pg_index                      WHERE c.oid = pg_index.indrelid                         AND pg_index.indkey[0] = a.attnum                         AND pg_index.indisprimary = 't'                     ) AS pri,                     (SELECT pg_get_expr(adbin, adrelid)                      FROM pg_attrdef                      WHERE c.oid = pg_attrdef.adrelid                         AND pg_attrdef.adnum=a.attnum                     ) AS default,                     (SELECT pg_description.description                         FROM pg_description WHERE pg_description.objoid = c.oid AND a.attnum = pg_description.objsubid                     ) AS comment                     FROM pg_attribute a, pg_class c, pg_type t, pg_namespace n                     WHERE n.nspname NOT IN ('pg_catalog', 'information_schema', 'pg_toast') AND c.relname = 'migration_versions' AND n.nspname = ANY(string_to_array((select replace(replace(setting,'"$user"',user),' ','') from pg_catalog.pg_settings where name = 'search_path'),','))                         AND a.attnum > 0                         AND a.attrelid = c.oid                         AND a.atttypid = t.oid                         AND n.oid = c.relnamespace                     ORDER BY a.attnum [] []
[2019-02-18 16:18:47] doctrine.DEBUG: SELECT quote_ident(r.conname) as conname, pg_catalog.pg_get_constraintdef(r.oid, true) as condef                   FROM pg_catalog.pg_constraint r                   WHERE r.conrelid =                   (                       SELECT c.oid                       FROM pg_catalog.pg_class c, pg_catalog.pg_namespace n                       WHERE n.nspname NOT IN ('pg_catalog', 'information_schema', 'pg_toast') AND c.relname = 'migration_versions' AND n.nspname = ANY(string_to_array((select replace(replace(setting,'"$user"',user),' ','') from pg_catalog.pg_settings where name = 'search_path'),',')) AND n.oid = c.relnamespace                   )                   AND r.contype = 'f' [] []
[2019-02-18 16:18:47] doctrine.DEBUG: SELECT quote_ident(relname) as relname, pg_index.indisunique, pg_index.indisprimary,                        pg_index.indkey, pg_index.indrelid,                        pg_get_expr(indpred, indrelid) AS where                  FROM pg_class, pg_index                  WHERE oid IN (                     SELECT indexrelid                     FROM pg_index si, pg_class sc, pg_namespace sn                     WHERE sn.nspname NOT IN ('pg_catalog', 'information_schema', 'pg_toast') AND sc.relname = 'migration_versions' AND sn.nspname = ANY(string_to_array((select replace(replace(setting,'"$user"',user),' ','') from pg_catalog.pg_settings where name = 'search_path'),',')) AND sc.oid=si.indrelid AND sc.relnamespace = sn.oid                  ) AND pg_index.indexrelid = oid [] []
[2019-02-18 16:18:47] doctrine.DEBUG: SELECT attnum, attname FROM pg_attribute WHERE attrelid=228285 AND attnum IN (1) ORDER BY attnum ASC [] []
[2019-02-18 16:18:47] doctrine.DEBUG: SHOW search_path [] []
[2019-02-18 16:18:47] doctrine.DEBUG: SHOW search_path [] []
[2019-02-18 16:18:47] doctrine.DEBUG: CREATE SEQUENCE user_id_seq INCREMENT BY 1 MINVALUE 1 START 1 [] []
[2019-02-18 16:18:47] doctrine.DEBUG: CREATE TABLE "user" (id INT NOT NULL, username VARCHAR(80) NOT NULL, phone VARCHAR(10) NOT NULL, email VARCHAR(80) NOT NULL, password VARCHAR(255) NOT NULL, PRIMARY KEY(id)) [] []
[2019-02-18 16:23:18] doctrine.DEBUG: SELECT quote_ident(table_name) AS table_name,                        table_schema AS schema_name                 FROM   information_schema.tables                 WHERE  table_schema NOT LIKE 'pg\_%'                 AND    table_schema != 'information_schema'                 AND    table_name != 'geometry_columns'                 AND    table_name != 'spatial_ref_sys'                 AND    table_type != 'VIEW' [] []
[2019-02-18 16:23:18] doctrine.DEBUG: SELECT nspname FROM pg_namespace WHERE nspname !~ '^pg_.*' AND nspname != 'information_schema' [] []
[2019-02-18 16:23:18] doctrine.DEBUG: SHOW search_path [] []
[2019-02-18 16:23:18] doctrine.DEBUG: SELECT                     a.attnum,                     quote_ident(a.attname) AS field,                     t.typname AS type,                     format_type(a.atttypid, a.atttypmod) AS complete_type, (SELECT tc.collcollate FROM pg_catalog.pg_collation tc WHERE tc.oid = a.attcollation) AS collation,                     (SELECT t1.typname FROM pg_catalog.pg_type t1 WHERE t1.oid = t.typbasetype) AS domain_type,                     (SELECT format_type(t2.typbasetype, t2.typtypmod) FROM                       pg_catalog.pg_type t2 WHERE t2.typtype = 'd' AND t2.oid = a.atttypid) AS domain_complete_type,                     a.attnotnull AS isnotnull,                     (SELECT 't'                      FROM pg_index                      WHERE c.oid = pg_index.indrelid                         AND pg_index.indkey[0] = a.attnum                         AND pg_index.indisprimary = 't'                     ) AS pri,                     (SELECT pg_get_expr(adbin, adrelid)                      FROM pg_attrdef                      WHERE c.oid = pg_attrdef.adrelid                         AND pg_attrdef.adnum=a.attnum                     ) AS default,                     (SELECT pg_description.description                         FROM pg_description WHERE pg_description.objoid = c.oid AND a.attnum = pg_description.objsubid                     ) AS comment                     FROM pg_attribute a, pg_class c, pg_type t, pg_namespace n                     WHERE n.nspname NOT IN ('pg_catalog', 'information_schema', 'pg_toast') AND c.relname = 'migration_versions' AND n.nspname = ANY(string_to_array((select replace(replace(setting,'"$user"',user),' ','') from pg_catalog.pg_settings where name = 'search_path'),','))                         AND a.attnum > 0                         AND a.attrelid = c.oid                         AND a.atttypid = t.oid                         AND n.oid = c.relnamespace                     ORDER BY a.attnum [] []
[2019-02-18 16:23:18] doctrine.DEBUG: SELECT quote_ident(r.conname) as conname, pg_catalog.pg_get_constraintdef(r.oid, true) as condef                   FROM pg_catalog.pg_constraint r                   WHERE r.conrelid =                   (                       SELECT c.oid                       FROM pg_catalog.pg_class c, pg_catalog.pg_namespace n                       WHERE n.nspname NOT IN ('pg_catalog', 'information_schema', 'pg_toast') AND c.relname = 'migration_versions' AND n.nspname = ANY(string_to_array((select replace(replace(setting,'"$user"',user),' ','') from pg_catalog.pg_settings where name = 'search_path'),',')) AND n.oid = c.relnamespace                   )                   AND r.contype = 'f' [] []
[2019-02-18 16:23:18] doctrine.DEBUG: SELECT quote_ident(relname) as relname, pg_index.indisunique, pg_index.indisprimary,                        pg_index.indkey, pg_index.indrelid,                        pg_get_expr(indpred, indrelid) AS where                  FROM pg_class, pg_index                  WHERE oid IN (                     SELECT indexrelid                     FROM pg_index si, pg_class sc, pg_namespace sn                     WHERE sn.nspname NOT IN ('pg_catalog', 'information_schema', 'pg_toast') AND sc.relname = 'migration_versions' AND sn.nspname = ANY(string_to_array((select replace(replace(setting,'"$user"',user),' ','') from pg_catalog.pg_settings where name = 'search_path'),',')) AND sc.oid=si.indrelid AND sc.relnamespace = sn.oid                  ) AND pg_index.indexrelid = oid [] []
[2019-02-18 16:23:18] doctrine.DEBUG: SELECT attnum, attname FROM pg_attribute WHERE attrelid=228285 AND attnum IN (1) ORDER BY attnum ASC [] []
[2019-02-18 16:23:18] doctrine.DEBUG: SELECT schema_name AS nspname                 FROM   information_schema.schemata                 WHERE  schema_name NOT LIKE 'pg\_%'                 AND    schema_name != 'information_schema' [] []
[2019-02-18 16:23:18] doctrine.DEBUG: SELECT sequence_name AS relname,                        sequence_schema AS schemaname,                        minimum_value AS min_value,                         increment AS increment_by                 FROM   information_schema.sequences                 WHERE  sequence_catalog = 'evenannecy'                 AND    sequence_schema NOT LIKE 'pg\_%'                 AND    sequence_schema != 'information_schema' [] []
[2019-02-18 16:23:18] doctrine.DEBUG: SELECT quote_ident(table_name) AS table_name,                        table_schema AS schema_name                 FROM   information_schema.tables                 WHERE  table_schema NOT LIKE 'pg\_%'                 AND    table_schema != 'information_schema'                 AND    table_name != 'geometry_columns'                 AND    table_name != 'spatial_ref_sys'                 AND    table_type != 'VIEW' [] []
[2019-02-18 16:23:18] doctrine.DEBUG: SELECT                     a.attnum,                     quote_ident(a.attname) AS field,                     t.typname AS type,                     format_type(a.atttypid, a.atttypmod) AS complete_type, (SELECT tc.collcollate FROM pg_catalog.pg_collation tc WHERE tc.oid = a.attcollation) AS collation,                     (SELECT t1.typname FROM pg_catalog.pg_type t1 WHERE t1.oid = t.typbasetype) AS domain_type,                     (SELECT format_type(t2.typbasetype, t2.typtypmod) FROM                       pg_catalog.pg_type t2 WHERE t2.typtype = 'd' AND t2.oid = a.atttypid) AS domain_complete_type,                     a.attnotnull AS isnotnull,                     (SELECT 't'                      FROM pg_index                      WHERE c.oid = pg_index.indrelid                         AND pg_index.indkey[0] = a.attnum                         AND pg_index.indisprimary = 't'                     ) AS pri,                     (SELECT pg_get_expr(adbin, adrelid)                      FROM pg_attrdef                      WHERE c.oid = pg_attrdef.adrelid                         AND pg_attrdef.adnum=a.attnum                     ) AS default,                     (SELECT pg_description.description                         FROM pg_description WHERE pg_description.objoid = c.oid AND a.attnum = pg_description.objsubid                     ) AS comment                     FROM pg_attribute a, pg_class c, pg_type t, pg_namespace n                     WHERE n.nspname NOT IN ('pg_catalog', 'information_schema', 'pg_toast') AND c.relname = 'migration_versions' AND n.nspname = ANY(string_to_array((select replace(replace(setting,'"$user"',user),' ','') from pg_catalog.pg_settings where name = 'search_path'),','))                         AND a.attnum > 0                         AND a.attrelid = c.oid                         AND a.atttypid = t.oid                         AND n.oid = c.relnamespace                     ORDER BY a.attnum [] []
[2019-02-18 16:23:18] doctrine.DEBUG: SELECT quote_ident(r.conname) as conname, pg_catalog.pg_get_constraintdef(r.oid, true) as condef                   FROM pg_catalog.pg_constraint r                   WHERE r.conrelid =                   (                       SELECT c.oid                       FROM pg_catalog.pg_class c, pg_catalog.pg_namespace n                       WHERE n.nspname NOT IN ('pg_catalog', 'information_schema', 'pg_toast') AND c.relname = 'migration_versions' AND n.nspname = ANY(string_to_array((select replace(replace(setting,'"$user"',user),' ','') from pg_catalog.pg_settings where name = 'search_path'),',')) AND n.oid = c.relnamespace                   )                   AND r.contype = 'f' [] []
[2019-02-18 16:23:18] doctrine.DEBUG: SELECT quote_ident(relname) as relname, pg_index.indisunique, pg_index.indisprimary,                        pg_index.indkey, pg_index.indrelid,                        pg_get_expr(indpred, indrelid) AS where                  FROM pg_class, pg_index                  WHERE oid IN (                     SELECT indexrelid                     FROM pg_index si, pg_class sc, pg_namespace sn                     WHERE sn.nspname NOT IN ('pg_catalog', 'information_schema', 'pg_toast') AND sc.relname = 'migration_versions' AND sn.nspname = ANY(string_to_array((select replace(replace(setting,'"$user"',user),' ','') from pg_catalog.pg_settings where name = 'search_path'),',')) AND sc.oid=si.indrelid AND sc.relnamespace = sn.oid                  ) AND pg_index.indexrelid = oid [] []
[2019-02-18 16:23:18] doctrine.DEBUG: SELECT attnum, attname FROM pg_attribute WHERE attrelid=228285 AND attnum IN (1) ORDER BY attnum ASC [] []
[2019-02-18 16:23:18] doctrine.DEBUG: SELECT                     a.attnum,                     quote_ident(a.attname) AS field,                     t.typname AS type,                     format_type(a.atttypid, a.atttypmod) AS complete_type, (SELECT tc.collcollate FROM pg_catalog.pg_collation tc WHERE tc.oid = a.attcollation) AS collation,                     (SELECT t1.typname FROM pg_catalog.pg_type t1 WHERE t1.oid = t.typbasetype) AS domain_type,                     (SELECT format_type(t2.typbasetype, t2.typtypmod) FROM                       pg_catalog.pg_type t2 WHERE t2.typtype = 'd' AND t2.oid = a.atttypid) AS domain_complete_type,                     a.attnotnull AS isnotnull,                     (SELECT 't'                      FROM pg_index                      WHERE c.oid = pg_index.indrelid                         AND pg_index.indkey[0] = a.attnum                         AND pg_index.indisprimary = 't'                     ) AS pri,                     (SELECT pg_get_expr(adbin, adrelid)                      FROM pg_attrdef                      WHERE c.oid = pg_attrdef.adrelid                         AND pg_attrdef.adnum=a.attnum                     ) AS default,                     (SELECT pg_description.description                         FROM pg_description WHERE pg_description.objoid = c.oid AND a.attnum = pg_description.objsubid                     ) AS comment                     FROM pg_attribute a, pg_class c, pg_type t, pg_namespace n                     WHERE n.nspname NOT IN ('pg_catalog', 'information_schema', 'pg_toast') AND c.relname = 'user' AND n.nspname = ANY(string_to_array((select replace(replace(setting,'"$user"',user),' ','') from pg_catalog.pg_settings where name = 'search_path'),','))                         AND a.attnum > 0                         AND a.attrelid = c.oid                         AND a.atttypid = t.oid                         AND n.oid = c.relnamespace                     ORDER BY a.attnum [] []
[2019-02-18 16:23:18] doctrine.DEBUG: SELECT quote_ident(r.conname) as conname, pg_catalog.pg_get_constraintdef(r.oid, true) as condef                   FROM pg_catalog.pg_constraint r                   WHERE r.conrelid =                   (                       SELECT c.oid                       FROM pg_catalog.pg_class c, pg_catalog.pg_namespace n                       WHERE n.nspname NOT IN ('pg_catalog', 'information_schema', 'pg_toast') AND c.relname = 'user' AND n.nspname = ANY(string_to_array((select replace(replace(setting,'"$user"',user),' ','') from pg_catalog.pg_settings where name = 'search_path'),',')) AND n.oid = c.relnamespace                   )                   AND r.contype = 'f' [] []
[2019-02-18 16:23:18] doctrine.DEBUG: SELECT quote_ident(relname) as relname, pg_index.indisunique, pg_index.indisprimary,                        pg_index.indkey, pg_index.indrelid,                        pg_get_expr(indpred, indrelid) AS where                  FROM pg_class, pg_index                  WHERE oid IN (                     SELECT indexrelid                     FROM pg_index si, pg_class sc, pg_namespace sn                     WHERE sn.nspname NOT IN ('pg_catalog', 'information_schema', 'pg_toast') AND sc.relname = 'user' AND sn.nspname = ANY(string_to_array((select replace(replace(setting,'"$user"',user),' ','') from pg_catalog.pg_settings where name = 'search_path'),',')) AND sc.oid=si.indrelid AND sc.relnamespace = sn.oid                  ) AND pg_index.indexrelid = oid [] []
[2019-02-18 16:23:18] doctrine.DEBUG: SELECT attnum, attname FROM pg_attribute WHERE attrelid=228292 AND attnum IN (1) ORDER BY attnum ASC [] []
[2019-02-18 16:23:18] doctrine.DEBUG: SHOW search_path [] []
[2019-02-18 16:23:18] doctrine.DEBUG: SHOW search_path [] []
[2019-02-18 16:25:25] doctrine.DEBUG: SELECT quote_ident(table_name) AS table_name,                        table_schema AS schema_name                 FROM   information_schema.tables                 WHERE  table_schema NOT LIKE 'pg\_%'                 AND    table_schema != 'information_schema'                 AND    table_name != 'geometry_columns'                 AND    table_name != 'spatial_ref_sys'                 AND    table_type != 'VIEW' [] []
[2019-02-18 16:25:25] doctrine.DEBUG: SELECT nspname FROM pg_namespace WHERE nspname !~ '^pg_.*' AND nspname != 'information_schema' [] []
[2019-02-18 16:25:25] doctrine.DEBUG: SHOW search_path [] []
[2019-02-18 16:25:25] doctrine.DEBUG: SELECT                     a.attnum,                     quote_ident(a.attname) AS field,                     t.typname AS type,                     format_type(a.atttypid, a.atttypmod) AS complete_type, (SELECT tc.collcollate FROM pg_catalog.pg_collation tc WHERE tc.oid = a.attcollation) AS collation,                     (SELECT t1.typname FROM pg_catalog.pg_type t1 WHERE t1.oid = t.typbasetype) AS domain_type,                     (SELECT format_type(t2.typbasetype, t2.typtypmod) FROM                       pg_catalog.pg_type t2 WHERE t2.typtype = 'd' AND t2.oid = a.atttypid) AS domain_complete_type,                     a.attnotnull AS isnotnull,                     (SELECT 't'                      FROM pg_index                      WHERE c.oid = pg_index.indrelid                         AND pg_index.indkey[0] = a.attnum                         AND pg_index.indisprimary = 't'                     ) AS pri,                     (SELECT pg_get_expr(adbin, adrelid)                      FROM pg_attrdef                      WHERE c.oid = pg_attrdef.adrelid                         AND pg_attrdef.adnum=a.attnum                     ) AS default,                     (SELECT pg_description.description                         FROM pg_description WHERE pg_description.objoid = c.oid AND a.attnum = pg_description.objsubid                     ) AS comment                     FROM pg_attribute a, pg_class c, pg_type t, pg_namespace n                     WHERE n.nspname NOT IN ('pg_catalog', 'information_schema', 'pg_toast') AND c.relname = 'migration_versions' AND n.nspname = ANY(string_to_array((select replace(replace(setting,'"$user"',user),' ','') from pg_catalog.pg_settings where name = 'search_path'),','))                         AND a.attnum > 0                         AND a.attrelid = c.oid                         AND a.atttypid = t.oid                         AND n.oid = c.relnamespace                     ORDER BY a.attnum [] []
[2019-02-18 16:25:25] doctrine.DEBUG: SELECT quote_ident(r.conname) as conname, pg_catalog.pg_get_constraintdef(r.oid, true) as condef                   FROM pg_catalog.pg_constraint r                   WHERE r.conrelid =                   (                       SELECT c.oid                       FROM pg_catalog.pg_class c, pg_catalog.pg_namespace n                       WHERE n.nspname NOT IN ('pg_catalog', 'information_schema', 'pg_toast') AND c.relname = 'migration_versions' AND n.nspname = ANY(string_to_array((select replace(replace(setting,'"$user"',user),' ','') from pg_catalog.pg_settings where name = 'search_path'),',')) AND n.oid = c.relnamespace                   )                   AND r.contype = 'f' [] []
[2019-02-18 16:25:25] doctrine.DEBUG: SELECT quote_ident(relname) as relname, pg_index.indisunique, pg_index.indisprimary,                        pg_index.indkey, pg_index.indrelid,                        pg_get_expr(indpred, indrelid) AS where                  FROM pg_class, pg_index                  WHERE oid IN (                     SELECT indexrelid                     FROM pg_index si, pg_class sc, pg_namespace sn                     WHERE sn.nspname NOT IN ('pg_catalog', 'information_schema', 'pg_toast') AND sc.relname = 'migration_versions' AND sn.nspname = ANY(string_to_array((select replace(replace(setting,'"$user"',user),' ','') from pg_catalog.pg_settings where name = 'search_path'),',')) AND sc.oid=si.indrelid AND sc.relnamespace = sn.oid                  ) AND pg_index.indexrelid = oid [] []
[2019-02-18 16:25:25] doctrine.DEBUG: SELECT attnum, attname FROM pg_attribute WHERE attrelid=228285 AND attnum IN (1) ORDER BY attnum ASC [] []
[2019-02-18 16:25:25] doctrine.DEBUG: SELECT schema_name AS nspname                 FROM   information_schema.schemata                 WHERE  schema_name NOT LIKE 'pg\_%'                 AND    schema_name != 'information_schema' [] []
[2019-02-18 16:25:25] doctrine.DEBUG: SELECT sequence_name AS relname,                        sequence_schema AS schemaname,                        minimum_value AS min_value,                         increment AS increment_by                 FROM   information_schema.sequences                 WHERE  sequence_catalog = 'evenannecy'                 AND    sequence_schema NOT LIKE 'pg\_%'                 AND    sequence_schema != 'information_schema' [] []
[2019-02-18 16:25:25] doctrine.DEBUG: SELECT quote_ident(table_name) AS table_name,                        table_schema AS schema_name                 FROM   information_schema.tables                 WHERE  table_schema NOT LIKE 'pg\_%'                 AND    table_schema != 'information_schema'                 AND    table_name != 'geometry_columns'                 AND    table_name != 'spatial_ref_sys'                 AND    table_type != 'VIEW' [] []
[2019-02-18 16:25:25] doctrine.DEBUG: SELECT                     a.attnum,                     quote_ident(a.attname) AS field,                     t.typname AS type,                     format_type(a.atttypid, a.atttypmod) AS complete_type, (SELECT tc.collcollate FROM pg_catalog.pg_collation tc WHERE tc.oid = a.attcollation) AS collation,                     (SELECT t1.typname FROM pg_catalog.pg_type t1 WHERE t1.oid = t.typbasetype) AS domain_type,                     (SELECT format_type(t2.typbasetype, t2.typtypmod) FROM                       pg_catalog.pg_type t2 WHERE t2.typtype = 'd' AND t2.oid = a.atttypid) AS domain_complete_type,                     a.attnotnull AS isnotnull,                     (SELECT 't'                      FROM pg_index                      WHERE c.oid = pg_index.indrelid                         AND pg_index.indkey[0] = a.attnum                         AND pg_index.indisprimary = 't'                     ) AS pri,                     (SELECT pg_get_expr(adbin, adrelid)                      FROM pg_attrdef                      WHERE c.oid = pg_attrdef.adrelid                         AND pg_attrdef.adnum=a.attnum                     ) AS default,                     (SELECT pg_description.description                         FROM pg_description WHERE pg_description.objoid = c.oid AND a.attnum = pg_description.objsubid                     ) AS comment                     FROM pg_attribute a, pg_class c, pg_type t, pg_namespace n                     WHERE n.nspname NOT IN ('pg_catalog', 'information_schema', 'pg_toast') AND c.relname = 'migration_versions' AND n.nspname = ANY(string_to_array((select replace(replace(setting,'"$user"',user),' ','') from pg_catalog.pg_settings where name = 'search_path'),','))                         AND a.attnum > 0                         AND a.attrelid = c.oid                         AND a.atttypid = t.oid                         AND n.oid = c.relnamespace                     ORDER BY a.attnum [] []
[2019-02-18 16:25:25] doctrine.DEBUG: SELECT quote_ident(r.conname) as conname, pg_catalog.pg_get_constraintdef(r.oid, true) as condef                   FROM pg_catalog.pg_constraint r                   WHERE r.conrelid =                   (                       SELECT c.oid                       FROM pg_catalog.pg_class c, pg_catalog.pg_namespace n                       WHERE n.nspname NOT IN ('pg_catalog', 'information_schema', 'pg_toast') AND c.relname = 'migration_versions' AND n.nspname = ANY(string_to_array((select replace(replace(setting,'"$user"',user),' ','') from pg_catalog.pg_settings where name = 'search_path'),',')) AND n.oid = c.relnamespace                   )                   AND r.contype = 'f' [] []
[2019-02-18 16:25:25] doctrine.DEBUG: SELECT quote_ident(relname) as relname, pg_index.indisunique, pg_index.indisprimary,                        pg_index.indkey, pg_index.indrelid,                        pg_get_expr(indpred, indrelid) AS where                  FROM pg_class, pg_index                  WHERE oid IN (                     SELECT indexrelid                     FROM pg_index si, pg_class sc, pg_namespace sn                     WHERE sn.nspname NOT IN ('pg_catalog', 'information_schema', 'pg_toast') AND sc.relname = 'migration_versions' AND sn.nspname = ANY(string_to_array((select replace(replace(setting,'"$user"',user),' ','') from pg_catalog.pg_settings where name = 'search_path'),',')) AND sc.oid=si.indrelid AND sc.relnamespace = sn.oid                  ) AND pg_index.indexrelid = oid [] []
[2019-02-18 16:25:25] doctrine.DEBUG: SELECT attnum, attname FROM pg_attribute WHERE attrelid=228285 AND attnum IN (1) ORDER BY attnum ASC [] []
[2019-02-18 16:25:25] doctrine.DEBUG: SELECT                     a.attnum,                     quote_ident(a.attname) AS field,                     t.typname AS type,                     format_type(a.atttypid, a.atttypmod) AS complete_type, (SELECT tc.collcollate FROM pg_catalog.pg_collation tc WHERE tc.oid = a.attcollation) AS collation,                     (SELECT t1.typname FROM pg_catalog.pg_type t1 WHERE t1.oid = t.typbasetype) AS domain_type,                     (SELECT format_type(t2.typbasetype, t2.typtypmod) FROM                       pg_catalog.pg_type t2 WHERE t2.typtype = 'd' AND t2.oid = a.atttypid) AS domain_complete_type,                     a.attnotnull AS isnotnull,                     (SELECT 't'                      FROM pg_index                      WHERE c.oid = pg_index.indrelid                         AND pg_index.indkey[0] = a.attnum                         AND pg_index.indisprimary = 't'                     ) AS pri,                     (SELECT pg_get_expr(adbin, adrelid)                      FROM pg_attrdef                      WHERE c.oid = pg_attrdef.adrelid                         AND pg_attrdef.adnum=a.attnum                     ) AS default,                     (SELECT pg_description.description                         FROM pg_description WHERE pg_description.objoid = c.oid AND a.attnum = pg_description.objsubid                     ) AS comment                     FROM pg_attribute a, pg_class c, pg_type t, pg_namespace n                     WHERE n.nspname NOT IN ('pg_catalog', 'information_schema', 'pg_toast') AND c.relname = 'user' AND n.nspname = ANY(string_to_array((select replace(replace(setting,'"$user"',user),' ','') from pg_catalog.pg_settings where name = 'search_path'),','))                         AND a.attnum > 0                         AND a.attrelid = c.oid                         AND a.atttypid = t.oid                         AND n.oid = c.relnamespace                     ORDER BY a.attnum [] []
[2019-02-18 16:25:25] doctrine.DEBUG: SELECT quote_ident(r.conname) as conname, pg_catalog.pg_get_constraintdef(r.oid, true) as condef                   FROM pg_catalog.pg_constraint r                   WHERE r.conrelid =                   (                       SELECT c.oid                       FROM pg_catalog.pg_class c, pg_catalog.pg_namespace n                       WHERE n.nspname NOT IN ('pg_catalog', 'information_schema', 'pg_toast') AND c.relname = 'user' AND n.nspname = ANY(string_to_array((select replace(replace(setting,'"$user"',user),' ','') from pg_catalog.pg_settings where name = 'search_path'),',')) AND n.oid = c.relnamespace                   )                   AND r.contype = 'f' [] []
[2019-02-18 16:25:25] doctrine.DEBUG: SELECT quote_ident(relname) as relname, pg_index.indisunique, pg_index.indisprimary,                        pg_index.indkey, pg_index.indrelid,                        pg_get_expr(indpred, indrelid) AS where                  FROM pg_class, pg_index                  WHERE oid IN (                     SELECT indexrelid                     FROM pg_index si, pg_class sc, pg_namespace sn                     WHERE sn.nspname NOT IN ('pg_catalog', 'information_schema', 'pg_toast') AND sc.relname = 'user' AND sn.nspname = ANY(string_to_array((select replace(replace(setting,'"$user"',user),' ','') from pg_catalog.pg_settings where name = 'search_path'),',')) AND sc.oid=si.indrelid AND sc.relnamespace = sn.oid                  ) AND pg_index.indexrelid = oid [] []
[2019-02-18 16:25:25] doctrine.DEBUG: SELECT attnum, attname FROM pg_attribute WHERE attrelid=228292 AND attnum IN (1) ORDER BY attnum ASC [] []
[2019-02-18 16:25:25] doctrine.DEBUG: SHOW search_path [] []
[2019-02-18 16:25:25] doctrine.DEBUG: SHOW search_path [] []
[2019-03-04 13:34:09] doctrine.DEBUG: SELECT schema_name AS nspname                 FROM   information_schema.schemata                 WHERE  schema_name NOT LIKE 'pg\_%'                 AND    schema_name != 'information_schema' [] []
[2019-03-04 13:34:09] doctrine.DEBUG: SELECT sequence_name AS relname,                        sequence_schema AS schemaname,                        minimum_value AS min_value,                         increment AS increment_by                 FROM   information_schema.sequences                 WHERE  sequence_catalog = 'evenannecy'                 AND    sequence_schema NOT LIKE 'pg\_%'                 AND    sequence_schema != 'information_schema' [] []
[2019-03-04 13:34:09] doctrine.DEBUG: SELECT quote_ident(table_name) AS table_name,                        table_schema AS schema_name                 FROM   information_schema.tables                 WHERE  table_schema NOT LIKE 'pg\_%'                 AND    table_schema != 'information_schema'                 AND    table_name != 'geometry_columns'                 AND    table_name != 'spatial_ref_sys'                 AND    table_type != 'VIEW' [] []
[2019-03-04 13:34:09] doctrine.DEBUG: SELECT nspname FROM pg_namespace WHERE nspname !~ '^pg_.*' AND nspname != 'information_schema' [] []
[2019-03-04 13:34:09] doctrine.DEBUG: SHOW search_path [] []
[2019-03-04 13:34:09] doctrine.DEBUG: SELECT                     a.attnum,                     quote_ident(a.attname) AS field,                     t.typname AS type,                     format_type(a.atttypid, a.atttypmod) AS complete_type, (SELECT tc.collcollate FROM pg_catalog.pg_collation tc WHERE tc.oid = a.attcollation) AS collation,                     (SELECT t1.typname FROM pg_catalog.pg_type t1 WHERE t1.oid = t.typbasetype) AS domain_type,                     (SELECT format_type(t2.typbasetype, t2.typtypmod) FROM                       pg_catalog.pg_type t2 WHERE t2.typtype = 'd' AND t2.oid = a.atttypid) AS domain_complete_type,                     a.attnotnull AS isnotnull,                     (SELECT 't'                      FROM pg_index                      WHERE c.oid = pg_index.indrelid                         AND pg_index.indkey[0] = a.attnum                         AND pg_index.indisprimary = 't'                     ) AS pri,                     (SELECT pg_get_expr(adbin, adrelid)                      FROM pg_attrdef                      WHERE c.oid = pg_attrdef.adrelid                         AND pg_attrdef.adnum=a.attnum                     ) AS default,                     (SELECT pg_description.description                         FROM pg_description WHERE pg_description.objoid = c.oid AND a.attnum = pg_description.objsubid                     ) AS comment                     FROM pg_attribute a, pg_class c, pg_type t, pg_namespace n                     WHERE n.nspname NOT IN ('pg_catalog', 'information_schema', 'pg_toast') AND c.relname = 'migration_versions' AND n.nspname = ANY(string_to_array((select replace(replace(setting,'"$user"',user),' ','') from pg_catalog.pg_settings where name = 'search_path'),','))                         AND a.attnum > 0                         AND a.attrelid = c.oid                         AND a.atttypid = t.oid                         AND n.oid = c.relnamespace                     ORDER BY a.attnum [] []
[2019-03-04 13:34:09] doctrine.DEBUG: SELECT quote_ident(r.conname) as conname, pg_catalog.pg_get_constraintdef(r.oid, true) as condef                   FROM pg_catalog.pg_constraint r                   WHERE r.conrelid =                   (                       SELECT c.oid                       FROM pg_catalog.pg_class c, pg_catalog.pg_namespace n                       WHERE n.nspname NOT IN ('pg_catalog', 'information_schema', 'pg_toast') AND c.relname = 'migration_versions' AND n.nspname = ANY(string_to_array((select replace(replace(setting,'"$user"',user),' ','') from pg_catalog.pg_settings where name = 'search_path'),',')) AND n.oid = c.relnamespace                   )                   AND r.contype = 'f' [] []
[2019-03-04 13:34:09] doctrine.DEBUG: SELECT quote_ident(relname) as relname, pg_index.indisunique, pg_index.indisprimary,                        pg_index.indkey, pg_index.indrelid,                        pg_get_expr(indpred, indrelid) AS where                  FROM pg_class, pg_index                  WHERE oid IN (                     SELECT indexrelid                     FROM pg_index si, pg_class sc, pg_namespace sn                     WHERE sn.nspname NOT IN ('pg_catalog', 'information_schema', 'pg_toast') AND sc.relname = 'migration_versions' AND sn.nspname = ANY(string_to_array((select replace(replace(setting,'"$user"',user),' ','') from pg_catalog.pg_settings where name = 'search_path'),',')) AND sc.oid=si.indrelid AND sc.relnamespace = sn.oid                  ) AND pg_index.indexrelid = oid [] []
[2019-03-04 13:34:09] doctrine.DEBUG: SELECT attnum, attname FROM pg_attribute WHERE attrelid=228285 AND attnum IN (1) ORDER BY attnum ASC [] []
[2019-03-04 13:34:09] doctrine.DEBUG: SELECT                     a.attnum,                     quote_ident(a.attname) AS field,                     t.typname AS type,                     format_type(a.atttypid, a.atttypmod) AS complete_type, (SELECT tc.collcollate FROM pg_catalog.pg_collation tc WHERE tc.oid = a.attcollation) AS collation,                     (SELECT t1.typname FROM pg_catalog.pg_type t1 WHERE t1.oid = t.typbasetype) AS domain_type,                     (SELECT format_type(t2.typbasetype, t2.typtypmod) FROM                       pg_catalog.pg_type t2 WHERE t2.typtype = 'd' AND t2.oid = a.atttypid) AS domain_complete_type,                     a.attnotnull AS isnotnull,                     (SELECT 't'                      FROM pg_index                      WHERE c.oid = pg_index.indrelid                         AND pg_index.indkey[0] = a.attnum                         AND pg_index.indisprimary = 't'                     ) AS pri,                     (SELECT pg_get_expr(adbin, adrelid)                      FROM pg_attrdef                      WHERE c.oid = pg_attrdef.adrelid                         AND pg_attrdef.adnum=a.attnum                     ) AS default,                     (SELECT pg_description.description                         FROM pg_description WHERE pg_description.objoid = c.oid AND a.attnum = pg_description.objsubid                     ) AS comment                     FROM pg_attribute a, pg_class c, pg_type t, pg_namespace n                     WHERE n.nspname NOT IN ('pg_catalog', 'information_schema', 'pg_toast') AND c.relname = 'user' AND n.nspname = ANY(string_to_array((select replace(replace(setting,'"$user"',user),' ','') from pg_catalog.pg_settings where name = 'search_path'),','))                         AND a.attnum > 0                         AND a.attrelid = c.oid                         AND a.atttypid = t.oid                         AND n.oid = c.relnamespace                     ORDER BY a.attnum [] []
[2019-03-04 13:34:09] doctrine.DEBUG: SELECT quote_ident(r.conname) as conname, pg_catalog.pg_get_constraintdef(r.oid, true) as condef                   FROM pg_catalog.pg_constraint r                   WHERE r.conrelid =                   (                       SELECT c.oid                       FROM pg_catalog.pg_class c, pg_catalog.pg_namespace n                       WHERE n.nspname NOT IN ('pg_catalog', 'information_schema', 'pg_toast') AND c.relname = 'user' AND n.nspname = ANY(string_to_array((select replace(replace(setting,'"$user"',user),' ','') from pg_catalog.pg_settings where name = 'search_path'),',')) AND n.oid = c.relnamespace                   )                   AND r.contype = 'f' [] []
[2019-03-04 13:34:09] doctrine.DEBUG: SELECT quote_ident(relname) as relname, pg_index.indisunique, pg_index.indisprimary,                        pg_index.indkey, pg_index.indrelid,                        pg_get_expr(indpred, indrelid) AS where                  FROM pg_class, pg_index                  WHERE oid IN (                     SELECT indexrelid                     FROM pg_index si, pg_class sc, pg_namespace sn                     WHERE sn.nspname NOT IN ('pg_catalog', 'information_schema', 'pg_toast') AND sc.relname = 'user' AND sn.nspname = ANY(string_to_array((select replace(replace(setting,'"$user"',user),' ','') from pg_catalog.pg_settings where name = 'search_path'),',')) AND sc.oid=si.indrelid AND sc.relnamespace = sn.oid                  ) AND pg_index.indexrelid = oid [] []
[2019-03-04 13:34:09] doctrine.DEBUG: SELECT attnum, attname FROM pg_attribute WHERE attrelid=228292 AND attnum IN (1) ORDER BY attnum ASC [] []
[2019-03-04 13:34:09] doctrine.DEBUG: SELECT                     a.attnum,                     quote_ident(a.attname) AS field,                     t.typname AS type,                     format_type(a.atttypid, a.atttypmod) AS complete_type, (SELECT tc.collcollate FROM pg_catalog.pg_collation tc WHERE tc.oid = a.attcollation) AS collation,                     (SELECT t1.typname FROM pg_catalog.pg_type t1 WHERE t1.oid = t.typbasetype) AS domain_type,                     (SELECT format_type(t2.typbasetype, t2.typtypmod) FROM                       pg_catalog.pg_type t2 WHERE t2.typtype = 'd' AND t2.oid = a.atttypid) AS domain_complete_type,                     a.attnotnull AS isnotnull,                     (SELECT 't'                      FROM pg_index                      WHERE c.oid = pg_index.indrelid                         AND pg_index.indkey[0] = a.attnum                         AND pg_index.indisprimary = 't'                     ) AS pri,                     (SELECT pg_get_expr(adbin, adrelid)                      FROM pg_attrdef                      WHERE c.oid = pg_attrdef.adrelid                         AND pg_attrdef.adnum=a.attnum                     ) AS default,                     (SELECT pg_description.description                         FROM pg_description WHERE pg_description.objoid = c.oid AND a.attnum = pg_description.objsubid                     ) AS comment                     FROM pg_attribute a, pg_class c, pg_type t, pg_namespace n                     WHERE n.nspname NOT IN ('pg_catalog', 'information_schema', 'pg_toast') AND c.relname = 'association' AND n.nspname = ANY(string_to_array((select replace(replace(setting,'"$user"',user),' ','') from pg_catalog.pg_settings where name = 'search_path'),','))                         AND a.attnum > 0                         AND a.attrelid = c.oid                         AND a.atttypid = t.oid                         AND n.oid = c.relnamespace                     ORDER BY a.attnum [] []
[2019-03-04 13:34:09] doctrine.DEBUG: SELECT quote_ident(r.conname) as conname, pg_catalog.pg_get_constraintdef(r.oid, true) as condef                   FROM pg_catalog.pg_constraint r                   WHERE r.conrelid =                   (                       SELECT c.oid                       FROM pg_catalog.pg_class c, pg_catalog.pg_namespace n                       WHERE n.nspname NOT IN ('pg_catalog', 'information_schema', 'pg_toast') AND c.relname = 'association' AND n.nspname = ANY(string_to_array((select replace(replace(setting,'"$user"',user),' ','') from pg_catalog.pg_settings where name = 'search_path'),',')) AND n.oid = c.relnamespace                   )                   AND r.contype = 'f' [] []
[2019-03-04 13:34:09] doctrine.DEBUG: SELECT quote_ident(relname) as relname, pg_index.indisunique, pg_index.indisprimary,                        pg_index.indkey, pg_index.indrelid,                        pg_get_expr(indpred, indrelid) AS where                  FROM pg_class, pg_index                  WHERE oid IN (                     SELECT indexrelid                     FROM pg_index si, pg_class sc, pg_namespace sn                     WHERE sn.nspname NOT IN ('pg_catalog', 'information_schema', 'pg_toast') AND sc.relname = 'association' AND sn.nspname = ANY(string_to_array((select replace(replace(setting,'"$user"',user),' ','') from pg_catalog.pg_settings where name = 'search_path'),',')) AND sc.oid=si.indrelid AND sc.relnamespace = sn.oid                  ) AND pg_index.indexrelid = oid [] []
[2019-03-04 13:34:09] doctrine.DEBUG: SELECT attnum, attname FROM pg_attribute WHERE attrelid=228301 AND attnum IN (1) ORDER BY attnum ASC [] []
[2019-03-04 13:34:09] doctrine.DEBUG: SELECT                     a.attnum,                     quote_ident(a.attname) AS field,                     t.typname AS type,                     format_type(a.atttypid, a.atttypmod) AS complete_type, (SELECT tc.collcollate FROM pg_catalog.pg_collation tc WHERE tc.oid = a.attcollation) AS collation,                     (SELECT t1.typname FROM pg_catalog.pg_type t1 WHERE t1.oid = t.typbasetype) AS domain_type,                     (SELECT format_type(t2.typbasetype, t2.typtypmod) FROM                       pg_catalog.pg_type t2 WHERE t2.typtype = 'd' AND t2.oid = a.atttypid) AS domain_complete_type,                     a.attnotnull AS isnotnull,                     (SELECT 't'                      FROM pg_index                      WHERE c.oid = pg_index.indrelid                         AND pg_index.indkey[0] = a.attnum                         AND pg_index.indisprimary = 't'                     ) AS pri,                     (SELECT pg_get_expr(adbin, adrelid)                      FROM pg_attrdef                      WHERE c.oid = pg_attrdef.adrelid                         AND pg_attrdef.adnum=a.attnum                     ) AS default,                     (SELECT pg_description.description                         FROM pg_description WHERE pg_description.objoid = c.oid AND a.attnum = pg_description.objsubid                     ) AS comment                     FROM pg_attribute a, pg_class c, pg_type t, pg_namespace n                     WHERE n.nspname NOT IN ('pg_catalog', 'information_schema', 'pg_toast') AND c.relname = 'particulier' AND n.nspname = ANY(string_to_array((select replace(replace(setting,'"$user"',user),' ','') from pg_catalog.pg_settings where name = 'search_path'),','))                         AND a.attnum > 0                         AND a.attrelid = c.oid                         AND a.atttypid = t.oid                         AND n.oid = c.relnamespace                     ORDER BY a.attnum [] []
[2019-03-04 13:34:09] doctrine.DEBUG: SELECT quote_ident(r.conname) as conname, pg_catalog.pg_get_constraintdef(r.oid, true) as condef                   FROM pg_catalog.pg_constraint r                   WHERE r.conrelid =                   (                       SELECT c.oid                       FROM pg_catalog.pg_class c, pg_catalog.pg_namespace n                       WHERE n.nspname NOT IN ('pg_catalog', 'information_schema', 'pg_toast') AND c.relname = 'particulier' AND n.nspname = ANY(string_to_array((select replace(replace(setting,'"$user"',user),' ','') from pg_catalog.pg_settings where name = 'search_path'),',')) AND n.oid = c.relnamespace                   )                   AND r.contype = 'f' [] []
[2019-03-04 13:34:09] doctrine.DEBUG: SELECT quote_ident(relname) as relname, pg_index.indisunique, pg_index.indisprimary,                        pg_index.indkey, pg_index.indrelid,                        pg_get_expr(indpred, indrelid) AS where                  FROM pg_class, pg_index                  WHERE oid IN (                     SELECT indexrelid                     FROM pg_index si, pg_class sc, pg_namespace sn                     WHERE sn.nspname NOT IN ('pg_catalog', 'information_schema', 'pg_toast') AND sc.relname = 'particulier' AND sn.nspname = ANY(string_to_array((select replace(replace(setting,'"$user"',user),' ','') from pg_catalog.pg_settings where name = 'search_path'),',')) AND sc.oid=si.indrelid AND sc.relnamespace = sn.oid                  ) AND pg_index.indexrelid = oid [] []
[2019-03-04 13:34:09] doctrine.DEBUG: SELECT attnum, attname FROM pg_attribute WHERE attrelid=228306 AND attnum IN (1) ORDER BY attnum ASC [] []
[2019-03-04 13:34:09] doctrine.DEBUG: SHOW search_path [] []
[2019-03-04 13:34:09] doctrine.DEBUG: SHOW search_path [] []
[2019-03-04 13:34:09] doctrine.DEBUG: SELECT schema_name AS nspname                 FROM   information_schema.schemata                 WHERE  schema_name NOT LIKE 'pg\_%'                 AND    schema_name != 'information_schema' [] []
[2019-03-04 13:34:09] doctrine.DEBUG: SELECT sequence_name AS relname,                        sequence_schema AS schemaname,                        minimum_value AS min_value,                         increment AS increment_by                 FROM   information_schema.sequences                 WHERE  sequence_catalog = 'evenannecy'                 AND    sequence_schema NOT LIKE 'pg\_%'                 AND    sequence_schema != 'information_schema' [] []
[2019-03-04 13:34:09] doctrine.DEBUG: SELECT quote_ident(table_name) AS table_name,                        table_schema AS schema_name                 FROM   information_schema.tables                 WHERE  table_schema NOT LIKE 'pg\_%'                 AND    table_schema != 'information_schema'                 AND    table_name != 'geometry_columns'                 AND    table_name != 'spatial_ref_sys'                 AND    table_type != 'VIEW' [] []
[2019-03-04 13:34:09] doctrine.DEBUG: SELECT                     a.attnum,                     quote_ident(a.attname) AS field,                     t.typname AS type,                     format_type(a.atttypid, a.atttypmod) AS complete_type, (SELECT tc.collcollate FROM pg_catalog.pg_collation tc WHERE tc.oid = a.attcollation) AS collation,                     (SELECT t1.typname FROM pg_catalog.pg_type t1 WHERE t1.oid = t.typbasetype) AS domain_type,                     (SELECT format_type(t2.typbasetype, t2.typtypmod) FROM                       pg_catalog.pg_type t2 WHERE t2.typtype = 'd' AND t2.oid = a.atttypid) AS domain_complete_type,                     a.attnotnull AS isnotnull,                     (SELECT 't'                      FROM pg_index                      WHERE c.oid = pg_index.indrelid                         AND pg_index.indkey[0] = a.attnum                         AND pg_index.indisprimary = 't'                     ) AS pri,                     (SELECT pg_get_expr(adbin, adrelid)                      FROM pg_attrdef                      WHERE c.oid = pg_attrdef.adrelid                         AND pg_attrdef.adnum=a.attnum                     ) AS default,                     (SELECT pg_description.description                         FROM pg_description WHERE pg_description.objoid = c.oid AND a.attnum = pg_description.objsubid                     ) AS comment                     FROM pg_attribute a, pg_class c, pg_type t, pg_namespace n                     WHERE n.nspname NOT IN ('pg_catalog', 'information_schema', 'pg_toast') AND c.relname = 'migration_versions' AND n.nspname = ANY(string_to_array((select replace(replace(setting,'"$user"',user),' ','') from pg_catalog.pg_settings where name = 'search_path'),','))                         AND a.attnum > 0                         AND a.attrelid = c.oid                         AND a.atttypid = t.oid                         AND n.oid = c.relnamespace                     ORDER BY a.attnum [] []
[2019-03-04 13:34:09] doctrine.DEBUG: SELECT quote_ident(r.conname) as conname, pg_catalog.pg_get_constraintdef(r.oid, true) as condef                   FROM pg_catalog.pg_constraint r                   WHERE r.conrelid =                   (                       SELECT c.oid                       FROM pg_catalog.pg_class c, pg_catalog.pg_namespace n                       WHERE n.nspname NOT IN ('pg_catalog', 'information_schema', 'pg_toast') AND c.relname = 'migration_versions' AND n.nspname = ANY(string_to_array((select replace(replace(setting,'"$user"',user),' ','') from pg_catalog.pg_settings where name = 'search_path'),',')) AND n.oid = c.relnamespace                   )                   AND r.contype = 'f' [] []
[2019-03-04 13:34:09] doctrine.DEBUG: SELECT quote_ident(relname) as relname, pg_index.indisunique, pg_index.indisprimary,                        pg_index.indkey, pg_index.indrelid,                        pg_get_expr(indpred, indrelid) AS where                  FROM pg_class, pg_index                  WHERE oid IN (                     SELECT indexrelid                     FROM pg_index si, pg_class sc, pg_namespace sn                     WHERE sn.nspname NOT IN ('pg_catalog', 'information_schema', 'pg_toast') AND sc.relname = 'migration_versions' AND sn.nspname = ANY(string_to_array((select replace(replace(setting,'"$user"',user),' ','') from pg_catalog.pg_settings where name = 'search_path'),',')) AND sc.oid=si.indrelid AND sc.relnamespace = sn.oid                  ) AND pg_index.indexrelid = oid [] []
[2019-03-04 13:34:09] doctrine.DEBUG: SELECT attnum, attname FROM pg_attribute WHERE attrelid=228285 AND attnum IN (1) ORDER BY attnum ASC [] []
[2019-03-04 13:34:09] doctrine.DEBUG: SELECT                     a.attnum,                     quote_ident(a.attname) AS field,                     t.typname AS type,                     format_type(a.atttypid, a.atttypmod) AS complete_type, (SELECT tc.collcollate FROM pg_catalog.pg_collation tc WHERE tc.oid = a.attcollation) AS collation,                     (SELECT t1.typname FROM pg_catalog.pg_type t1 WHERE t1.oid = t.typbasetype) AS domain_type,                     (SELECT format_type(t2.typbasetype, t2.typtypmod) FROM                       pg_catalog.pg_type t2 WHERE t2.typtype = 'd' AND t2.oid = a.atttypid) AS domain_complete_type,                     a.attnotnull AS isnotnull,                     (SELECT 't'                      FROM pg_index                      WHERE c.oid = pg_index.indrelid                         AND pg_index.indkey[0] = a.attnum                         AND pg_index.indisprimary = 't'                     ) AS pri,                     (SELECT pg_get_expr(adbin, adrelid)                      FROM pg_attrdef                      WHERE c.oid = pg_attrdef.adrelid                         AND pg_attrdef.adnum=a.attnum                     ) AS default,                     (SELECT pg_description.description                         FROM pg_description WHERE pg_description.objoid = c.oid AND a.attnum = pg_description.objsubid                     ) AS comment                     FROM pg_attribute a, pg_class c, pg_type t, pg_namespace n                     WHERE n.nspname NOT IN ('pg_catalog', 'information_schema', 'pg_toast') AND c.relname = 'user' AND n.nspname = ANY(string_to_array((select replace(replace(setting,'"$user"',user),' ','') from pg_catalog.pg_settings where name = 'search_path'),','))                         AND a.attnum > 0                         AND a.attrelid = c.oid                         AND a.atttypid = t.oid                         AND n.oid = c.relnamespace                     ORDER BY a.attnum [] []
[2019-03-04 13:34:09] doctrine.DEBUG: SELECT quote_ident(r.conname) as conname, pg_catalog.pg_get_constraintdef(r.oid, true) as condef                   FROM pg_catalog.pg_constraint r                   WHERE r.conrelid =                   (                       SELECT c.oid                       FROM pg_catalog.pg_class c, pg_catalog.pg_namespace n                       WHERE n.nspname NOT IN ('pg_catalog', 'information_schema', 'pg_toast') AND c.relname = 'user' AND n.nspname = ANY(string_to_array((select replace(replace(setting,'"$user"',user),' ','') from pg_catalog.pg_settings where name = 'search_path'),',')) AND n.oid = c.relnamespace                   )                   AND r.contype = 'f' [] []
[2019-03-04 13:34:09] doctrine.DEBUG: SELECT quote_ident(relname) as relname, pg_index.indisunique, pg_index.indisprimary,                        pg_index.indkey, pg_index.indrelid,                        pg_get_expr(indpred, indrelid) AS where                  FROM pg_class, pg_index                  WHERE oid IN (                     SELECT indexrelid                     FROM pg_index si, pg_class sc, pg_namespace sn                     WHERE sn.nspname NOT IN ('pg_catalog', 'information_schema', 'pg_toast') AND sc.relname = 'user' AND sn.nspname = ANY(string_to_array((select replace(replace(setting,'"$user"',user),' ','') from pg_catalog.pg_settings where name = 'search_path'),',')) AND sc.oid=si.indrelid AND sc.relnamespace = sn.oid                  ) AND pg_index.indexrelid = oid [] []
[2019-03-04 13:34:09] doctrine.DEBUG: SELECT attnum, attname FROM pg_attribute WHERE attrelid=228292 AND attnum IN (1) ORDER BY attnum ASC [] []
[2019-03-04 13:34:09] doctrine.DEBUG: SELECT                     a.attnum,                     quote_ident(a.attname) AS field,                     t.typname AS type,                     format_type(a.atttypid, a.atttypmod) AS complete_type, (SELECT tc.collcollate FROM pg_catalog.pg_collation tc WHERE tc.oid = a.attcollation) AS collation,                     (SELECT t1.typname FROM pg_catalog.pg_type t1 WHERE t1.oid = t.typbasetype) AS domain_type,                     (SELECT format_type(t2.typbasetype, t2.typtypmod) FROM                       pg_catalog.pg_type t2 WHERE t2.typtype = 'd' AND t2.oid = a.atttypid) AS domain_complete_type,                     a.attnotnull AS isnotnull,                     (SELECT 't'                      FROM pg_index                      WHERE c.oid = pg_index.indrelid                         AND pg_index.indkey[0] = a.attnum                         AND pg_index.indisprimary = 't'                     ) AS pri,                     (SELECT pg_get_expr(adbin, adrelid)                      FROM pg_attrdef                      WHERE c.oid = pg_attrdef.adrelid                         AND pg_attrdef.adnum=a.attnum                     ) AS default,                     (SELECT pg_description.description                         FROM pg_description WHERE pg_description.objoid = c.oid AND a.attnum = pg_description.objsubid                     ) AS comment                     FROM pg_attribute a, pg_class c, pg_type t, pg_namespace n                     WHERE n.nspname NOT IN ('pg_catalog', 'information_schema', 'pg_toast') AND c.relname = 'association' AND n.nspname = ANY(string_to_array((select replace(replace(setting,'"$user"',user),' ','') from pg_catalog.pg_settings where name = 'search_path'),','))                         AND a.attnum > 0                         AND a.attrelid = c.oid                         AND a.atttypid = t.oid                         AND n.oid = c.relnamespace                     ORDER BY a.attnum [] []
[2019-03-04 13:34:09] doctrine.DEBUG: SELECT quote_ident(r.conname) as conname, pg_catalog.pg_get_constraintdef(r.oid, true) as condef                   FROM pg_catalog.pg_constraint r                   WHERE r.conrelid =                   (                       SELECT c.oid                       FROM pg_catalog.pg_class c, pg_catalog.pg_namespace n                       WHERE n.nspname NOT IN ('pg_catalog', 'information_schema', 'pg_toast') AND c.relname = 'association' AND n.nspname = ANY(string_to_array((select replace(replace(setting,'"$user"',user),' ','') from pg_catalog.pg_settings where name = 'search_path'),',')) AND n.oid = c.relnamespace                   )                   AND r.contype = 'f' [] []
[2019-03-04 13:34:09] doctrine.DEBUG: SELECT quote_ident(relname) as relname, pg_index.indisunique, pg_index.indisprimary,                        pg_index.indkey, pg_index.indrelid,                        pg_get_expr(indpred, indrelid) AS where                  FROM pg_class, pg_index                  WHERE oid IN (                     SELECT indexrelid                     FROM pg_index si, pg_class sc, pg_namespace sn                     WHERE sn.nspname NOT IN ('pg_catalog', 'information_schema', 'pg_toast') AND sc.relname = 'association' AND sn.nspname = ANY(string_to_array((select replace(replace(setting,'"$user"',user),' ','') from pg_catalog.pg_settings where name = 'search_path'),',')) AND sc.oid=si.indrelid AND sc.relnamespace = sn.oid                  ) AND pg_index.indexrelid = oid [] []
[2019-03-04 13:34:09] doctrine.DEBUG: SELECT attnum, attname FROM pg_attribute WHERE attrelid=228301 AND attnum IN (1) ORDER BY attnum ASC [] []
[2019-03-04 13:34:09] doctrine.DEBUG: SELECT                     a.attnum,                     quote_ident(a.attname) AS field,                     t.typname AS type,                     format_type(a.atttypid, a.atttypmod) AS complete_type, (SELECT tc.collcollate FROM pg_catalog.pg_collation tc WHERE tc.oid = a.attcollation) AS collation,                     (SELECT t1.typname FROM pg_catalog.pg_type t1 WHERE t1.oid = t.typbasetype) AS domain_type,                     (SELECT format_type(t2.typbasetype, t2.typtypmod) FROM                       pg_catalog.pg_type t2 WHERE t2.typtype = 'd' AND t2.oid = a.atttypid) AS domain_complete_type,                     a.attnotnull AS isnotnull,                     (SELECT 't'                      FROM pg_index                      WHERE c.oid = pg_index.indrelid                         AND pg_index.indkey[0] = a.attnum                         AND pg_index.indisprimary = 't'                     ) AS pri,                     (SELECT pg_get_expr(adbin, adrelid)                      FROM pg_attrdef                      WHERE c.oid = pg_attrdef.adrelid                         AND pg_attrdef.adnum=a.attnum                     ) AS default,                     (SELECT pg_description.description                         FROM pg_description WHERE pg_description.objoid = c.oid AND a.attnum = pg_description.objsubid                     ) AS comment                     FROM pg_attribute a, pg_class c, pg_type t, pg_namespace n                     WHERE n.nspname NOT IN ('pg_catalog', 'information_schema', 'pg_toast') AND c.relname = 'particulier' AND n.nspname = ANY(string_to_array((select replace(replace(setting,'"$user"',user),' ','') from pg_catalog.pg_settings where name = 'search_path'),','))                         AND a.attnum > 0                         AND a.attrelid = c.oid                         AND a.atttypid = t.oid                         AND n.oid = c.relnamespace                     ORDER BY a.attnum [] []
[2019-03-04 13:34:09] doctrine.DEBUG: SELECT quote_ident(r.conname) as conname, pg_catalog.pg_get_constraintdef(r.oid, true) as condef                   FROM pg_catalog.pg_constraint r                   WHERE r.conrelid =                   (                       SELECT c.oid                       FROM pg_catalog.pg_class c, pg_catalog.pg_namespace n                       WHERE n.nspname NOT IN ('pg_catalog', 'information_schema', 'pg_toast') AND c.relname = 'particulier' AND n.nspname = ANY(string_to_array((select replace(replace(setting,'"$user"',user),' ','') from pg_catalog.pg_settings where name = 'search_path'),',')) AND n.oid = c.relnamespace                   )                   AND r.contype = 'f' [] []
[2019-03-04 13:34:09] doctrine.DEBUG: SELECT quote_ident(relname) as relname, pg_index.indisunique, pg_index.indisprimary,                        pg_index.indkey, pg_index.indrelid,                        pg_get_expr(indpred, indrelid) AS where                  FROM pg_class, pg_index                  WHERE oid IN (                     SELECT indexrelid                     FROM pg_index si, pg_class sc, pg_namespace sn                     WHERE sn.nspname NOT IN ('pg_catalog', 'information_schema', 'pg_toast') AND sc.relname = 'particulier' AND sn.nspname = ANY(string_to_array((select replace(replace(setting,'"$user"',user),' ','') from pg_catalog.pg_settings where name = 'search_path'),',')) AND sc.oid=si.indrelid AND sc.relnamespace = sn.oid                  ) AND pg_index.indexrelid = oid [] []
[2019-03-04 13:34:09] doctrine.DEBUG: SELECT attnum, attname FROM pg_attribute WHERE attrelid=228306 AND attnum IN (1) ORDER BY attnum ASC [] []
[2019-03-04 13:34:09] doctrine.DEBUG: SHOW search_path [] []
[2019-03-04 13:34:09] doctrine.DEBUG: SHOW search_path [] []
[2019-03-04 13:34:09] doctrine.DEBUG: CREATE SEQUENCE salle_id_seq INCREMENT BY 1 MINVALUE 1 START 1 [] []
[2019-03-04 13:34:09] doctrine.DEBUG: CREATE TABLE salle (id INT NOT NULL, nom_salle VARCHAR(80) NOT NULL, capacite_salle INT NOT NULL, PRIMARY KEY(id)) [] []
[2019-03-04 16:13:44] php.DEBUG: Warning: filemtime(): stat failed for /home/khaits/public_html/evenannecy/config/routes/annotations.yaml {"exception":"[object] (Symfony\\Component\\Debug\\Exception\\SilencedErrorContext: {\"severity\":2,\"file\":\"C:\\\\wamp64\\\\www\\\\evenannecy\\\\vendor\\\\symfony\\\\config\\\\Resource\\\\FileResource.php\",\"line\":63,\"trace\":[{\"file\":\"C:\\\\wamp64\\\\www\\\\evenannecy\\\\vendor\\\\symfony\\\\config\\\\Resource\\\\SelfCheckingResourceChecker.php\",\"line\":34,\"function\":\"isFresh\",\"class\":\"Symfony\\\\Component\\\\Config\\\\Resource\\\\FileResource\",\"type\":\"->\"}],\"count\":1})"} []
[2019-03-04 16:13:45] request.ERROR: Uncaught PHP Exception Symfony\Component\HttpKernel\Exception\NotFoundHttpException: "No route found for "GET /"" at C:\wamp64\www\evenannecy\vendor\symfony\http-kernel\EventListener\RouterListener.php line 139 {"exception":"[object] (Symfony\\Component\\HttpKernel\\Exception\\NotFoundHttpException(code: 0): No route found for \"GET /\" at C:\\wamp64\\www\\evenannecy\\vendor\\symfony\\http-kernel\\EventListener\\RouterListener.php:139, Symfony\\Component\\Routing\\Exception\\NoConfigurationException(code: 0):  at C:\\wamp64\\www\\evenannecy\\vendor\\symfony\\routing\\Matcher\\Dumper\\PhpMatcherTrait.php:172)"} []
[2019-03-04 16:22:55] request.ERROR: Uncaught PHP Exception Symfony\Component\HttpKernel\Exception\NotFoundHttpException: "No route found for "GET /"" at C:\wamp64\www\evenannecy\vendor\symfony\http-kernel\EventListener\RouterListener.php line 139 {"exception":"[object] (Symfony\\Component\\HttpKernel\\Exception\\NotFoundHttpException(code: 0): No route found for \"GET /\" at C:\\wamp64\\www\\evenannecy\\vendor\\symfony\\http-kernel\\EventListener\\RouterListener.php:139, Symfony\\Component\\Routing\\Exception\\NoConfigurationException(code: 0):  at C:\\wamp64\\www\\evenannecy\\vendor\\symfony\\routing\\Matcher\\Dumper\\PhpMatcherTrait.php:172)"} []
[2019-03-04 16:27:05] request.ERROR: Uncaught PHP Exception Symfony\Component\HttpKernel\Exception\NotFoundHttpException: "No route found for "GET /"" at C:\wamp64\www\evenannecy\vendor\symfony\http-kernel\EventListener\RouterListener.php line 139 {"exception":"[object] (Symfony\\Component\\HttpKernel\\Exception\\NotFoundHttpException(code: 0): No route found for \"GET /\" at C:\\wamp64\\www\\evenannecy\\vendor\\symfony\\http-kernel\\EventListener\\RouterListener.php:139, Symfony\\Component\\Routing\\Exception\\NoConfigurationException(code: 0):  at C:\\wamp64\\www\\evenannecy\\vendor\\symfony\\routing\\Matcher\\Dumper\\PhpMatcherTrait.php:172)"} []
[2019-03-04 16:32:33] request.ERROR: Uncaught PHP Exception Symfony\Component\HttpKernel\Exception\NotFoundHttpException: "No route found for "GET /"" at C:\wamp64\www\evenannecy\vendor\symfony\http-kernel\EventListener\RouterListener.php line 139 {"exception":"[object] (Symfony\\Component\\HttpKernel\\Exception\\NotFoundHttpException(code: 0): No route found for \"GET /\" at C:\\wamp64\\www\\evenannecy\\vendor\\symfony\\http-kernel\\EventListener\\RouterListener.php:139, Symfony\\Component\\Routing\\Exception\\NoConfigurationException(code: 0):  at C:\\wamp64\\www\\evenannecy\\vendor\\symfony\\routing\\Matcher\\Dumper\\PhpMatcherTrait.php:172)"} []
[2019-03-04 16:37:38] request.INFO: Matched route "test". {"route":"test","route_parameters":{"_route":"test","_controller":"App\\Controller\\TestController"},"request_uri":"http://evenannecy/test","method":"GET"} []
[2019-03-04 16:37:39] security.INFO: Populated the TokenStorage with an anonymous Token. [] []
[2019-03-04 16:37:39] request.CRITICAL: Uncaught PHP Exception InvalidArgumentException: "The controller for URI "/test" is not callable. Controller class "App\Controller\TestController" cannot be called without a method name. You need to implement "__invoke" or use one of the available methods: "index", "setContainer", "getSubscribedServices"." at C:\wamp64\www\evenannecy\vendor\symfony\http-kernel\Controller\ControllerResolver.php line 88 {"exception":"[object] (InvalidArgumentException(code: 0): The controller for URI \"/test\" is not callable. Controller class \"App\\Controller\\TestController\" cannot be called without a method name. You need to implement \"__invoke\" or use one of the available methods: \"index\", \"setContainer\", \"getSubscribedServices\". at C:\\wamp64\\www\\evenannecy\\vendor\\symfony\\http-kernel\\Controller\\ControllerResolver.php:88)"} []
[2019-03-04 16:37:40] request.INFO: Matched route "_wdt". {"route":"_wdt","route_parameters":{"_route":"_wdt","_controller":"web_profiler.controller.profiler::toolbarAction","token":"5b7c88"},"request_uri":"http://evenannecy/_wdt/5b7c88","method":"GET"} []
[2019-03-04 16:37:55] request.INFO: Matched route "test". {"route":"test","route_parameters":{"_route":"test","_controller":"App\\Controller\\TestController::index"},"request_uri":"http://evenannecy/test","method":"GET"} []
[2019-03-04 16:37:55] security.INFO: Populated the TokenStorage with an anonymous Token. [] []
[2019-03-04 16:37:55] request.INFO: Matched route "_wdt". {"route":"_wdt","route_parameters":{"_route":"_wdt","_controller":"web_profiler.controller.profiler::toolbarAction","token":"ec56e1"},"request_uri":"http://evenannecy/_wdt/ec56e1","method":"GET"} []
[2019-03-04 16:39:18] request.INFO: Matched route "test". {"route":"test","route_parameters":{"_route":"test","_controller":"App\\Controller\\TestController::index"},"request_uri":"http://evenannecy/test","method":"GET"} []
[2019-03-04 16:39:18] security.INFO: Populated the TokenStorage with an anonymous Token. [] []
[2019-03-04 16:39:19] request.INFO: Matched route "_wdt". {"route":"_wdt","route_parameters":{"_route":"_wdt","_controller":"web_profiler.controller.profiler::toolbarAction","token":"a2c20e"},"request_uri":"http://evenannecy/_wdt/a2c20e","method":"GET"} []
[2019-03-04 16:41:32] request.INFO: Matched route "test". {"route":"test","route_parameters":{"_route":"test","_controller":"App\\Controller\\TestController::index"},"request_uri":"http://evenannecy/test","method":"GET"} []
[2019-03-04 16:41:32] security.INFO: Populated the TokenStorage with an anonymous Token. [] []
[2019-03-04 16:41:33] request.INFO: Matched route "_wdt". {"route":"_wdt","route_parameters":{"_route":"_wdt","_controller":"web_profiler.controller.profiler::toolbarAction","token":"567d67"},"request_uri":"http://evenannecy/_wdt/567d67","method":"GET"} []
[2019-03-04 16:49:13] request.INFO: Matched route "test". {"route":"test","route_parameters":{"_route":"test","_controller":"App\\Controller\\TestController::index"},"request_uri":"http://evenannecy/test","method":"GET"} []
[2019-03-04 16:49:13] security.INFO: Populated the TokenStorage with an anonymous Token. [] []
[2019-03-04 16:49:14] request.INFO: Matched route "_wdt". {"route":"_wdt","route_parameters":{"_route":"_wdt","_controller":"web_profiler.controller.profiler::toolbarAction","token":"154c21"},"request_uri":"http://evenannecy/_wdt/154c21","method":"GET"} []
[2019-03-04 16:50:37] request.INFO: Matched route "test". {"route":"test","route_parameters":{"_route":"test","_controller":"App\\Controller\\TestController::index"},"request_uri":"http://evenannecy/test","method":"GET"} []
[2019-03-04 16:50:37] security.INFO: Populated the TokenStorage with an anonymous Token. [] []
[2019-03-04 16:50:38] request.INFO: Matched route "_wdt". {"route":"_wdt","route_parameters":{"_route":"_wdt","_controller":"web_profiler.controller.profiler::toolbarAction","token":"19a715"},"request_uri":"http://evenannecy/_wdt/19a715","method":"GET"} []
[2019-03-04 16:51:35] request.INFO: Matched route "test". {"route":"test","route_parameters":{"_route":"test","_controller":"App\\Controller\\TestController::index"},"request_uri":"http://evenannecy/test","method":"GET"} []
[2019-03-04 16:51:35] security.INFO: Populated the TokenStorage with an anonymous Token. [] []
[2019-03-04 16:51:36] request.INFO: Matched route "_wdt". {"route":"_wdt","route_parameters":{"_route":"_wdt","_controller":"web_profiler.controller.profiler::toolbarAction","token":"15d9a3"},"request_uri":"http://evenannecy/_wdt/15d9a3","method":"GET"} []
[2019-03-04 16:54:13] request.INFO: Matched route "test". {"route":"test","route_parameters":{"_route":"test","_controller":"App\\Controller\\TestController::index"},"request_uri":"http://evenannecy/test","method":"GET"} []
[2019-03-04 16:54:13] security.INFO: Populated the TokenStorage with an anonymous Token. [] []
[2019-03-04 16:54:14] request.ERROR: Uncaught PHP Exception Symfony\Component\HttpKernel\Exception\NotFoundHttpException: "No route found for "GET /img/subcard.png" (from "http://evenannecy/test")" at C:\wamp64\www\evenannecy\vendor\symfony\http-kernel\EventListener\RouterListener.php line 139 {"exception":"[object] (Symfony\\Component\\HttpKernel\\Exception\\NotFoundHttpException(code: 0): No route found for \"GET /img/subcard.png\" (from \"http://evenannecy/test\") at C:\\wamp64\\www\\evenannecy\\vendor\\symfony\\http-kernel\\EventListener\\RouterListener.php:139, Symfony\\Component\\Routing\\Exception\\ResourceNotFoundException(code: 0):  at C:\\wamp64\\www\\evenannecy\\vendor\\symfony\\routing\\Matcher\\Dumper\\PhpMatcherTrait.php:67)"} []
[2019-03-04 16:54:14] request.ERROR: Uncaught PHP Exception Symfony\Component\HttpKernel\Exception\NotFoundHttpException: "No route found for "GET /img/seat.png" (from "http://evenannecy/test")" at C:\wamp64\www\evenannecy\vendor\symfony\http-kernel\EventListener\RouterListener.php line 139 {"exception":"[object] (Symfony\\Component\\HttpKernel\\Exception\\NotFoundHttpException(code: 0): No route found for \"GET /img/seat.png\" (from \"http://evenannecy/test\") at C:\\wamp64\\www\\evenannecy\\vendor\\symfony\\http-kernel\\EventListener\\RouterListener.php:139, Symfony\\Component\\Routing\\Exception\\ResourceNotFoundException(code: 0):  at C:\\wamp64\\www\\evenannecy\\vendor\\symfony\\routing\\Matcher\\Dumper\\PhpMatcherTrait.php:67)"} []
[2019-03-04 16:54:14] request.ERROR: Uncaught PHP Exception Symfony\Component\HttpKernel\Exception\NotFoundHttpException: "No route found for "GET /img/theater.png" (from "http://evenannecy/test")" at C:\wamp64\www\evenannecy\vendor\symfony\http-kernel\EventListener\RouterListener.php line 139 {"exception":"[object] (Symfony\\Component\\HttpKernel\\Exception\\NotFoundHttpException(code: 0): No route found for \"GET /img/theater.png\" (from \"http://evenannecy/test\") at C:\\wamp64\\www\\evenannecy\\vendor\\symfony\\http-kernel\\EventListener\\RouterListener.php:139, Symfony\\Component\\Routing\\Exception\\ResourceNotFoundException(code: 0):  at C:\\wamp64\\www\\evenannecy\\vendor\\symfony\\routing\\Matcher\\Dumper\\PhpMatcherTrait.php:67)"} []
[2019-03-04 16:54:14] request.INFO: Matched route "_wdt". {"route":"_wdt","route_parameters":{"_route":"_wdt","_controller":"web_profiler.controller.profiler::toolbarAction","token":"6d4bd0"},"request_uri":"http://evenannecy/_wdt/6d4bd0","method":"GET"} []
[2019-03-04 16:58:28] request.INFO: Matched route "test". {"route":"test","route_parameters":{"_route":"test","_controller":"App\\Controller\\TestController::index"},"request_uri":"http://evenannecy/test","method":"GET"} []
[2019-03-04 16:58:28] security.INFO: Populated the TokenStorage with an anonymous Token. [] []
[2019-03-04 16:58:28] request.CRITICAL: Uncaught PHP Exception Twig_Error_Syntax: "Unexpected "stylesheets" tag (expecting closing tag for the "block" tag defined near line 9)." at C:\wamp64\www\evenannecy\templates\home\home.html.twig line 9 {"exception":"[object] (Twig_Error_Syntax(code: 0): Unexpected \"stylesheets\" tag (expecting closing tag for the \"block\" tag defined near line 9). at C:\\wamp64\\www\\evenannecy\\templates\\home\\home.html.twig:9)"} []
[2019-03-04 16:58:29] request.INFO: Matched route "_wdt". {"route":"_wdt","route_parameters":{"_route":"_wdt","_controller":"web_profiler.controller.profiler::toolbarAction","token":"6177f1"},"request_uri":"http://evenannecy/_wdt/6177f1","method":"GET"} []
[2019-03-04 16:59:25] request.INFO: Matched route "test". {"route":"test","route_parameters":{"_route":"test","_controller":"App\\Controller\\TestController::index"},"request_uri":"http://evenannecy/test","method":"GET"} []
[2019-03-04 16:59:25] security.INFO: Populated the TokenStorage with an anonymous Token. [] []
[2019-03-04 16:59:25] request.CRITICAL: Uncaught PHP Exception Twig_Error_Syntax: "Unexpected "stylesheets" tag (expecting closing tag for the "block" tag defined near line 9)." at C:\wamp64\www\evenannecy\templates\home\home.html.twig line 9 {"exception":"[object] (Twig_Error_Syntax(code: 0): Unexpected \"stylesheets\" tag (expecting closing tag for the \"block\" tag defined near line 9). at C:\\wamp64\\www\\evenannecy\\templates\\home\\home.html.twig:9)"} []
[2019-03-04 16:59:26] request.INFO: Matched route "_wdt". {"route":"_wdt","route_parameters":{"_route":"_wdt","_controller":"web_profiler.controller.profiler::toolbarAction","token":"33206b"},"request_uri":"http://evenannecy/_wdt/33206b","method":"GET"} []
[2019-03-04 17:00:33] request.INFO: Matched route "test". {"route":"test","route_parameters":{"_route":"test","_controller":"App\\Controller\\TestController::index"},"request_uri":"http://evenannecy/test","method":"GET"} []
[2019-03-04 17:00:33] security.INFO: Populated the TokenStorage with an anonymous Token. [] []
[2019-03-04 17:00:34] request.CRITICAL: Uncaught PHP Exception Twig_Error_Runtime: "Variable "assets" does not exist." at C:\wamp64\www\evenannecy\templates\home\home.html.twig line 9 {"exception":"[object] (Twig_Error_Runtime(code: 0): Variable \"assets\" does not exist. at C:\\wamp64\\www\\evenannecy\\templates\\home\\home.html.twig:9)"} []
[2019-03-04 17:00:34] request.INFO: Matched route "_wdt". {"route":"_wdt","route_parameters":{"_route":"_wdt","_controller":"web_profiler.controller.profiler::toolbarAction","token":"2789c0"},"request_uri":"http://evenannecy/_wdt/2789c0","method":"GET"} []
[2019-03-04 17:01:24] request.INFO: Matched route "test". {"route":"test","route_parameters":{"_route":"test","_controller":"App\\Controller\\TestController::index"},"request_uri":"http://evenannecy/test","method":"GET"} []
[2019-03-04 17:01:24] security.INFO: Populated the TokenStorage with an anonymous Token. [] []
[2019-03-04 17:01:25] request.ERROR: Uncaught PHP Exception Symfony\Component\HttpKernel\Exception\NotFoundHttpException: "No route found for "GET /asset('assets/css/style.css')" (from "http://evenannecy/test")" at C:\wamp64\www\evenannecy\vendor\symfony\http-kernel\EventListener\RouterListener.php line 139 {"exception":"[object] (Symfony\\Component\\HttpKernel\\Exception\\NotFoundHttpException(code: 0): No route found for \"GET /asset('assets/css/style.css')\" (from \"http://evenannecy/test\") at C:\\wamp64\\www\\evenannecy\\vendor\\symfony\\http-kernel\\EventListener\\RouterListener.php:139, Symfony\\Component\\Routing\\Exception\\ResourceNotFoundException(code: 0):  at C:\\wamp64\\www\\evenannecy\\vendor\\symfony\\routing\\Matcher\\Dumper\\PhpMatcherTrait.php:67)"} []
[2019-03-04 17:01:25] request.ERROR: Uncaught PHP Exception Symfony\Component\HttpKernel\Exception\NotFoundHttpException: "No route found for "GET /img/seat.png" (from "http://evenannecy/test")" at C:\wamp64\www\evenannecy\vendor\symfony\http-kernel\EventListener\RouterListener.php line 139 {"exception":"[object] (Symfony\\Component\\HttpKernel\\Exception\\NotFoundHttpException(code: 0): No route found for \"GET /img/seat.png\" (from \"http://evenannecy/test\") at C:\\wamp64\\www\\evenannecy\\vendor\\symfony\\http-kernel\\EventListener\\RouterListener.php:139, Symfony\\Component\\Routing\\Exception\\ResourceNotFoundException(code: 0):  at C:\\wamp64\\www\\evenannecy\\vendor\\symfony\\routing\\Matcher\\Dumper\\PhpMatcherTrait.php:67)"} []
[2019-03-04 17:01:25] request.ERROR: Uncaught PHP Exception Symfony\Component\HttpKernel\Exception\NotFoundHttpException: "No route found for "GET /img/subcard.png" (from "http://evenannecy/test")" at C:\wamp64\www\evenannecy\vendor\symfony\http-kernel\EventListener\RouterListener.php line 139 {"exception":"[object] (Symfony\\Component\\HttpKernel\\Exception\\NotFoundHttpException(code: 0): No route found for \"GET /img/subcard.png\" (from \"http://evenannecy/test\") at C:\\wamp64\\www\\evenannecy\\vendor\\symfony\\http-kernel\\EventListener\\RouterListener.php:139, Symfony\\Component\\Routing\\Exception\\ResourceNotFoundException(code: 0):  at C:\\wamp64\\www\\evenannecy\\vendor\\symfony\\routing\\Matcher\\Dumper\\PhpMatcherTrait.php:67)"} []
[2019-03-04 17:01:25] request.ERROR: Uncaught PHP Exception Symfony\Component\HttpKernel\Exception\NotFoundHttpException: "No route found for "GET /img/theater.png" (from "http://evenannecy/test")" at C:\wamp64\www\evenannecy\vendor\symfony\http-kernel\EventListener\RouterListener.php line 139 {"exception":"[object] (Symfony\\Component\\HttpKernel\\Exception\\NotFoundHttpException(code: 0): No route found for \"GET /img/theater.png\" (from \"http://evenannecy/test\") at C:\\wamp64\\www\\evenannecy\\vendor\\symfony\\http-kernel\\EventListener\\RouterListener.php:139, Symfony\\Component\\Routing\\Exception\\ResourceNotFoundException(code: 0):  at C:\\wamp64\\www\\evenannecy\\vendor\\symfony\\routing\\Matcher\\Dumper\\PhpMatcherTrait.php:67)"} []
[2019-03-04 17:01:26] request.INFO: Matched route "_wdt". {"route":"_wdt","route_parameters":{"_route":"_wdt","_controller":"web_profiler.controller.profiler::toolbarAction","token":"7975ce"},"request_uri":"http://evenannecy/_wdt/7975ce","method":"GET"} []
[2019-03-04 17:01:27] request.INFO: Matched route "test". {"route":"test","route_parameters":{"_route":"test","_controller":"App\\Controller\\TestController::index"},"request_uri":"http://evenannecy/test","method":"GET"} []
[2019-03-04 17:01:27] security.INFO: Populated the TokenStorage with an anonymous Token. [] []
[2019-03-04 17:01:28] request.ERROR: Uncaught PHP Exception Symfony\Component\HttpKernel\Exception\NotFoundHttpException: "No route found for "GET /img/subcard.png" (from "http://evenannecy/test")" at C:\wamp64\www\evenannecy\vendor\symfony\http-kernel\EventListener\RouterListener.php line 139 {"exception":"[object] (Symfony\\Component\\HttpKernel\\Exception\\NotFoundHttpException(code: 0): No route found for \"GET /img/subcard.png\" (from \"http://evenannecy/test\") at C:\\wamp64\\www\\evenannecy\\vendor\\symfony\\http-kernel\\EventListener\\RouterListener.php:139, Symfony\\Component\\Routing\\Exception\\ResourceNotFoundException(code: 0):  at C:\\wamp64\\www\\evenannecy\\vendor\\symfony\\routing\\Matcher\\Dumper\\PhpMatcherTrait.php:67)"} []
[2019-03-04 17:01:28] request.ERROR: Uncaught PHP Exception Symfony\Component\HttpKernel\Exception\NotFoundHttpException: "No route found for "GET /asset('assets/css/style.css')" (from "http://evenannecy/test")" at C:\wamp64\www\evenannecy\vendor\symfony\http-kernel\EventListener\RouterListener.php line 139 {"exception":"[object] (Symfony\\Component\\HttpKernel\\Exception\\NotFoundHttpException(code: 0): No route found for \"GET /asset('assets/css/style.css')\" (from \"http://evenannecy/test\") at C:\\wamp64\\www\\evenannecy\\vendor\\symfony\\http-kernel\\EventListener\\RouterListener.php:139, Symfony\\Component\\Routing\\Exception\\ResourceNotFoundException(code: 0):  at C:\\wamp64\\www\\evenannecy\\vendor\\symfony\\routing\\Matcher\\Dumper\\PhpMatcherTrait.php:67)"} []
[2019-03-04 17:01:28] request.ERROR: Uncaught PHP Exception Symfony\Component\HttpKernel\Exception\NotFoundHttpException: "No route found for "GET /img/seat.png" (from "http://evenannecy/test")" at C:\wamp64\www\evenannecy\vendor\symfony\http-kernel\EventListener\RouterListener.php line 139 {"exception":"[object] (Symfony\\Component\\HttpKernel\\Exception\\NotFoundHttpException(code: 0): No route found for \"GET /img/seat.png\" (from \"http://evenannecy/test\") at C:\\wamp64\\www\\evenannecy\\vendor\\symfony\\http-kernel\\EventListener\\RouterListener.php:139, Symfony\\Component\\Routing\\Exception\\ResourceNotFoundException(code: 0):  at C:\\wamp64\\www\\evenannecy\\vendor\\symfony\\routing\\Matcher\\Dumper\\PhpMatcherTrait.php:67)"} []
[2019-03-04 17:01:28] request.ERROR: Uncaught PHP Exception Symfony\Component\HttpKernel\Exception\NotFoundHttpException: "No route found for "GET /img/theater.png" (from "http://evenannecy/test")" at C:\wamp64\www\evenannecy\vendor\symfony\http-kernel\EventListener\RouterListener.php line 139 {"exception":"[object] (Symfony\\Component\\HttpKernel\\Exception\\NotFoundHttpException(code: 0): No route found for \"GET /img/theater.png\" (from \"http://evenannecy/test\") at C:\\wamp64\\www\\evenannecy\\vendor\\symfony\\http-kernel\\EventListener\\RouterListener.php:139, Symfony\\Component\\Routing\\Exception\\ResourceNotFoundException(code: 0):  at C:\\wamp64\\www\\evenannecy\\vendor\\symfony\\routing\\Matcher\\Dumper\\PhpMatcherTrait.php:67)"} []
[2019-03-04 17:01:28] request.INFO: Matched route "_wdt". {"route":"_wdt","route_parameters":{"_route":"_wdt","_controller":"web_profiler.controller.profiler::toolbarAction","token":"46a31a"},"request_uri":"http://evenannecy/_wdt/46a31a","method":"GET"} []
[2019-03-04 17:01:28] request.ERROR: Uncaught PHP Exception Symfony\Component\HttpKernel\Exception\NotFoundHttpException: "No route found for "GET /asset('assets/css/style.css')" (from "http://evenannecy/test")" at C:\wamp64\www\evenannecy\vendor\symfony\http-kernel\EventListener\RouterListener.php line 139 {"exception":"[object] (Symfony\\Component\\HttpKernel\\Exception\\NotFoundHttpException(code: 0): No route found for \"GET /asset('assets/css/style.css')\" (from \"http://evenannecy/test\") at C:\\wamp64\\www\\evenannecy\\vendor\\symfony\\http-kernel\\EventListener\\RouterListener.php:139, Symfony\\Component\\Routing\\Exception\\ResourceNotFoundException(code: 0):  at C:\\wamp64\\www\\evenannecy\\vendor\\symfony\\routing\\Matcher\\Dumper\\PhpMatcherTrait.php:67)"} []
[2019-03-04 19:40:33] request.INFO: Matched route "test". {"route":"test","route_parameters":{"_route":"test","_controller":"App\\Controller\\TestController::index"},"request_uri":"http://evenannecy/test","method":"GET"} []
[2019-03-04 19:40:34] security.INFO: Populated the TokenStorage with an anonymous Token. [] []
[2019-03-04 19:40:39] request.ERROR: Uncaught PHP Exception Symfony\Component\HttpKernel\Exception\NotFoundHttpException: "No route found for "GET /assets/css/style.css" (from "http://evenannecy/test")" at C:\wamp64\www\evenannecy\vendor\symfony\http-kernel\EventListener\RouterListener.php line 139 {"exception":"[object] (Symfony\\Component\\HttpKernel\\Exception\\NotFoundHttpException(code: 0): No route found for \"GET /assets/css/style.css\" (from \"http://evenannecy/test\") at C:\\wamp64\\www\\evenannecy\\vendor\\symfony\\http-kernel\\EventListener\\RouterListener.php:139, Symfony\\Component\\Routing\\Exception\\ResourceNotFoundException(code: 0):  at C:\\wamp64\\www\\evenannecy\\vendor\\symfony\\routing\\Matcher\\Dumper\\PhpMatcherTrait.php:67)"} []
[2019-03-04 19:40:39] request.ERROR: Uncaught PHP Exception Symfony\Component\HttpKernel\Exception\NotFoundHttpException: "No route found for "GET /img/seat.png" (from "http://evenannecy/test")" at C:\wamp64\www\evenannecy\vendor\symfony\http-kernel\EventListener\RouterListener.php line 139 {"exception":"[object] (Symfony\\Component\\HttpKernel\\Exception\\NotFoundHttpException(code: 0): No route found for \"GET /img/seat.png\" (from \"http://evenannecy/test\") at C:\\wamp64\\www\\evenannecy\\vendor\\symfony\\http-kernel\\EventListener\\RouterListener.php:139, Symfony\\Component\\Routing\\Exception\\ResourceNotFoundException(code: 0):  at C:\\wamp64\\www\\evenannecy\\vendor\\symfony\\routing\\Matcher\\Dumper\\PhpMatcherTrait.php:67)"} []
[2019-03-04 19:40:41] request.INFO: Matched route "_wdt". {"route":"_wdt","route_parameters":{"_route":"_wdt","_controller":"web_profiler.controller.profiler::toolbarAction","token":"3d1074"},"request_uri":"http://evenannecy/_wdt/3d1074","method":"GET"} []
[2019-03-04 19:40:44] request.ERROR: Uncaught PHP Exception Symfony\Component\HttpKernel\Exception\NotFoundHttpException: "No route found for "GET /img/theater.png" (from "http://evenannecy/test")" at C:\wamp64\www\evenannecy\vendor\symfony\http-kernel\EventListener\RouterListener.php line 139 {"exception":"[object] (Symfony\\Component\\HttpKernel\\Exception\\NotFoundHttpException(code: 0): No route found for \"GET /img/theater.png\" (from \"http://evenannecy/test\") at C:\\wamp64\\www\\evenannecy\\vendor\\symfony\\http-kernel\\EventListener\\RouterListener.php:139, Symfony\\Component\\Routing\\Exception\\ResourceNotFoundException(code: 0):  at C:\\wamp64\\www\\evenannecy\\vendor\\symfony\\routing\\Matcher\\Dumper\\PhpMatcherTrait.php:67)"} []
[2019-03-04 19:40:45] request.ERROR: Uncaught PHP Exception Symfony\Component\HttpKernel\Exception\NotFoundHttpException: "No route found for "GET /favicon.ico" (from "http://evenannecy/test")" at C:\wamp64\www\evenannecy\vendor\symfony\http-kernel\EventListener\RouterListener.php line 139 {"exception":"[object] (Symfony\\Component\\HttpKernel\\Exception\\NotFoundHttpException(code: 0): No route found for \"GET /favicon.ico\" (from \"http://evenannecy/test\") at C:\\wamp64\\www\\evenannecy\\vendor\\symfony\\http-kernel\\EventListener\\RouterListener.php:139, Symfony\\Component\\Routing\\Exception\\ResourceNotFoundException(code: 0):  at C:\\wamp64\\www\\evenannecy\\vendor\\symfony\\routing\\Matcher\\Dumper\\PhpMatcherTrait.php:67)"} []
[2019-03-04 19:41:07] request.INFO: Matched route "test". {"route":"test","route_parameters":{"_route":"test","_controller":"App\\Controller\\TestController::index"},"request_uri":"http://evenannecy/test","method":"GET"} []
[2019-03-04 19:41:07] security.INFO: Populated the TokenStorage with an anonymous Token. [] []
[2019-03-04 19:41:07] request.ERROR: Uncaught PHP Exception Symfony\Component\HttpKernel\Exception\NotFoundHttpException: "No route found for "GET /assets/css/style.css" (from "http://evenannecy/test")" at C:\wamp64\www\evenannecy\vendor\symfony\http-kernel\EventListener\RouterListener.php line 139 {"exception":"[object] (Symfony\\Component\\HttpKernel\\Exception\\NotFoundHttpException(code: 0): No route found for \"GET /assets/css/style.css\" (from \"http://evenannecy/test\") at C:\\wamp64\\www\\evenannecy\\vendor\\symfony\\http-kernel\\EventListener\\RouterListener.php:139, Symfony\\Component\\Routing\\Exception\\ResourceNotFoundException(code: 0):  at C:\\wamp64\\www\\evenannecy\\vendor\\symfony\\routing\\Matcher\\Dumper\\PhpMatcherTrait.php:67)"} []
[2019-03-04 19:41:07] request.ERROR: Uncaught PHP Exception Symfony\Component\HttpKernel\Exception\NotFoundHttpException: "No route found for "GET /img/subcard.png" (from "http://evenannecy/test")" at C:\wamp64\www\evenannecy\vendor\symfony\http-kernel\EventListener\RouterListener.php line 139 {"exception":"[object] (Symfony\\Component\\HttpKernel\\Exception\\NotFoundHttpException(code: 0): No route found for \"GET /img/subcard.png\" (from \"http://evenannecy/test\") at C:\\wamp64\\www\\evenannecy\\vendor\\symfony\\http-kernel\\EventListener\\RouterListener.php:139, Symfony\\Component\\Routing\\Exception\\ResourceNotFoundException(code: 0):  at C:\\wamp64\\www\\evenannecy\\vendor\\symfony\\routing\\Matcher\\Dumper\\PhpMatcherTrait.php:67)"} []
[2019-03-04 19:41:07] request.ERROR: Uncaught PHP Exception Symfony\Component\HttpKernel\Exception\NotFoundHttpException: "No route found for "GET /img/seat.png" (from "http://evenannecy/test")" at C:\wamp64\www\evenannecy\vendor\symfony\http-kernel\EventListener\RouterListener.php line 139 {"exception":"[object] (Symfony\\Component\\HttpKernel\\Exception\\NotFoundHttpException(code: 0): No route found for \"GET /img/seat.png\" (from \"http://evenannecy/test\") at C:\\wamp64\\www\\evenannecy\\vendor\\symfony\\http-kernel\\EventListener\\RouterListener.php:139, Symfony\\Component\\Routing\\Exception\\ResourceNotFoundException(code: 0):  at C:\\wamp64\\www\\evenannecy\\vendor\\symfony\\routing\\Matcher\\Dumper\\PhpMatcherTrait.php:67)"} []
[2019-03-04 19:41:07] request.ERROR: Uncaught PHP Exception Symfony\Component\HttpKernel\Exception\NotFoundHttpException: "No route found for "GET /img/theater.png" (from "http://evenannecy/test")" at C:\wamp64\www\evenannecy\vendor\symfony\http-kernel\EventListener\RouterListener.php line 139 {"exception":"[object] (Symfony\\Component\\HttpKernel\\Exception\\NotFoundHttpException(code: 0): No route found for \"GET /img/theater.png\" (from \"http://evenannecy/test\") at C:\\wamp64\\www\\evenannecy\\vendor\\symfony\\http-kernel\\EventListener\\RouterListener.php:139, Symfony\\Component\\Routing\\Exception\\ResourceNotFoundException(code: 0):  at C:\\wamp64\\www\\evenannecy\\vendor\\symfony\\routing\\Matcher\\Dumper\\PhpMatcherTrait.php:67)"} []
[2019-03-04 19:41:08] request.INFO: Matched route "_wdt". {"route":"_wdt","route_parameters":{"_route":"_wdt","_controller":"web_profiler.controller.profiler::toolbarAction","token":"eb6527"},"request_uri":"http://evenannecy/_wdt/eb6527","method":"GET"} []
[2019-03-04 19:41:14] request.ERROR: Uncaught PHP Exception Symfony\Component\HttpKernel\Exception\NotFoundHttpException: "No route found for "GET /"" at C:\wamp64\www\evenannecy\vendor\symfony\http-kernel\EventListener\RouterListener.php line 139 {"exception":"[object] (Symfony\\Component\\HttpKernel\\Exception\\NotFoundHttpException(code: 0): No route found for \"GET /\" at C:\\wamp64\\www\\evenannecy\\vendor\\symfony\\http-kernel\\EventListener\\RouterListener.php:139, Symfony\\Component\\Routing\\Exception\\NoConfigurationException(code: 0):  at C:\\wamp64\\www\\evenannecy\\vendor\\symfony\\routing\\Matcher\\Dumper\\PhpMatcherTrait.php:172)"} []
[2019-03-04 19:41:15] request.INFO: Matched route "_wdt". {"route":"_wdt","route_parameters":{"_route":"_wdt","_controller":"web_profiler.controller.profiler::toolbarAction","token":"22f48b"},"request_uri":"http://evenannecy/_wdt/22f48b","method":"GET"} []
[2019-03-04 19:41:18] request.INFO: Matched route "test". {"route":"test","route_parameters":{"_route":"test","_controller":"App\\Controller\\TestController::index"},"request_uri":"http://evenannecy/test","method":"GET"} []
[2019-03-04 19:41:18] security.INFO: Populated the TokenStorage with an anonymous Token. [] []
[2019-03-04 19:41:19] request.ERROR: Uncaught PHP Exception Symfony\Component\HttpKernel\Exception\NotFoundHttpException: "No route found for "GET /img/subcard.png" (from "http://evenannecy/test")" at C:\wamp64\www\evenannecy\vendor\symfony\http-kernel\EventListener\RouterListener.php line 139 {"exception":"[object] (Symfony\\Component\\HttpKernel\\Exception\\NotFoundHttpException(code: 0): No route found for \"GET /img/subcard.png\" (from \"http://evenannecy/test\") at C:\\wamp64\\www\\evenannecy\\vendor\\symfony\\http-kernel\\EventListener\\RouterListener.php:139, Symfony\\Component\\Routing\\Exception\\ResourceNotFoundException(code: 0):  at C:\\wamp64\\www\\evenannecy\\vendor\\symfony\\routing\\Matcher\\Dumper\\PhpMatcherTrait.php:67)"} []
[2019-03-04 19:41:19] request.ERROR: Uncaught PHP Exception Symfony\Component\HttpKernel\Exception\NotFoundHttpException: "No route found for "GET /assets/css/style.css" (from "http://evenannecy/test")" at C:\wamp64\www\evenannecy\vendor\symfony\http-kernel\EventListener\RouterListener.php line 139 {"exception":"[object] (Symfony\\Component\\HttpKernel\\Exception\\NotFoundHttpException(code: 0): No route found for \"GET /assets/css/style.css\" (from \"http://evenannecy/test\") at C:\\wamp64\\www\\evenannecy\\vendor\\symfony\\http-kernel\\EventListener\\RouterListener.php:139, Symfony\\Component\\Routing\\Exception\\ResourceNotFoundException(code: 0):  at C:\\wamp64\\www\\evenannecy\\vendor\\symfony\\routing\\Matcher\\Dumper\\PhpMatcherTrait.php:67)"} []
[2019-03-04 19:41:19] request.ERROR: Uncaught PHP Exception Symfony\Component\HttpKernel\Exception\NotFoundHttpException: "No route found for "GET /img/seat.png" (from "http://evenannecy/test")" at C:\wamp64\www\evenannecy\vendor\symfony\http-kernel\EventListener\RouterListener.php line 139 {"exception":"[object] (Symfony\\Component\\HttpKernel\\Exception\\NotFoundHttpException(code: 0): No route found for \"GET /img/seat.png\" (from \"http://evenannecy/test\") at C:\\wamp64\\www\\evenannecy\\vendor\\symfony\\http-kernel\\EventListener\\RouterListener.php:139, Symfony\\Component\\Routing\\Exception\\ResourceNotFoundException(code: 0):  at C:\\wamp64\\www\\evenannecy\\vendor\\symfony\\routing\\Matcher\\Dumper\\PhpMatcherTrait.php:67)"} []
[2019-03-04 19:41:19] request.ERROR: Uncaught PHP Exception Symfony\Component\HttpKernel\Exception\NotFoundHttpException: "No route found for "GET /img/theater.png" (from "http://evenannecy/test")" at C:\wamp64\www\evenannecy\vendor\symfony\http-kernel\EventListener\RouterListener.php line 139 {"exception":"[object] (Symfony\\Component\\HttpKernel\\Exception\\NotFoundHttpException(code: 0): No route found for \"GET /img/theater.png\" (from \"http://evenannecy/test\") at C:\\wamp64\\www\\evenannecy\\vendor\\symfony\\http-kernel\\EventListener\\RouterListener.php:139, Symfony\\Component\\Routing\\Exception\\ResourceNotFoundException(code: 0):  at C:\\wamp64\\www\\evenannecy\\vendor\\symfony\\routing\\Matcher\\Dumper\\PhpMatcherTrait.php:67)"} []
[2019-03-04 19:41:19] request.INFO: Matched route "_wdt". {"route":"_wdt","route_parameters":{"_route":"_wdt","_controller":"web_profiler.controller.profiler::toolbarAction","token":"adf294"},"request_uri":"http://evenannecy/_wdt/adf294","method":"GET"} []
[2019-03-04 20:45:51] request.INFO: Matched route "test". {"route":"test","route_parameters":{"_route":"test","_controller":"App\\Controller\\TestController::index"},"request_uri":"http://evenannecy/test","method":"GET"} []
[2019-03-04 20:45:51] security.INFO: Populated the TokenStorage with an anonymous Token. [] []
[2019-03-04 20:45:52] request.ERROR: Uncaught PHP Exception Symfony\Component\HttpKernel\Exception\NotFoundHttpException: "No route found for "GET /assets/css/style.css" (from "http://evenannecy/test")" at C:\wamp64\www\evenannecy\vendor\symfony\http-kernel\EventListener\RouterListener.php line 139 {"exception":"[object] (Symfony\\Component\\HttpKernel\\Exception\\NotFoundHttpException(code: 0): No route found for \"GET /assets/css/style.css\" (from \"http://evenannecy/test\") at C:\\wamp64\\www\\evenannecy\\vendor\\symfony\\http-kernel\\EventListener\\RouterListener.php:139, Symfony\\Component\\Routing\\Exception\\ResourceNotFoundException(code: 0):  at C:\\wamp64\\www\\evenannecy\\vendor\\symfony\\routing\\Matcher\\Dumper\\PhpMatcherTrait.php:67)"} []
[2019-03-04 20:45:53] cache.WARNING: Failed to save key "%5BSymfony%5CBundle%5CTwigBundle%5CController%5CExceptionController%5D%5B1%5D" (array) {"key":"%5BSymfony%5CBundle%5CTwigBundle%5CController%5CExceptionController%5D%5B1%5D","type":"array","exception":"[object] (ErrorException(code: 0): rename(C:\\wamp64\\www\\evenannecy\\var\\cache\\dev\\pools\\ZNDLHUdSDi\\5c7d8e8105fce8.08526204,C:\\wamp64\\www\\evenannecy\\var\\cache\\dev\\pools\\ZNDLHUdSDi\\Z\\W\\+B7XEZBKB53ED8EueQlA): Accs refus. (code: 5) at C:\\wamp64\\www\\evenannecy\\vendor\\symfony\\cache\\Traits\\FilesystemCommonTrait.php:98)"} []
[2019-03-04 20:45:53] cache.WARNING: Failed to save key "%5B%5BC%5DSymfony%5CBundle%5CTwigBundle%5CController%5CExceptionController%5D%5B1%5D" (integer) {"key":"%5B%5BC%5DSymfony%5CBundle%5CTwigBundle%5CController%5CExceptionController%5D%5B1%5D","type":"integer","exception":"[object] (ErrorException(code: 0): rename(C:\\wamp64\\www\\evenannecy\\var\\cache\\dev\\pools\\ZNDLHUdSDi\\5c7d8e8105cef7.19272620,C:\\wamp64\\www\\evenannecy\\var\\cache\\dev\\pools\\ZNDLHUdSDi\\I\\V\\K83BcXoH6EAAQejse2Dw): Accs refus. (code: 5) at C:\\wamp64\\www\\evenannecy\\vendor\\symfony\\cache\\Traits\\FilesystemCommonTrait.php:98)"} []
[2019-03-04 20:45:53] cache.WARNING: Failed to save key "%5BSymfony%5CBundle%5CTwigBundle%5CController%5CExceptionController%23showAction%5D%5B1%5D" (array) {"key":"%5BSymfony%5CBundle%5CTwigBundle%5CController%5CExceptionController%23showAction%5D%5B1%5D","type":"array","exception":"[object] (ErrorException(code: 0): rename(C:\\wamp64\\www\\evenannecy\\var\\cache\\dev\\pools\\ZNDLHUdSDi\\5c7d8e8105cdf1.95986676,C:\\wamp64\\www\\evenannecy\\var\\cache\\dev\\pools\\ZNDLHUdSDi\\+\\L\\tGN9WOSk7oV7+A0rCbhA): Accs refus. (code: 5) at C:\\wamp64\\www\\evenannecy\\vendor\\symfony\\cache\\Traits\\FilesystemCommonTrait.php:98)"} []
[2019-03-04 20:45:53] request.ERROR: Uncaught PHP Exception Symfony\Component\HttpKernel\Exception\NotFoundHttpException: "No route found for "GET /img/theater.png" (from "http://evenannecy/test")" at C:\wamp64\www\evenannecy\vendor\symfony\http-kernel\EventListener\RouterListener.php line 139 {"exception":"[object] (Symfony\\Component\\HttpKernel\\Exception\\NotFoundHttpException(code: 0): No route found for \"GET /img/theater.png\" (from \"http://evenannecy/test\") at C:\\wamp64\\www\\evenannecy\\vendor\\symfony\\http-kernel\\EventListener\\RouterListener.php:139, Symfony\\Component\\Routing\\Exception\\ResourceNotFoundException(code: 0):  at C:\\wamp64\\www\\evenannecy\\vendor\\symfony\\routing\\Matcher\\Dumper\\PhpMatcherTrait.php:67)"} []
[2019-03-04 20:45:53] request.INFO: Matched route "_wdt". {"route":"_wdt","route_parameters":{"_route":"_wdt","_controller":"web_profiler.controller.profiler::toolbarAction","token":"be6725"},"request_uri":"http://evenannecy/_wdt/be6725","method":"GET"} []
[2019-03-04 21:56:27] request.INFO: Matched route "test". {"route":"test","route_parameters":{"_route":"test","_controller":"App\\Controller\\TestController::index"},"request_uri":"http://evenannecy/test","method":"GET"} []
[2019-03-04 21:56:27] security.INFO: Populated the TokenStorage with an anonymous Token. [] []
[2019-03-04 21:56:30] request.ERROR: Uncaught PHP Exception Symfony\Component\HttpKernel\Exception\NotFoundHttpException: "No route found for "GET /img/seat.png" (from "http://evenannecy/test")" at C:\wamp64\www\evenannecy\vendor\symfony\http-kernel\EventListener\RouterListener.php line 139 {"exception":"[object] (Symfony\\Component\\HttpKernel\\Exception\\NotFoundHttpException(code: 0): No route found for \"GET /img/seat.png\" (from \"http://evenannecy/test\") at C:\\wamp64\\www\\evenannecy\\vendor\\symfony\\http-kernel\\EventListener\\RouterListener.php:139, Symfony\\Component\\Routing\\Exception\\ResourceNotFoundException(code: 0):  at C:\\wamp64\\www\\evenannecy\\vendor\\symfony\\routing\\Matcher\\Dumper\\PhpMatcherTrait.php:67)"} []
it.php:67)"} []
[2019-03-04 21:56:30] request.ERROR: Uncaught PHP Exception Symfony\Component\HttpKernel\Exception\NotFoundHttpException: "No route found for "GET /img/subcard.png" (from "http://evenannecy/test")" at C:\wamp64\www\evenannecy\vendor\symfony\http-kernel\EventListener\RouterListener.php line 139 {"exception":"[object] (Symfony\\Component\\HttpKernel\\Exception\\NotFoundHttpException(code: 0): No route found for \"GET /img/subcard.png\" (from \"http://evenannecy/test\") at C:\\wamp64\\www\\evenannecy\\vendor\\symfony\\http-kernel\\EventListener\\RouterListener.php:139, Symfony\\Component\\Routing\\Exception\\ResourceNotFoundException(code: 0):  at C:\\wamp64\\www\\evenannecy\\vendor\\symfony\\routing\\Matcher\\Dumper\\PhpMatcherTrait.php:67)"} []
[2019-03-04 21:56:30] request.ERROR: Uncaught PHP Exception Symfony\Component\HttpKernel\Exception\NotFoundHttpException: "No route found for "GET /img/theater.png" (from "http://evenannecy/test")" at C:\wamp64\www\evenannecy\vendor\symfony\http-kernel\EventListener\RouterListener.php line 139 {"exception":"[object] (Symfony\\Component\\HttpKernel\\Exception\\NotFoundHttpException(code: 0): No route found for \"GET /img/theater.png\" (from \"http://evenannecy/test\") at C:\\wamp64\\www\\evenannecy\\vendor\\symfony\\http-kernel\\EventListener\\RouterListener.php:139, Symfony\\Component\\Routing\\Exception\\ResourceNotFoundException(code: 0):  at C:\\wamp64\\www\\evenannecy\\vendor\\symfony\\routing\\Matcher\\Dumper\\PhpMatcherTrait.php:67)"} []
[2019-03-11 10:36:22] request.INFO: Matched route "test". {"route":"test","route_parameters":{"_route":"test","_controller":"App\\Controller\\TestController::index"},"request_uri":"http://evenannecy/test","method":"GET"} []
[2019-03-11 10:36:23] security.INFO: Populated the TokenStorage with an anonymous Token. [] []
[2019-03-11 10:36:26] request.ERROR: Uncaught PHP Exception Symfony\Component\HttpKernel\Exception\NotFoundHttpException: "No route found for "GET /assets/css/style.css" (from "http://evenannecy/test")" at C:\wamp64\www\evenannecy\vendor\symfony\http-kernel\EventListener\RouterListener.php line 139 {"exception":"[object] (Symfony\\Component\\HttpKernel\\Exception\\NotFoundHttpException(code: 0): No route found for \"GET /assets/css/style.css\" (from \"http://evenannecy/test\") at C:\\wamp64\\www\\evenannecy\\vendor\\symfony\\http-kernel\\EventListener\\RouterListener.php:139, Symfony\\Component\\Routing\\Exception\\ResourceNotFoundException(code: 0):  at C:\\wamp64\\www\\evenannecy\\vendor\\symfony\\routing\\Matcher\\Dumper\\PhpMatcherTrait.php:67)"} []
[2019-03-11 10:36:28] request.ERROR: Uncaught PHP Exception Symfony\Component\HttpKernel\Exception\NotFoundHttpException: "No route found for "GET /img/theater.png" (from "http://evenannecy/test")" at C:\wamp64\www\evenannecy\vendor\symfony\http-kernel\EventListener\RouterListener.php line 139 {"exception":"[object] (Symfony\\Component\\HttpKernel\\Exception\\NotFoundHttpException(code: 0): No route found for \"GET /img/theater.png\" (from \"http://evenannecy/test\") at C:\\wamp64\\www\\evenannecy\\vendor\\symfony\\http-kernel\\EventListener\\RouterListener.php:139, Symfony\\Component\\Routing\\Exception\\ResourceNotFoundException(code: 0):  at C:\\wamp64\\www\\evenannecy\\vendor\\symfony\\routing\\Matcher\\Dumper\\PhpMatcherTrait.php:67)"} []
[2019-03-11 10:36:28] request.INFO: Matched route "_wdt". {"route":"_wdt","route_parameters":{"_route":"_wdt","_controller":"web_profiler.controller.profiler::toolbarAction","token":"fcc0c6"},"request_uri":"http://evenannecy/_wdt/fcc0c6","method":"GET"} []
[2019-03-11 10:36:36] request.ERROR: Uncaught PHP Exception Symfony\Component\HttpKernel\Exception\NotFoundHttpException: "No route found for "GET /"" at C:\wamp64\www\evenannecy\vendor\symfony\http-kernel\EventListener\RouterListener.php line 139 {"exception":"[object] (Symfony\\Component\\HttpKernel\\Exception\\NotFoundHttpException(code: 0): No route found for \"GET /\" at C:\\wamp64\\www\\evenannecy\\vendor\\symfony\\http-kernel\\EventListener\\RouterListener.php:139, Symfony\\Component\\Routing\\Exception\\NoConfigurationException(code: 0):  at C:\\wamp64\\www\\evenannecy\\vendor\\symfony\\routing\\Matcher\\Dumper\\PhpMatcherTrait.php:172)"} []
[2019-03-11 10:36:36] request.INFO: Matched route "_wdt". {"route":"_wdt","route_parameters":{"_route":"_wdt","_controller":"web_profiler.controller.profiler::toolbarAction","token":"d7723c"},"request_uri":"http://evenannecy/_wdt/d7723c","method":"GET"} []
[2019-03-11 10:36:37] request.ERROR: Uncaught PHP Exception Symfony\Component\HttpKernel\Exception\NotFoundHttpException: "No route found for "GET /favicon.ico" (from "http://evenannecy/")" at C:\wamp64\www\evenannecy\vendor\symfony\http-kernel\EventListener\RouterListener.php line 139 {"exception":"[object] (Symfony\\Component\\HttpKernel\\Exception\\NotFoundHttpException(code: 0): No route found for \"GET /favicon.ico\" (from \"http://evenannecy/\") at C:\\wamp64\\www\\evenannecy\\vendor\\symfony\\http-kernel\\EventListener\\RouterListener.php:139, Symfony\\Component\\Routing\\Exception\\ResourceNotFoundException(code: 0):  at C:\\wamp64\\www\\evenannecy\\vendor\\symfony\\routing\\Matcher\\Dumper\\PhpMatcherTrait.php:67)"} []
[2019-03-11 10:36:39] request.INFO: Matched route "test". {"route":"test","route_parameters":{"_route":"test","_controller":"App\\Controller\\TestController::index"},"request_uri":"http://evenannecy/test","method":"GET"} []
[2019-03-11 10:36:39] security.INFO: Populated the TokenStorage with an anonymous Token. [] []
[2019-03-11 10:36:39] request.ERROR: Uncaught PHP Exception Symfony\Component\HttpKernel\Exception\NotFoundHttpException: "No route found for "GET /assets/css/style.css" (from "http://evenannecy/test")" at C:\wamp64\www\evenannecy\vendor\symfony\http-kernel\EventListener\RouterListener.php line 139 {"exception":"[object] (Symfony\\Component\\HttpKernel\\Exception\\NotFoundHttpException(code: 0): No route found for \"GET /assets/css/style.css\" (from \"http://evenannecy/test\") at C:\\wamp64\\www\\evenannecy\\vendor\\symfony\\http-kernel\\EventListener\\RouterListener.php:139, Symfony\\Component\\Routing\\Exception\\ResourceNotFoundException(code: 0):  at C:\\wamp64\\www\\evenannecy\\vendor\\symfony\\routing\\Matcher\\Dumper\\PhpMatcherTrait.php:67)"} []
[2019-03-11 10:36:39] request.ERROR: Uncaught PHP Exception Symfony\Component\HttpKernel\Exception\NotFoundHttpException: "No route found for "GET /img/seat.png" (from "http://evenannecy/test")" at C:\wamp64\www\evenannecy\vendor\symfony\http-kernel\EventListener\RouterListener.php line 139 {"exception":"[object] (Symfony\\Component\\HttpKernel\\Exception\\NotFoundHttpException(code: 0): No route found for \"GET /img/seat.png\" (from \"http://evenannecy/test\") at C:\\wamp64\\www\\evenannecy\\vendor\\symfony\\http-kernel\\EventListener\\RouterListener.php:139, Symfony\\Component\\Routing\\Exception\\ResourceNotFoundException(code: 0):  at C:\\wamp64\\www\\evenannecy\\vendor\\symfony\\routing\\Matcher\\Dumper\\PhpMatcherTrait.php:67)"} []
[2019-03-11 10:36:39] request.ERROR: Uncaught PHP Exception Symfony\Component\HttpKernel\Exception\NotFoundHttpException: "No route found for "GET /img/theater.png" (from "http://evenannecy/test")" at C:\wamp64\www\evenannecy\vendor\symfony\http-kernel\EventListener\RouterListener.php line 139 {"exception":"[object] (Symfony\\Component\\HttpKernel\\Exception\\NotFoundHttpException(code: 0): No route found for \"GET /img/theater.png\" (from \"http://evenannecy/test\") at C:\\wamp64\\www\\evenannecy\\vendor\\symfony\\http-kernel\\EventListener\\RouterListener.php:139, Symfony\\Component\\Routing\\Exception\\ResourceNotFoundException(code: 0):  at C:\\wamp64\\www\\evenannecy\\vendor\\symfony\\routing\\Matcher\\Dumper\\PhpMatcherTrait.php:67)"} []
[2019-03-11 10:36:39] request.ERROR: Uncaught PHP Exception Symfony\Component\HttpKernel\Exception\NotFoundHttpException: "No route found for "GET /img/subcard.png" (from "http://evenannecy/test")" at C:\wamp64\www\evenannecy\vendor\symfony\http-kernel\EventListener\RouterListener.php line 139 {"exception":"[object] (Symfony\\Component\\HttpKernel\\Exception\\NotFoundHttpException(code: 0): No route found for \"GET /img/subcard.png\" (from \"http://evenannecy/test\") at C:\\wamp64\\www\\evenannecy\\vendor\\symfony\\http-kernel\\EventListener\\RouterListener.php:139, Symfony\\Component\\Routing\\Exception\\ResourceNotFoundException(code: 0):  at C:\\wamp64\\www\\evenannecy\\vendor\\symfony\\routing\\Matcher\\Dumper\\PhpMatcherTrait.php:67)"} []
[2019-03-11 10:36:39] request.INFO: Matched route "_wdt". {"route":"_wdt","route_parameters":{"_route":"_wdt","_controller":"web_profiler.controller.profiler::toolbarAction","token":"9681d4"},"request_uri":"http://evenannecy/_wdt/9681d4","method":"GET"} []
[2019-03-11 10:36:44] request.ERROR: Uncaught PHP Exception Symfony\Component\HttpKernel\Exception\NotFoundHttpException: "No route found for "GET /assets/css/style.css" (from "http://evenannecy/test")" at C:\wamp64\www\evenannecy\vendor\symfony\http-kernel\EventListener\RouterListener.php line 139 {"exception":"[object] (Symfony\\Component\\HttpKernel\\Exception\\NotFoundHttpException(code: 0): No route found for \"GET /assets/css/style.css\" (from \"http://evenannecy/test\") at C:\\wamp64\\www\\evenannecy\\vendor\\symfony\\http-kernel\\EventListener\\RouterListener.php:139, Symfony\\Component\\Routing\\Exception\\ResourceNotFoundException(code: 0):  at C:\\wamp64\\www\\evenannecy\\vendor\\symfony\\routing\\Matcher\\Dumper\\PhpMatcherTrait.php:67)"} []
[2019-03-11 11:07:16] request.INFO: Matched route "test". {"route":"test","route_parameters":{"_route":"test","_controller":"App\\Controller\\TestController::index"},"request_uri":"http://evenannecy/test","method":"GET"} []
[2019-03-11 11:07:17] security.INFO: Populated the TokenStorage with an anonymous Token. [] []
[2019-03-11 11:07:22] request.ERROR: Uncaught PHP Exception Symfony\Component\HttpKernel\Exception\NotFoundHttpException: "No route found for "GET /img/subcard.png" (from "http://evenannecy/test")" at C:\wamp64\www\evenannecy\vendor\symfony\http-kernel\EventListener\RouterListener.php line 139 {"exception":"[object] (Symfony\\Component\\HttpKernel\\Exception\\NotFoundHttpException(code: 0): No route found for \"GET /img/subcard.png\" (from \"http://evenannecy/test\") at C:\\wamp64\\www\\evenannecy\\vendor\\symfony\\http-kernel\\EventListener\\RouterListener.php:139, Symfony\\Component\\Routing\\Exception\\ResourceNotFoundException(code: 0):  at C:\\wamp64\\www\\evenannecy\\vendor\\symfony\\routing\\Matcher\\Dumper\\PhpMatcherTrait.php:67)"} []
[2019-03-11 11:07:22] request.ERROR: Uncaught PHP Exception Symfony\Component\HttpKernel\Exception\NotFoundHttpException: "No route found for "GET /img/seat.png" (from "http://evenannecy/test")" at C:\wamp64\www\evenannecy\vendor\symfony\http-kernel\EventListener\RouterListener.php line 139 {"exception":"[object] (Symfony\\Component\\HttpKernel\\Exception\\NotFoundHttpException(code: 0): No route found for \"GET /img/seat.png\" (from \"http://evenannecy/test\") at C:\\wamp64\\www\\evenannecy\\vendor\\symfony\\http-kernel\\EventListener\\RouterListener.php:139, Symfony\\Component\\Routing\\Exception\\ResourceNotFoundException(code: 0):  at C:\\wamp64\\www\\evenannecy\\vendor\\symfony\\routing\\Matcher\\Dumper\\PhpMatcherTrait.php:67)"} []
]
[2019-03-11 11:07:22] request.ERROR: Uncaught PHP Exception Symfony\Component\HttpKernel\Exception\NotFoundHttpException: "No route found for "GET /img/theater.png" (from "http://evenannecy/test")" at C:\wamp64\www\evenannecy\vendor\symfony\http-kernel\EventListener\RouterListener.php line 139 {"exception":"[object] (Symfony\\Component\\HttpKernel\\Exception\\NotFoundHttpException(code: 0): No route found for \"GET /img/theater.png\" (from \"http://evenannecy/test\") at C:\\wamp64\\www\\evenannecy\\vendor\\symfony\\http-kernel\\EventListener\\RouterListener.php:139, Symfony\\Component\\Routing\\Exception\\ResourceNotFoundException(code: 0):  at C:\\wamp64\\www\\evenannecy\\vendor\\symfony\\routing\\Matcher\\Dumper\\PhpMatcherTrait.php:67)"} []
[2019-03-11 11:07:24] request.INFO: Matched route "_wdt". {"route":"_wdt","route_parameters":{"_route":"_wdt","_controller":"web_profiler.controller.profiler::toolbarAction","token":"5b7f7c"},"request_uri":"http://evenannecy/_wdt/5b7f7c","method":"GET"} []
[2019-03-11 11:07:24] request.ERROR: Uncaught PHP Exception Symfony\Component\HttpKernel\Exception\NotFoundHttpException: "No route found for "GET /favicon.ico" (from "http://evenannecy/test")" at C:\wamp64\www\evenannecy\vendor\symfony\http-kernel\EventListener\RouterListener.php line 139 {"exception":"[object] (Symfony\\Component\\HttpKernel\\Exception\\NotFoundHttpException(code: 0): No route found for \"GET /favicon.ico\" (from \"http://evenannecy/test\") at C:\\wamp64\\www\\evenannecy\\vendor\\symfony\\http-kernel\\EventListener\\RouterListener.php:139, Symfony\\Component\\Routing\\Exception\\ResourceNotFoundException(code: 0):  at C:\\wamp64\\www\\evenannecy\\vendor\\symfony\\routing\\Matcher\\Dumper\\PhpMatcherTrait.php:67)"} []
[2019-03-11 11:13:47] request.INFO: Matched route "test". {"route":"test","route_parameters":{"_route":"test","_controller":"App\\Controller\\TestController::index"},"request_uri":"http://evenannecy/test","method":"GET"} []
[2019-03-11 11:13:47] security.INFO: Populated the TokenStorage with an anonymous Token. [] []
[2019-03-11 11:13:48] request.ERROR: Uncaught PHP Exception Symfony\Component\HttpKernel\Exception\NotFoundHttpException: "No route found for "GET /img/subcard.png" (from "http://evenannecy/test")" at C:\wamp64\www\evenannecy\vendor\symfony\http-kernel\EventListener\RouterListener.php line 139 {"exception":"[object] (Symfony\\Component\\HttpKernel\\Exception\\NotFoundHttpException(code: 0): No route found for \"GET /img/subcard.png\" (from \"http://evenannecy/test\") at C:\\wamp64\\www\\evenannecy\\vendor\\symfony\\http-kernel\\EventListener\\RouterListener.php:139, Symfony\\Component\\Routing\\Exception\\ResourceNotFoundException(code: 0):  at C:\\wamp64\\www\\evenannecy\\vendor\\symfony\\routing\\Matcher\\Dumper\\PhpMatcherTrait.php:67)"} []
[2019-03-11 11:13:48] request.INFO: Matched route "_wdt". {"route":"_wdt","route_parameters":{"_route":"_wdt","_controller":"web_profiler.controller.profiler::toolbarAction","token":"1e1990"},"request_uri":"http://evenannecy/_wdt/1e1990","method":"GET"} []
[2019-03-11 11:13:48] request.ERROR: Uncaught PHP Exception Symfony\Component\HttpKernel\Exception\NotFoundHttpException: "No route found for "GET /img/seat.png" (from "http://evenannecy/test")" at C:\wamp64\www\evenannecy\vendor\symfony\http-kernel\EventListener\RouterListener.php line 139 {"exception":"[object] (Symfony\\Component\\HttpKernel\\Exception\\NotFoundHttpException(code: 0): No route found for \"GET /img/seat.png\" (from \"http://evenannecy/test\") at C:\\wamp64\\www\\evenannecy\\vendor\\symfony\\http-kernel\\EventListener\\RouterListener.php:139, Symfony\\Component\\Routing\\Exception\\ResourceNotFoundException(code: 0):  at C:\\wamp64\\www\\evenannecy\\vendor\\symfony\\routing\\Matcher\\Dumper\\PhpMatcherTrait.php:67)"} []
[2019-03-11 11:13:48] request.ERROR: Uncaught PHP Exception Symfony\Component\HttpKernel\Exception\NotFoundHttpException: "No route found for "GET /img/theater.png" (from "http://evenannecy/test")" at C:\wamp64\www\evenannecy\vendor\symfony\http-kernel\EventListener\RouterListener.php line 139 {"exception":"[object] (Symfony\\Component\\HttpKernel\\Exception\\NotFoundHttpException(code: 0): No route found for \"GET /img/theater.png\" (from \"http://evenannecy/test\") at C:\\wamp64\\www\\evenannecy\\vendor\\symfony\\http-kernel\\EventListener\\RouterListener.php:139, Symfony\\Component\\Routing\\Exception\\ResourceNotFoundException(code: 0):  at C:\\wamp64\\www\\evenannecy\\vendor\\symfony\\routing\\Matcher\\Dumper\\PhpMatcherTrait.php:67)"} []
[2019-03-11 11:13:49] request.ERROR: Uncaught PHP Exception Symfony\Component\HttpKernel\Exception\NotFoundHttpException: "No route found for "GET /favicon.ico" (from "http://evenannecy/test")" at C:\wamp64\www\evenannecy\vendor\symfony\http-kernel\EventListener\RouterListener.php line 139 {"exception":"[object] (Symfony\\Component\\HttpKernel\\Exception\\NotFoundHttpException(code: 0): No route found for \"GET /favicon.ico\" (from \"http://evenannecy/test\") at C:\\wamp64\\www\\evenannecy\\vendor\\symfony\\http-kernel\\EventListener\\RouterListener.php:139, Symfony\\Component\\Routing\\Exception\\ResourceNotFoundException(code: 0):  at C:\\wamp64\\www\\evenannecy\\vendor\\symfony\\routing\\Matcher\\Dumper\\PhpMatcherTrait.php:67)"} []
[2019-03-11 11:17:15] request.INFO: Matched route "test". {"route":"test","route_parameters":{"_route":"test","_controller":"App\\Controller\\TestController::index"},"request_uri":"http://evenannecy/test","method":"GET"} []
[2019-03-11 11:17:15] security.INFO: Populated the TokenStorage with an anonymous Token. [] []
[2019-03-11 11:17:16] request.ERROR: Uncaught PHP Exception Symfony\Component\HttpKernel\Exception\NotFoundHttpException: "No route found for "GET /img/seat.png" (from "http://evenannecy/test")" at C:\wamp64\www\evenannecy\vendor\symfony\http-kernel\EventListener\RouterListener.php line 139 {"exception":"[object] (Symfony\\Component\\HttpKernel\\Exception\\NotFoundHttpException(code: 0): No route found for \"GET /img/seat.png\" (from \"http://evenannecy/test\") at C:\\wamp64\\www\\evenannecy\\vendor\\symfony\\http-kernel\\EventListener\\RouterListener.php:139, Symfony\\Component\\Routing\\Exception\\ResourceNotFoundException(code: 0):  at C:\\wamp64\\www\\evenannecy\\vendor\\symfony\\routing\\Matcher\\Dumper\\PhpMatcherTrait.php:67)"} []
[2019-03-11 11:17:16] request.ERROR: Uncaught PHP Exception Symfony\Component\HttpKernel\Exception\NotFoundHttpException: "No route found for "GET /img/subcard.png" (from "http://evenannecy/test")" at C:\wamp64\www\evenannecy\vendor\symfony\http-kernel\EventListener\RouterListener.php line 139 {"exception":"[object] (Symfony\\Component\\HttpKernel\\Exception\\NotFoundHttpException(code: 0): No route found for \"GET /img/subcard.png\" (from \"http://evenannecy/test\") at C:\\wamp64\\www\\evenannecy\\vendor\\symfony\\http-kernel\\EventListener\\RouterListener.php:139, Symfony\\Component\\Routing\\Exception\\ResourceNotFoundException(code: 0):  at C:\\wamp64\\www\\evenannecy\\vendor\\symfony\\routing\\Matcher\\Dumper\\PhpMatcherTrait.php:67)"} []
[2019-03-11 11:17:16] request.ERROR: Uncaught PHP Exception Symfony\Component\HttpKernel\Exception\NotFoundHttpException: "No route found for "GET /scripts/script.js" (from "http://evenannecy/test")" at C:\wamp64\www\evenannecy\vendor\symfony\http-kernel\EventListener\RouterListener.php line 139 {"exception":"[object] (Symfony\\Component\\HttpKernel\\Exception\\NotFoundHttpException(code: 0): No route found for \"GET /scripts/script.js\" (from \"http://evenannecy/test\") at C:\\wamp64\\www\\evenannecy\\vendor\\symfony\\http-kernel\\EventListener\\RouterListener.php:139, Symfony\\Component\\Routing\\Exception\\ResourceNotFoundException(code: 0):  at C:\\wamp64\\www\\evenannecy\\vendor\\symfony\\routing\\Matcher\\Dumper\\PhpMatcherTrait.php:67)"} []
[2019-03-11 11:17:16] request.ERROR: Uncaught PHP Exception Symfony\Component\HttpKernel\Exception\NotFoundHttpException: "No route found for "GET /img/theater.png" (from "http://evenannecy/test")" at C:\wamp64\www\evenannecy\vendor\symfony\http-kernel\EventListener\RouterListener.php line 139 {"exception":"[object] (Symfony\\Component\\HttpKernel\\Exception\\NotFoundHttpException(code: 0): No route found for \"GET /img/theater.png\" (from \"http://evenannecy/test\") at C:\\wamp64\\www\\evenannecy\\vendor\\symfony\\http-kernel\\EventListener\\RouterListener.php:139, Symfony\\Component\\Routing\\Exception\\ResourceNotFoundException(code: 0):  at C:\\wamp64\\www\\evenannecy\\vendor\\symfony\\routing\\Matcher\\Dumper\\PhpMatcherTrait.php:67)"} []
[2019-03-11 11:17:16] request.ERROR: Uncaught PHP Exception Symfony\Component\HttpKernel\Exception\NotFoundHttpException: "No route found for "GET /favicon.ico" (from "http://evenannecy/test")" at C:\wamp64\www\evenannecy\vendor\symfony\http-kernel\EventListener\RouterListener.php line 139 {"exception":"[object] (Symfony\\Component\\HttpKernel\\Exception\\NotFoundHttpException(code: 0): No route found for \"GET /favicon.ico\" (from \"http://evenannecy/test\") at C:\\wamp64\\www\\evenannecy\\vendor\\symfony\\http-kernel\\EventListener\\RouterListener.php:139, Symfony\\Component\\Routing\\Exception\\ResourceNotFoundException(code: 0):  at C:\\wamp64\\www\\evenannecy\\vendor\\symfony\\routing\\Matcher\\Dumper\\PhpMatcherTrait.php:67)"} []
[2019-03-11 11:17:16] request.INFO: Matched route "_wdt". {"route":"_wdt","route_parameters":{"_route":"_wdt","_controller":"web_profiler.controller.profiler::toolbarAction","token":"d47e57"},"request_uri":"http://evenannecy/_wdt/d47e57","method":"GET"} []
[2019-03-11 11:17:54] request.INFO: Matched route "test". {"route":"test","route_parameters":{"_route":"test","_controller":"App\\Controller\\TestController::index"},"request_uri":"http://evenannecy/test","method":"GET"} []
[2019-03-11 11:17:54] security.INFO: Populated the TokenStorage with an anonymous Token. [] []
[2019-03-11 11:17:55] request.INFO: Matched route "_wdt". {"route":"_wdt","route_parameters":{"_route":"_wdt","_controller":"web_profiler.controller.profiler::toolbarAction","token":"ac27ce"},"request_uri":"http://evenannecy/_wdt/ac27ce","method":"GET"} []
[2019-03-11 11:17:55] request.ERROR: Uncaught PHP Exception Symfony\Component\HttpKernel\Exception\NotFoundHttpException: "No route found for "GET /favicon.ico" (from "http://evenannecy/test")" at C:\wamp64\www\evenannecy\vendor\symfony\http-kernel\EventListener\RouterListener.php line 139 {"exception":"[object] (Symfony\\Component\\HttpKernel\\Exception\\NotFoundHttpException(code: 0): No route found for \"GET /favicon.ico\" (from \"http://evenannecy/test\") at C:\\wamp64\\www\\evenannecy\\vendor\\symfony\\http-kernel\\EventListener\\RouterListener.php:139, Symfony\\Component\\Routing\\Exception\\ResourceNotFoundException(code: 0):  at C:\\wamp64\\www\\evenannecy\\vendor\\symfony\\routing\\Matcher\\Dumper\\PhpMatcherTrait.php:67)"} []
[2019-03-11 11:19:11] request.INFO: Matched route "test". {"route":"test","route_parameters":{"_route":"test","_controller":"App\\Controller\\TestController::index"},"request_uri":"http://evenannecy/test","method":"GET"} []
[2019-03-11 11:19:11] security.INFO: Populated the TokenStorage with an anonymous Token. [] []
[2019-03-11 11:19:11] request.INFO: Matched route "_wdt". {"route":"_wdt","route_parameters":{"_route":"_wdt","_controller":"web_profiler.controller.profiler::toolbarAction","token":"67ac1e"},"request_uri":"http://evenannecy/_wdt/67ac1e","method":"GET"} []
[2019-03-11 11:19:12] request.ERROR: Uncaught PHP Exception Symfony\Component\HttpKernel\Exception\NotFoundHttpException: "No route found for "GET /favicon.ico" (from "http://evenannecy/test")" at C:\wamp64\www\evenannecy\vendor\symfony\http-kernel\EventListener\RouterListener.php line 139 {"exception":"[object] (Symfony\\Component\\HttpKernel\\Exception\\NotFoundHttpException(code: 0): No route found for \"GET /favicon.ico\" (from \"http://evenannecy/test\") at C:\\wamp64\\www\\evenannecy\\vendor\\symfony\\http-kernel\\EventListener\\RouterListener.php:139, Symfony\\Component\\Routing\\Exception\\ResourceNotFoundException(code: 0):  at C:\\wamp64\\www\\evenannecy\\vendor\\symfony\\routing\\Matcher\\Dumper\\PhpMatcherTrait.php:67)"} []
[2019-03-11 11:27:28] request.INFO: Matched route "test". {"route":"test","route_parameters":{"_route":"test","_controller":"App\\Controller\\TestController::index"},"request_uri":"http://evenannecy/test","method":"GET"} []
[2019-03-11 11:27:28] security.INFO: Populated the TokenStorage with an anonymous Token. [] []
[2019-03-11 11:27:28] request.INFO: Matched route "_wdt". {"route":"_wdt","route_parameters":{"_route":"_wdt","_controller":"web_profiler.controller.profiler::toolbarAction","token":"36a55c"},"request_uri":"http://evenannecy/_wdt/36a55c","method":"GET"} []
[2019-03-11 11:29:06] request.INFO: Matched route "test". {"route":"test","route_parameters":{"_route":"test","_controller":"App\\Controller\\TestController::index"},"request_uri":"http://evenannecy/test","method":"GET"} []
[2019-03-11 11:29:06] security.INFO: Populated the TokenStorage with an anonymous Token. [] []
[2019-03-11 11:29:06] request.CRITICAL: Uncaught PHP Exception Twig_Error_Syntax: "Cannot extend from a block." at C:\wamp64\www\evenannecy\templates\home\home.html.twig line 14 {"exception":"[object] (Twig_Error_Syntax(code: 0): Cannot extend from a block. at C:\\wamp64\\www\\evenannecy\\templates\\home\\home.html.twig:14)"} []
[2019-03-11 11:29:07] request.INFO: Matched route "_wdt". {"route":"_wdt","route_parameters":{"_route":"_wdt","_controller":"web_profiler.controller.profiler::toolbarAction","token":"c60687"},"request_uri":"http://evenannecy/_wdt/c60687","method":"GET"} []
[2019-03-11 11:29:37] request.INFO: Matched route "test". {"route":"test","route_parameters":{"_route":"test","_controller":"App\\Controller\\TestController::index"},"request_uri":"http://evenannecy/test","method":"GET"} []
[2019-03-11 11:29:37] security.INFO: Populated the TokenStorage with an anonymous Token. [] []
[2019-03-11 11:29:38] request.CRITICAL: Uncaught PHP Exception Twig_Error_Syntax: "Cannot extend from a block." at C:\wamp64\www\evenannecy\templates\home\home.html.twig line 14 {"exception":"[object] (Twig_Error_Syntax(code: 0): Cannot extend from a block. at C:\\wamp64\\www\\evenannecy\\templates\\home\\home.html.twig:14)"} []
[2019-03-11 11:29:38] request.INFO: Matched route "_wdt". {"route":"_wdt","route_parameters":{"_route":"_wdt","_controller":"web_profiler.controller.profiler::toolbarAction","token":"8342dd"},"request_uri":"http://evenannecy/_wdt/8342dd","method":"GET"} []
[2019-03-11 11:31:40] request.INFO: Matched route "test". {"route":"test","route_parameters":{"_route":"test","_controller":"App\\Controller\\TestController::index"},"request_uri":"http://evenannecy/test","method":"GET"} []
[2019-03-11 11:31:40] security.INFO: Populated the TokenStorage with an anonymous Token. [] []
[2019-03-11 11:31:40] request.CRITICAL: Uncaught PHP Exception Twig_Error_Syntax: "A template that extends another one cannot include content outside Twig blocks. Did you forget to put the content inside a {% block %} tag?" at C:\wamp64\www\evenannecy\templates\home\home.html.twig line 1 {"exception":"[object] (Twig_Error_Syntax(code: 0): A template that extends another one cannot include content outside Twig blocks. Did you forget to put the content inside a {% block %} tag? at C:\\wamp64\\www\\evenannecy\\templates\\home\\home.html.twig:1)"} []
[2019-03-11 11:31:41] request.INFO: Matched route "_wdt". {"route":"_wdt","route_parameters":{"_route":"_wdt","_controller":"web_profiler.controller.profiler::toolbarAction","token":"6a2aff"},"request_uri":"http://evenannecy/_wdt/6a2aff","method":"GET"} []
[2019-03-11 11:32:37] request.INFO: Matched route "test". {"route":"test","route_parameters":{"_route":"test","_controller":"App\\Controller\\TestController::index"},"request_uri":"http://evenannecy/test","method":"GET"} []
[2019-03-11 11:32:37] security.INFO: Populated the TokenStorage with an anonymous Token. [] []
[2019-03-11 11:32:37] request.CRITICAL: Uncaught PHP Exception Twig_Error_Syntax: "Cannot extend from a block." at C:\wamp64\www\evenannecy\templates\home\home.html.twig line 14 {"exception":"[object] (Twig_Error_Syntax(code: 0): Cannot extend from a block. at C:\\wamp64\\www\\evenannecy\\templates\\home\\home.html.twig:14)"} []
[2019-03-11 11:32:38] request.INFO: Matched route "_wdt". {"route":"_wdt","route_parameters":{"_route":"_wdt","_controller":"web_profiler.controller.profiler::toolbarAction","token":"13413c"},"request_uri":"http://evenannecy/_wdt/13413c","method":"GET"} []
[2019-03-11 11:36:24] request.INFO: Matched route "test". {"route":"test","route_parameters":{"_route":"test","_controller":"App\\Controller\\TestController::index"},"request_uri":"http://evenannecy/test","method":"GET"} []
[2019-03-11 11:36:24] security.INFO: Populated the TokenStorage with an anonymous Token. [] []
[2019-03-11 11:36:25] request.CRITICAL: Uncaught PHP Exception Twig_Error_Syntax: "A template that extends another one cannot include content outside Twig blocks. Did you forget to put the content inside a {% block %} tag?" at C:\wamp64\www\evenannecy\templates\home\home.html.twig line 1 {"exception":"[object] (Twig_Error_Syntax(code: 0): A template that extends another one cannot include content outside Twig blocks. Did you forget to put the content inside a {% block %} tag? at C:\\wamp64\\www\\evenannecy\\templates\\home\\home.html.twig:1)"} []
[2019-03-11 11:36:25] request.INFO: Matched route "_wdt". {"route":"_wdt","route_parameters":{"_route":"_wdt","_controller":"web_profiler.controller.profiler::toolbarAction","token":"7499a8"},"request_uri":"http://evenannecy/_wdt/7499a8","method":"GET"} []
[2019-03-11 11:37:10] request.INFO: Matched route "test". {"route":"test","route_parameters":{"_route":"test","_controller":"App\\Controller\\TestController::index"},"request_uri":"http://evenannecy/test","method":"GET"} []
[2019-03-11 11:37:11] security.INFO: Populated the TokenStorage with an anonymous Token. [] []
[2019-03-11 11:37:11] request.CRITICAL: Uncaught PHP Exception Twig_Error_Syntax: "A template that extends another one cannot include content outside Twig blocks. Did you forget to put the content inside a {% block %} tag?" at C:\wamp64\www\evenannecy\templates\home\home.html.twig line 1 {"exception":"[object] (Twig_Error_Syntax(code: 0): A template that extends another one cannot include content outside Twig blocks. Did you forget to put the content inside a {% block %} tag? at C:\\wamp64\\www\\evenannecy\\templates\\home\\home.html.twig:1)"} []
[2019-03-11 11:37:12] request.INFO: Matched route "_wdt". {"route":"_wdt","route_parameters":{"_route":"_wdt","_controller":"web_profiler.controller.profiler::toolbarAction","token":"683afd"},"request_uri":"http://evenannecy/_wdt/683afd","method":"GET"} []
[2019-03-11 11:37:19] request.INFO: Matched route "test". {"route":"test","route_parameters":{"_route":"test","_controller":"App\\Controller\\TestController::index"},"request_uri":"http://evenannecy/test","method":"GET"} []
[2019-03-11 11:37:19] security.INFO: Populated the TokenStorage with an anonymous Token. [] []
[2019-03-11 11:37:19] request.CRITICAL: Uncaught PHP Exception Twig_Error_Syntax: "A template that extends another one cannot include content outside Twig blocks. Did you forget to put the content inside a {% block %} tag?" at C:\wamp64\www\evenannecy\templates\home\home.html.twig line 1 {"exception":"[object] (Twig_Error_Syntax(code: 0): A template that extends another one cannot include content outside Twig blocks. Did you forget to put the content inside a {% block %} tag? at C:\\wamp64\\www\\evenannecy\\templates\\home\\home.html.twig:1)"} []
[2019-03-11 11:37:20] request.INFO: Matched route "_wdt". {"route":"_wdt","route_parameters":{"_route":"_wdt","_controller":"web_profiler.controller.profiler::toolbarAction","token":"fee335"},"request_uri":"http://evenannecy/_wdt/fee335","method":"GET"} []
[2019-03-11 11:38:57] request.INFO: Matched route "test". {"route":"test","route_parameters":{"_route":"test","_controller":"App\\Controller\\TestController::index"},"request_uri":"http://evenannecy/test","method":"GET"} []
[2019-03-11 11:38:57] security.INFO: Populated the TokenStorage with an anonymous Token. [] []
[2019-03-11 11:38:58] request.CRITICAL: Uncaught PHP Exception Twig_Error_Syntax: "A template that extends another one cannot include content outside Twig blocks. Did you forget to put the content inside a {% block %} tag?" at C:\wamp64\www\evenannecy\templates\home\home.html.twig line 1 {"exception":"[object] (Twig_Error_Syntax(code: 0): A template that extends another one cannot include content outside Twig blocks. Did you forget to put the content inside a {% block %} tag? at C:\\wamp64\\www\\evenannecy\\templates\\home\\home.html.twig:1)"} []
[2019-03-11 11:38:58] request.INFO: Matched route "_wdt". {"route":"_wdt","route_parameters":{"_route":"_wdt","_controller":"web_profiler.controller.profiler::toolbarAction","token":"bef908"},"request_uri":"http://evenannecy/_wdt/bef908","method":"GET"} []
[2019-03-11 11:40:58] request.INFO: Matched route "test". {"route":"test","route_parameters":{"_route":"test","_controller":"App\\Controller\\TestController::index"},"request_uri":"http://evenannecy/test","method":"GET"} []
[2019-03-11 11:40:58] security.INFO: Populated the TokenStorage with an anonymous Token. [] []
[2019-03-11 11:40:58] request.CRITICAL: Uncaught PHP Exception Twig_Error_Syntax: "A template that extends another one cannot include content outside Twig blocks. Did you forget to put the content inside a {% block %} tag?" at C:\wamp64\www\evenannecy\templates\home\home.html.twig line 1 {"exception":"[object] (Twig_Error_Syntax(code: 0): A template that extends another one cannot include content outside Twig blocks. Did you forget to put the content inside a {% block %} tag? at C:\\wamp64\\www\\evenannecy\\templates\\home\\home.html.twig:1)"} []
[2019-03-11 11:40:59] request.INFO: Matched route "_wdt". {"route":"_wdt","route_parameters":{"_route":"_wdt","_controller":"web_profiler.controller.profiler::toolbarAction","token":"833486"},"request_uri":"http://evenannecy/_wdt/833486","method":"GET"} []
[2019-03-11 11:41:10] request.INFO: Matched route "test". {"route":"test","route_parameters":{"_route":"test","_controller":"App\\Controller\\TestController::index"},"request_uri":"http://evenannecy/test","method":"GET"} []
[2019-03-11 11:41:10] security.INFO: Populated the TokenStorage with an anonymous Token. [] []
[2019-03-11 11:41:10] request.CRITICAL: Uncaught PHP Exception Twig_Error_Syntax: "A template that extends another one cannot include content outside Twig blocks. Did you forget to put the content inside a {% block %} tag?" at C:\wamp64\www\evenannecy\templates\home\home.html.twig line 2 {"exception":"[object] (Twig_Error_Syntax(code: 0): A template that extends another one cannot include content outside Twig blocks. Did you forget to put the content inside a {% block %} tag? at C:\\wamp64\\www\\evenannecy\\templates\\home\\home.html.twig:2)"} []
[2019-03-11 11:41:11] request.INFO: Matched route "_wdt". {"route":"_wdt","route_parameters":{"_route":"_wdt","_controller":"web_profiler.controller.profiler::toolbarAction","token":"411ea6"},"request_uri":"http://evenannecy/_wdt/411ea6","method":"GET"} []
[2019-03-11 11:41:12] request.INFO: Matched route "test". {"route":"test","route_parameters":{"_route":"test","_controller":"App\\Controller\\TestController::index"},"request_uri":"http://evenannecy/test","method":"GET"} []
[2019-03-11 11:41:12] security.INFO: Populated the TokenStorage with an anonymous Token. [] []
[2019-03-11 11:41:12] request.CRITICAL: Uncaught PHP Exception Twig_Error_Syntax: "A template that extends another one cannot include content outside Twig blocks. Did you forget to put the content inside a {% block %} tag?" at C:\wamp64\www\evenannecy\templates\home\home.html.twig line 2 {"exception":"[object] (Twig_Error_Syntax(code: 0): A template that extends another one cannot include content outside Twig blocks. Did you forget to put the content inside a {% block %} tag? at C:\\wamp64\\www\\evenannecy\\templates\\home\\home.html.twig:2)"} []
[2019-03-11 11:41:13] request.INFO: Matched route "_wdt". {"route":"_wdt","route_parameters":{"_route":"_wdt","_controller":"web_profiler.controller.profiler::toolbarAction","token":"824d8c"},"request_uri":"http://evenannecy/_wdt/824d8c","method":"GET"} []
[2019-03-11 11:42:24] request.INFO: Matched route "test". {"route":"test","route_parameters":{"_route":"test","_controller":"App\\Controller\\TestController::index"},"request_uri":"http://evenannecy/test","method":"GET"} []
[2019-03-11 11:42:24] security.INFO: Populated the TokenStorage with an anonymous Token. [] []
[2019-03-11 11:42:25] request.INFO: Matched route "_wdt". {"route":"_wdt","route_parameters":{"_route":"_wdt","_controller":"web_profiler.controller.profiler::toolbarAction","token":"a4104e"},"request_uri":"http://evenannecy/_wdt/a4104e","method":"GET"} []
[2019-03-11 11:42:25] request.ERROR: Uncaught PHP Exception Symfony\Component\HttpKernel\Exception\NotFoundHttpException: "No route found for "GET /favicon.ico" (from "http://evenannecy/test")" at C:\wamp64\www\evenannecy\vendor\symfony\http-kernel\EventListener\RouterListener.php line 139 {"exception":"[object] (Symfony\\Component\\HttpKernel\\Exception\\NotFoundHttpException(code: 0): No route found for \"GET /favicon.ico\" (from \"http://evenannecy/test\") at C:\\wamp64\\www\\evenannecy\\vendor\\symfony\\http-kernel\\EventListener\\RouterListener.php:139, Symfony\\Component\\Routing\\Exception\\ResourceNotFoundException(code: 0):  at C:\\wamp64\\www\\evenannecy\\vendor\\symfony\\routing\\Matcher\\Dumper\\PhpMatcherTrait.php:67)"} []
[2019-03-11 11:42:49] request.INFO: Matched route "test". {"route":"test","route_parameters":{"_route":"test","_controller":"App\\Controller\\TestController::index"},"request_uri":"http://evenannecy/test","method":"GET"} []
[2019-03-11 11:42:50] security.INFO: Populated the TokenStorage with an anonymous Token. [] []
[2019-03-11 11:42:50] request.CRITICAL: Uncaught PHP Exception Twig_Error_Syntax: "A template that extends another one cannot include content outside Twig blocks. Did you forget to put the content inside a {% block %} tag?" at C:\wamp64\www\evenannecy\templates\home\home.html.twig line 1 {"exception":"[object] (Twig_Error_Syntax(code: 0): A template that extends another one cannot include content outside Twig blocks. Did you forget to put the content inside a {% block %} tag? at C:\\wamp64\\www\\evenannecy\\templates\\home\\home.html.twig:1)"} []
[2019-03-11 11:42:50] request.INFO: Matched route "_wdt". {"route":"_wdt","route_parameters":{"_route":"_wdt","_controller":"web_profiler.controller.profiler::toolbarAction","token":"b9c150"},"request_uri":"http://evenannecy/_wdt/b9c150","method":"GET"} []
[2019-03-11 11:52:24] request.INFO: Matched route "test". {"route":"test","route_parameters":{"_route":"test","_controller":"App\\Controller\\TestController::index"},"request_uri":"http://evenannecy/test","method":"GET"} []
[2019-03-11 11:52:24] security.INFO: Populated the TokenStorage with an anonymous Token. [] []
[2019-03-11 11:52:25] request.INFO: Matched route "_wdt". {"route":"_wdt","route_parameters":{"_route":"_wdt","_controller":"web_profiler.controller.profiler::toolbarAction","token":"8fd35f"},"request_uri":"http://evenannecy/_wdt/8fd35f","method":"GET"} []
[2019-03-11 11:52:25] request.ERROR: Uncaught PHP Exception Symfony\Component\HttpKernel\Exception\NotFoundHttpException: "No route found for "GET /favicon.ico" (from "http://evenannecy/test")" at C:\wamp64\www\evenannecy\vendor\symfony\http-kernel\EventListener\RouterListener.php line 139 {"exception":"[object] (Symfony\\Component\\HttpKernel\\Exception\\NotFoundHttpException(code: 0): No route found for \"GET /favicon.ico\" (from \"http://evenannecy/test\") at C:\\wamp64\\www\\evenannecy\\vendor\\symfony\\http-kernel\\EventListener\\RouterListener.php:139, Symfony\\Component\\Routing\\Exception\\ResourceNotFoundException(code: 0):  at C:\\wamp64\\www\\evenannecy\\vendor\\symfony\\routing\\Matcher\\Dumper\\PhpMatcherTrait.php:67)"} []
[2019-03-11 11:58:00] request.INFO: Matched route "test". {"route":"test","route_parameters":{"_route":"test","_controller":"App\\Controller\\TestController::index"},"request_uri":"http://evenannecy/test","method":"GET"} []
[2019-03-11 11:58:00] security.INFO: Populated the TokenStorage with an anonymous Token. [] []
[2019-03-11 11:58:00] request.CRITICAL: Uncaught PHP Exception Twig_Error_Runtime: "Variable "header" does not exist." at C:\wamp64\www\evenannecy\templates\home\home.html.twig line 15 {"exception":"[object] (Twig_Error_Runtime(code: 0): Variable \"header\" does not exist. at C:\\wamp64\\www\\evenannecy\\templates\\home\\home.html.twig:15)"} []
[2019-03-11 11:58:01] request.INFO: Matched route "_wdt". {"route":"_wdt","route_parameters":{"_route":"_wdt","_controller":"web_profiler.controller.profiler::toolbarAction","token":"0f94f6"},"request_uri":"http://evenannecy/_wdt/0f94f6","method":"GET"} []
[2019-03-11 12:00:26] request.INFO: Matched route "test". {"route":"test","route_parameters":{"_route":"test","_controller":"App\\Controller\\TestController::index"},"request_uri":"http://evenannecy/test","method":"GET"} []
[2019-03-11 12:00:26] security.INFO: Populated the TokenStorage with an anonymous Token. [] []
[2019-03-11 12:00:27] request.INFO: Matched route "_wdt". {"route":"_wdt","route_parameters":{"_route":"_wdt","_controller":"web_profiler.controller.profiler::toolbarAction","token":"ed1b31"},"request_uri":"http://evenannecy/_wdt/ed1b31","method":"GET"} []
[2019-03-11 12:00:43] request.INFO: Matched route "test". {"route":"test","route_parameters":{"_route":"test","_controller":"App\\Controller\\TestController::index"},"request_uri":"http://evenannecy/test","method":"GET"} []
[2019-03-11 12:00:43] security.INFO: Populated the TokenStorage with an anonymous Token. [] []
[2019-03-11 12:00:43] request.INFO: Matched route "_wdt". {"route":"_wdt","route_parameters":{"_route":"_wdt","_controller":"web_profiler.controller.profiler::toolbarAction","token":"099248"},"request_uri":"http://evenannecy/_wdt/099248","method":"GET"} []
[2019-03-11 12:00:44] request.ERROR: Uncaught PHP Exception Symfony\Component\HttpKernel\Exception\NotFoundHttpException: "No route found for "GET /favicon.ico" (from "http://evenannecy/test")" at C:\wamp64\www\evenannecy\vendor\symfony\http-kernel\EventListener\RouterListener.php line 139 {"exception":"[object] (Symfony\\Component\\HttpKernel\\Exception\\NotFoundHttpException(code: 0): No route found for \"GET /favicon.ico\" (from \"http://evenannecy/test\") at C:\\wamp64\\www\\evenannecy\\vendor\\symfony\\http-kernel\\EventListener\\RouterListener.php:139, Symfony\\Component\\Routing\\Exception\\ResourceNotFoundException(code: 0):  at C:\\wamp64\\www\\evenannecy\\vendor\\symfony\\routing\\Matcher\\Dumper\\PhpMatcherTrait.php:67)"} []
[2019-03-11 12:05:05] request.INFO: Matched route "test". {"route":"test","route_parameters":{"_route":"test","_controller":"App\\Controller\\TestController::index"},"request_uri":"http://evenannecy/test","method":"GET"} []
[2019-03-11 12:05:05] security.INFO: Populated the TokenStorage with an anonymous Token. [] []
[2019-03-11 12:05:05] request.CRITICAL: Uncaught PHP Exception Twig_Error_Syntax: "Unexpected character "$"." at C:\wamp64\www\evenannecy\templates\includes\header.html.twig line 3 {"exception":"[object] (Twig_Error_Syntax(code: 0): Unexpected character \"$\". at C:\\wamp64\\www\\evenannecy\\templates\\includes\\header.html.twig:3)"} []
[2019-03-11 12:05:06] request.INFO: Matched route "_wdt". {"route":"_wdt","route_parameters":{"_route":"_wdt","_controller":"web_profiler.controller.profiler::toolbarAction","token":"ac611b"},"request_uri":"http://evenannecy/_wdt/ac611b","method":"GET"} []
[2019-03-11 12:06:17] request.INFO: Matched route "test". {"route":"test","route_parameters":{"_route":"test","_controller":"App\\Controller\\TestController::index"},"request_uri":"http://evenannecy/test","method":"GET"} []
[2019-03-11 12:06:17] security.INFO: Populated the TokenStorage with an anonymous Token. [] []
[2019-03-11 12:06:17] request.CRITICAL: Uncaught PHP Exception Twig_Error_Syntax: "Unexpected character "$"." at C:\wamp64\www\evenannecy\templates\includes\header.html.twig line 3 {"exception":"[object] (Twig_Error_Syntax(code: 0): Unexpected character \"$\". at C:\\wamp64\\www\\evenannecy\\templates\\includes\\header.html.twig:3)"} []
[2019-03-11 12:06:18] request.INFO: Matched route "_wdt". {"route":"_wdt","route_parameters":{"_route":"_wdt","_controller":"web_profiler.controller.profiler::toolbarAction","token":"6fdaf3"},"request_uri":"http://evenannecy/_wdt/6fdaf3","method":"GET"} []
[2019-03-11 12:06:20] request.INFO: Matched route "test". {"route":"test","route_parameters":{"_route":"test","_controller":"App\\Controller\\TestController::index"},"request_uri":"http://evenannecy/test","method":"GET"} []
[2019-03-11 12:06:20] security.INFO: Populated the TokenStorage with an anonymous Token. [] []
[2019-03-11 12:06:20] request.CRITICAL: Uncaught PHP Exception Twig_Error_Syntax: "Unexpected character "$"." at C:\wamp64\www\evenannecy\templates\includes\header.html.twig line 3 {"exception":"[object] (Twig_Error_Syntax(code: 0): Unexpected character \"$\". at C:\\wamp64\\www\\evenannecy\\templates\\includes\\header.html.twig:3)"} []
[2019-03-11 12:06:21] request.INFO: Matched route "_wdt". {"route":"_wdt","route_parameters":{"_route":"_wdt","_controller":"web_profiler.controller.profiler::toolbarAction","token":"cb2f4b"},"request_uri":"http://evenannecy/_wdt/cb2f4b","method":"GET"} []
[2019-03-11 12:08:02] request.INFO: Matched route "test". {"route":"test","route_parameters":{"_route":"test","_controller":"App\\Controller\\TestController::index"},"request_uri":"http://evenannecy/test","method":"GET"} []
[2019-03-11 12:08:02] security.INFO: Populated the TokenStorage with an anonymous Token. [] []
[2019-03-11 12:08:02] request.CRITICAL: Uncaught PHP Exception ErrorException: "Notice: Undefined variable: request" at C:\wamp64\www\evenannecy\src\Controller\TestController.php line 16 {"exception":"[object] (ErrorException(code: 0): Notice: Undefined variable: request at C:\\wamp64\\www\\evenannecy\\src\\Controller\\TestController.php:16)"} []
[2019-03-11 12:08:03] request.INFO: Matched route "_wdt". {"route":"_wdt","route_parameters":{"_route":"_wdt","_controller":"web_profiler.controller.profiler::toolbarAction","token":"3f6b65"},"request_uri":"http://evenannecy/_wdt/3f6b65","method":"GET"} []
[2019-03-11 12:09:40] request.INFO: Matched route "test". {"route":"test","route_parameters":{"_route":"test","_controller":"App\\Controller\\TestController::index"},"request_uri":"http://evenannecy/test","method":"GET"} []
[2019-03-11 12:09:40] security.INFO: Populated the TokenStorage with an anonymous Token. [] []
[2019-03-11 12:09:40] request.CRITICAL: Uncaught PHP Exception Twig_Error_Syntax: "Unexpected character "$"." at C:\wamp64\www\evenannecy\templates\includes\header.html.twig line 4 {"exception":"[object] (Twig_Error_Syntax(code: 0): Unexpected character \"$\". at C:\\wamp64\\www\\evenannecy\\templates\\includes\\header.html.twig:4)"} []
[2019-03-11 12:09:41] request.INFO: Matched route "_wdt". {"route":"_wdt","route_parameters":{"_route":"_wdt","_controller":"web_profiler.controller.profiler::toolbarAction","token":"e5a306"},"request_uri":"http://evenannecy/_wdt/e5a306","method":"GET"} []
[2019-03-11 12:10:07] request.INFO: Matched route "test". {"route":"test","route_parameters":{"_route":"test","_controller":"App\\Controller\\TestController::index"},"request_uri":"http://evenannecy/test","method":"GET"} []
[2019-03-11 12:10:07] security.INFO: Populated the TokenStorage with an anonymous Token. [] []
[2019-03-11 12:10:07] request.CRITICAL: Uncaught PHP Exception Twig_Error_Syntax: "Unexpected ")"." at C:\wamp64\www\evenannecy\templates\includes\header.html.twig line 3 {"exception":"[object] (Twig_Error_Syntax(code: 0): Unexpected \")\". at C:\\wamp64\\www\\evenannecy\\templates\\includes\\header.html.twig:3)"} []
[2019-03-11 12:10:08] request.INFO: Matched route "_wdt". {"route":"_wdt","route_parameters":{"_route":"_wdt","_controller":"web_profiler.controller.profiler::toolbarAction","token":"94578e"},"request_uri":"http://evenannecy/_wdt/94578e","method":"GET"} []
[2019-03-11 12:10:32] request.INFO: Matched route "test". {"route":"test","route_parameters":{"_route":"test","_controller":"App\\Controller\\TestController::index"},"request_uri":"http://evenannecy/test","method":"GET"} []
[2019-03-11 12:10:32] security.INFO: Populated the TokenStorage with an anonymous Token. [] []
[2019-03-11 12:10:32] request.CRITICAL: Uncaught PHP Exception Twig_Error_Syntax: "Unknown "strrpos" function." at C:\wamp64\www\evenannecy\templates\includes\header.html.twig line 3 {"exception":"[object] (Twig_Error_Syntax(code: 0): Unknown \"strrpos\" function. at C:\\wamp64\\www\\evenannecy\\templates\\includes\\header.html.twig:3)"} []
[2019-03-11 12:10:33] request.INFO: Matched route "_wdt". {"route":"_wdt","route_parameters":{"_route":"_wdt","_controller":"web_profiler.controller.profiler::toolbarAction","token":"0cffc7"},"request_uri":"http://evenannecy/_wdt/0cffc7","method":"GET"} []
[2019-03-11 12:13:52] request.INFO: Matched route "test". {"route":"test","route_parameters":{"_route":"test","_controller":"App\\Controller\\TestController::index"},"request_uri":"http://evenannecy/test","method":"GET"} []
[2019-03-11 12:13:52] security.INFO: Populated the TokenStorage with an anonymous Token. [] []
[2019-03-11 12:13:52] request.CRITICAL: Uncaught PHP Exception Twig_Error_Syntax: "Unexpected ")"." at C:\wamp64\www\evenannecy\templates\includes\header.html.twig line 3 {"exception":"[object] (Twig_Error_Syntax(code: 0): Unexpected \")\". at C:\\wamp64\\www\\evenannecy\\templates\\includes\\header.html.twig:3)"} []
[2019-03-11 12:13:53] request.INFO: Matched route "_wdt". {"route":"_wdt","route_parameters":{"_route":"_wdt","_controller":"web_profiler.controller.profiler::toolbarAction","token":"46b4b4"},"request_uri":"http://evenannecy/_wdt/46b4b4","method":"GET"} []
[2019-03-11 12:14:13] request.INFO: Matched route "test". {"route":"test","route_parameters":{"_route":"test","_controller":"App\\Controller\\TestController::index"},"request_uri":"http://evenannecy/test","method":"GET"} []
[2019-03-11 12:14:13] security.INFO: Populated the TokenStorage with an anonymous Token. [] []
[2019-03-11 12:14:14] request.CRITICAL: Uncaught PHP Exception Twig_Error_Runtime: "Variable "server_url" does not exist." at C:\wamp64\www\evenannecy\templates\includes\header.html.twig line 3 {"exception":"[object] (Twig_Error_Runtime(code: 0): Variable \"server_url\" does not exist. at C:\\wamp64\\www\\evenannecy\\templates\\includes\\header.html.twig:3)"} []
[2019-03-11 12:14:15] request.INFO: Matched route "_wdt". {"route":"_wdt","route_parameters":{"_route":"_wdt","_controller":"web_profiler.controller.profiler::toolbarAction","token":"642c85"},"request_uri":"http://evenannecy/_wdt/642c85","method":"GET"} []
[2019-03-11 12:14:52] request.INFO: Matched route "test". {"route":"test","route_parameters":{"_route":"test","_controller":"App\\Controller\\TestController::index"},"request_uri":"http://evenannecy/test","method":"GET"} []
[2019-03-11 12:14:52] security.INFO: Populated the TokenStorage with an anonymous Token. [] []
[2019-03-11 12:14:52] request.CRITICAL: Uncaught PHP Exception Twig_Error_Runtime: "Variable "server_url" does not exist." at C:\wamp64\www\evenannecy\templates\includes\header.html.twig line 3 {"exception":"[object] (Twig_Error_Runtime(code: 0): Variable \"server_url\" does not exist. at C:\\wamp64\\www\\evenannecy\\templates\\includes\\header.html.twig:3)"} []
[2019-03-11 12:14:53] request.INFO: Matched route "_wdt". {"route":"_wdt","route_parameters":{"_route":"_wdt","_controller":"web_profiler.controller.profiler::toolbarAction","token":"660922"},"request_uri":"http://evenannecy/_wdt/660922","method":"GET"} []
[2019-03-11 12:14:54] request.INFO: Matched route "test". {"route":"test","route_parameters":{"_route":"test","_controller":"App\\Controller\\TestController::index"},"request_uri":"http://evenannecy/test","method":"GET"} []
[2019-03-11 12:14:54] security.INFO: Populated the TokenStorage with an anonymous Token. [] []
[2019-03-11 12:14:54] request.CRITICAL: Uncaught PHP Exception Twig_Error_Runtime: "Variable "server_url" does not exist." at C:\wamp64\www\evenannecy\templates\includes\header.html.twig line 3 {"exception":"[object] (Twig_Error_Runtime(code: 0): Variable \"server_url\" does not exist. at C:\\wamp64\\www\\evenannecy\\templates\\includes\\header.html.twig:3)"} []
[2019-03-11 12:14:55] request.INFO: Matched route "_wdt". {"route":"_wdt","route_parameters":{"_route":"_wdt","_controller":"web_profiler.controller.profiler::toolbarAction","token":"8d0c9f"},"request_uri":"http://evenannecy/_wdt/8d0c9f","method":"GET"} []
[2019-03-11 12:15:10] request.INFO: Matched route "test". {"route":"test","route_parameters":{"_route":"test","_controller":"App\\Controller\\TestController::index"},"request_uri":"http://evenannecy/test","method":"GET"} []
[2019-03-11 12:15:10] security.INFO: Populated the TokenStorage with an anonymous Token. [] []
[2019-03-11 12:15:10] request.CRITICAL: Uncaught PHP Exception Twig_Error_Syntax: "A hash key must be a quoted string, a number, a name, or an expression enclosed in parentheses (unexpected token "punctuation" of value "{"." at C:\wamp64\www\evenannecy\templates\includes\header.html.twig line 3 {"exception":"[object] (Twig_Error_Syntax(code: 0): A hash key must be a quoted string, a number, a name, or an expression enclosed in parentheses (unexpected token \"punctuation\" of value \"{\". at C:\\wamp64\\www\\evenannecy\\templates\\includes\\header.html.twig:3)"} []
[2019-03-11 12:15:11] request.INFO: Matched route "_wdt". {"route":"_wdt","route_parameters":{"_route":"_wdt","_controller":"web_profiler.controller.profiler::toolbarAction","token":"0a6ad7"},"request_uri":"http://evenannecy/_wdt/0a6ad7","method":"GET"} []
[2019-03-11 12:17:10] request.INFO: Matched route "test". {"route":"test","route_parameters":{"_route":"test","_controller":"App\\Controller\\TestController::index"},"request_uri":"http://evenannecy/test","method":"GET"} []
[2019-03-11 12:17:10] security.INFO: Populated the TokenStorage with an anonymous Token. [] []
[2019-03-11 12:17:10] request.CRITICAL: Uncaught PHP Exception Twig_Error_Runtime: "Variable "server_url" does not exist." at C:\wamp64\www\evenannecy\templates\includes\header.html.twig line 3 {"exception":"[object] (Twig_Error_Runtime(code: 0): Variable \"server_url\" does not exist. at C:\\wamp64\\www\\evenannecy\\templates\\includes\\header.html.twig:3)"} []
[2019-03-11 12:17:11] request.INFO: Matched route "_wdt". {"route":"_wdt","route_parameters":{"_route":"_wdt","_controller":"web_profiler.controller.profiler::toolbarAction","token":"bbb0cb"},"request_uri":"http://evenannecy/_wdt/bbb0cb","method":"GET"} []
[2019-03-11 12:20:45] request.INFO: Matched route "test". {"route":"test","route_parameters":{"_route":"test","_controller":"App\\Controller\\TestController::index"},"request_uri":"http://evenannecy/test","method":"GET"} []
[2019-03-11 12:20:45] security.INFO: Populated the TokenStorage with an anonymous Token. [] []
[2019-03-11 12:20:45] request.CRITICAL: Uncaught PHP Exception Twig_Error_Runtime: "Variable "server_url" does not exist." at C:\wamp64\www\evenannecy\templates\includes\header.html.twig line 3 {"exception":"[object] (Twig_Error_Runtime(code: 0): Variable \"server_url\" does not exist. at C:\\wamp64\\www\\evenannecy\\templates\\includes\\header.html.twig:3)"} []
[2019-03-11 12:20:46] request.INFO: Matched route "_wdt". {"route":"_wdt","route_parameters":{"_route":"_wdt","_controller":"web_profiler.controller.profiler::toolbarAction","token":"d8d74a"},"request_uri":"http://evenannecy/_wdt/d8d74a","method":"GET"} []
[2019-03-11 12:21:49] request.INFO: Matched route "test". {"route":"test","route_parameters":{"_route":"test","_controller":"App\\Controller\\TestController::index"},"request_uri":"http://evenannecy/test","method":"GET"} []
[2019-03-11 12:21:49] security.INFO: Populated the TokenStorage with an anonymous Token. [] []
[2019-03-11 12:21:50] request.INFO: Matched route "_wdt". {"route":"_wdt","route_parameters":{"_route":"_wdt","_controller":"web_profiler.controller.profiler::toolbarAction","token":"e9007c"},"request_uri":"http://evenannecy/_wdt/e9007c","method":"GET"} []
[2019-03-11 12:21:50] request.ERROR: Uncaught PHP Exception Symfony\Component\HttpKernel\Exception\NotFoundHttpException: "No route found for "GET /favicon.ico" (from "http://evenannecy/test")" at C:\wamp64\www\evenannecy\vendor\symfony\http-kernel\EventListener\RouterListener.php line 139 {"exception":"[object] (Symfony\\Component\\HttpKernel\\Exception\\NotFoundHttpException(code: 0): No route found for \"GET /favicon.ico\" (from \"http://evenannecy/test\") at C:\\wamp64\\www\\evenannecy\\vendor\\symfony\\http-kernel\\EventListener\\RouterListener.php:139, Symfony\\Component\\Routing\\Exception\\ResourceNotFoundException(code: 0):  at C:\\wamp64\\www\\evenannecy\\vendor\\symfony\\routing\\Matcher\\Dumper\\PhpMatcherTrait.php:67)"} []
[2019-03-11 12:22:20] request.INFO: Matched route "test". {"route":"test","route_parameters":{"_route":"test","_controller":"App\\Controller\\TestController::index"},"request_uri":"http://evenannecy/test","method":"GET"} []
[2019-03-11 12:22:20] security.INFO: Populated the TokenStorage with an anonymous Token. [] []
[2019-03-11 12:22:21] request.INFO: Matched route "_wdt". {"route":"_wdt","route_parameters":{"_route":"_wdt","_controller":"web_profiler.controller.profiler::toolbarAction","token":"2029ce"},"request_uri":"http://evenannecy/_wdt/2029ce","method":"GET"} []
[2019-03-11 12:22:22] request.INFO: Matched route "test". {"route":"test","route_parameters":{"_route":"test","_controller":"App\\Controller\\TestController::index"},"request_uri":"http://evenannecy/test","method":"GET"} []
[2019-03-11 12:22:22] security.INFO: Populated the TokenStorage with an anonymous Token. [] []
[2019-03-11 12:22:23] request.INFO: Matched route "_wdt". {"route":"_wdt","route_parameters":{"_route":"_wdt","_controller":"web_profiler.controller.profiler::toolbarAction","token":"2fbb0f"},"request_uri":"http://evenannecy/_wdt/2fbb0f","method":"GET"} []
[2019-03-11 12:22:23] request.ERROR: Uncaught PHP Exception Symfony\Component\HttpKernel\Exception\NotFoundHttpException: "No route found for "GET /favicon.ico" (from "http://evenannecy/test")" at C:\wamp64\www\evenannecy\vendor\symfony\http-kernel\EventListener\RouterListener.php line 139 {"exception":"[object] (Symfony\\Component\\HttpKernel\\Exception\\NotFoundHttpException(code: 0): No route found for \"GET /favicon.ico\" (from \"http://evenannecy/test\") at C:\\wamp64\\www\\evenannecy\\vendor\\symfony\\http-kernel\\EventListener\\RouterListener.php:139, Symfony\\Component\\Routing\\Exception\\ResourceNotFoundException(code: 0):  at C:\\wamp64\\www\\evenannecy\\vendor\\symfony\\routing\\Matcher\\Dumper\\PhpMatcherTrait.php:67)"} []
[2019-03-11 12:23:55] request.ERROR: Uncaught PHP Exception Symfony\Component\HttpKernel\Exception\NotFoundHttpException: "No route found for "GET /favicon.ico"" at C:\wamp64\www\evenannecy\vendor\symfony\http-kernel\EventListener\RouterListener.php line 139 {"exception":"[object] (Symfony\\Component\\HttpKernel\\Exception\\NotFoundHttpException(code: 0): No route found for \"GET /favicon.ico\" at C:\\wamp64\\www\\evenannecy\\vendor\\symfony\\http-kernel\\EventListener\\RouterListener.php:139, Symfony\\Component\\Routing\\Exception\\ResourceNotFoundException(code: 0):  at C:\\wamp64\\www\\evenannecy\\vendor\\symfony\\routing\\Matcher\\Dumper\\PhpMatcherTrait.php:67)"} []
[2019-03-11 12:23:56] request.INFO: Matched route "_wdt". {"route":"_wdt","route_parameters":{"_route":"_wdt","_controller":"web_profiler.controller.profiler::toolbarAction","token":"d2a2df"},"request_uri":"http://evenannecy/_wdt/d2a2df","method":"GET"} []
[2019-03-11 12:25:59] request.INFO: Matched route "test". {"route":"test","route_parameters":{"_route":"test","_controller":"App\\Controller\\TestController::index"},"request_uri":"http://evenannecy/test","method":"GET"} []
[2019-03-11 12:25:59] security.INFO: Populated the TokenStorage with an anonymous Token. [] []
[2019-03-11 12:26:00] request.INFO: Matched route "_wdt". {"route":"_wdt","route_parameters":{"_route":"_wdt","_controller":"web_profiler.controller.profiler::toolbarAction","token":"9c9503"},"request_uri":"http://evenannecy/_wdt/9c9503","method":"GET"} []
[2019-03-11 12:26:48] request.INFO: Matched route "test". {"route":"test","route_parameters":{"_route":"test","_controller":"App\\Controller\\TestController::index"},"request_uri":"http://evenannecy/test","method":"GET"} []
[2019-03-11 12:26:48] security.INFO: Populated the TokenStorage with an anonymous Token. [] []
[2019-03-11 12:26:48] request.INFO: Matched route "_wdt". {"route":"_wdt","route_parameters":{"_route":"_wdt","_controller":"web_profiler.controller.profiler::toolbarAction","token":"2cdca0"},"request_uri":"http://evenannecy/_wdt/2cdca0","method":"GET"} []
[2019-03-11 12:26:48] request.ERROR: Uncaught PHP Exception Symfony\Component\HttpKernel\Exception\NotFoundHttpException: "No route found for "GET /favicon.ico" (from "http://evenannecy/test")" at C:\wamp64\www\evenannecy\vendor\symfony\http-kernel\EventListener\RouterListener.php line 139 {"exception":"[object] (Symfony\\Component\\HttpKernel\\Exception\\NotFoundHttpException(code: 0): No route found for \"GET /favicon.ico\" (from \"http://evenannecy/test\") at C:\\wamp64\\www\\evenannecy\\vendor\\symfony\\http-kernel\\EventListener\\RouterListener.php:139, Symfony\\Component\\Routing\\Exception\\ResourceNotFoundException(code: 0):  at C:\\wamp64\\www\\evenannecy\\vendor\\symfony\\routing\\Matcher\\Dumper\\PhpMatcherTrait.php:67)"} []
[2019-03-11 12:27:50] request.INFO: Matched route "test". {"route":"test","route_parameters":{"_route":"test","_controller":"App\\Controller\\TestController::index"},"request_uri":"http://evenannecy/test","method":"GET"} []
[2019-03-11 12:27:50] security.INFO: Populated the TokenStorage with an anonymous Token. [] []
[2019-03-11 12:27:51] request.INFO: Matched route "_wdt". {"route":"_wdt","route_parameters":{"_route":"_wdt","_controller":"web_profiler.controller.profiler::toolbarAction","token":"2401e4"},"request_uri":"http://evenannecy/_wdt/2401e4","method":"GET"} []
[2019-03-11 12:38:09] request.INFO: Matched route "test". {"route":"test","route_parameters":{"_route":"test","_controller":"App\\Controller\\TestController::index"},"request_uri":"http://evenannecy/test","method":"GET"} []
[2019-03-11 12:38:09] security.INFO: Populated the TokenStorage with an anonymous Token. [] []
[2019-03-11 12:38:11] request.INFO: Matched route "_wdt". {"route":"_wdt","route_parameters":{"_route":"_wdt","_controller":"web_profiler.controller.profiler::toolbarAction","token":"348938"},"request_uri":"http://evenannecy/_wdt/348938","method":"GET"} []
[2019-03-11 12:43:16] request.ERROR: Uncaught PHP Exception Symfony\Component\HttpKernel\Exception\NotFoundHttpException: "No route found for "GET /views/signup" (from "http://evenannecy/test")" at C:\wamp64\www\evenannecy\vendor\symfony\http-kernel\EventListener\RouterListener.php line 139 {"exception":"[object] (Symfony\\Component\\HttpKernel\\Exception\\NotFoundHttpException(code: 0): No route found for \"GET /views/signup\" (from \"http://evenannecy/test\") at C:\\wamp64\\www\\evenannecy\\vendor\\symfony\\http-kernel\\EventListener\\RouterListener.php:139, Symfony\\Component\\Routing\\Exception\\ResourceNotFoundException(code: 0):  at C:\\wamp64\\www\\evenannecy\\vendor\\symfony\\routing\\Matcher\\Dumper\\PhpMatcherTrait.php:67)"} []
[2019-03-11 12:43:17] request.INFO: Matched route "_wdt". {"route":"_wdt","route_parameters":{"_route":"_wdt","_controller":"web_profiler.controller.profiler::toolbarAction","token":"0a2935"},"request_uri":"http://evenannecy/_wdt/0a2935","method":"GET"} []
[2019-03-11 12:43:22] request.INFO: Matched route "test". {"route":"test","route_parameters":{"_route":"test","_controller":"App\\Controller\\TestController::index"},"request_uri":"http://evenannecy/test","method":"GET"} []
[2019-03-11 12:43:22] security.INFO: Populated the TokenStorage with an anonymous Token. [] []
[2019-03-11 12:43:22] request.CRITICAL: Uncaught PHP Exception Twig_Error_Runtime: "An exception has been thrown during the rendering of a template ("Unable to generate a URL for the named route "signup" as such route does not exist.")." at C:\wamp64\www\evenannecy\templates\includes\header.html.twig line 7 {"exception":"[object] (Twig_Error_Runtime(code: 0): An exception has been thrown during the rendering of a template (\"Unable to generate a URL for the named route \"signup\" as such route does not exist.\"). at C:\\wamp64\\www\\evenannecy\\templates\\includes\\header.html.twig:7, Symfony\\Component\\Routing\\Exception\\RouteNotFoundException(code: 0): Unable to generate a URL for the named route \"signup\" as such route does not exist. at C:\\wamp64\\www\\evenannecy\\var\\cache\\dev\\srcApp_KernelDevDebugContainerUrlGenerator.php:58)"} []
[2019-03-11 12:43:23] request.INFO: Matched route "_wdt". {"route":"_wdt","route_parameters":{"_route":"_wdt","_controller":"web_profiler.controller.profiler::toolbarAction","token":"5beea2"},"request_uri":"http://evenannecy/_wdt/5beea2","method":"GET"} []
[2019-03-11 12:43:26] request.INFO: Matched route "test". {"route":"test","route_parameters":{"_route":"test","_controller":"App\\Controller\\TestController::index"},"request_uri":"http://evenannecy/test","method":"GET"} []
[2019-03-11 12:43:26] security.INFO: Populated the TokenStorage with an anonymous Token. [] []
[2019-03-11 12:43:26] request.CRITICAL: Uncaught PHP Exception Twig_Error_Runtime: "An exception has been thrown during the rendering of a template ("Unable to generate a URL for the named route "signup" as such route does not exist.")." at C:\wamp64\www\evenannecy\templates\includes\header.html.twig line 7 {"exception":"[object] (Twig_Error_Runtime(code: 0): An exception has been thrown during the rendering of a template (\"Unable to generate a URL for the named route \"signup\" as such route does not exist.\"). at C:\\wamp64\\www\\evenannecy\\templates\\includes\\header.html.twig:7, Symfony\\Component\\Routing\\Exception\\RouteNotFoundException(code: 0): Unable to generate a URL for the named route \"signup\" as such route does not exist. at C:\\wamp64\\www\\evenannecy\\var\\cache\\dev\\srcApp_KernelDevDebugContainerUrlGenerator.php:58)"} []
[2019-03-11 12:43:27] request.INFO: Matched route "_wdt". {"route":"_wdt","route_parameters":{"_route":"_wdt","_controller":"web_profiler.controller.profiler::toolbarAction","token":"66464a"},"request_uri":"http://evenannecy/_wdt/66464a","method":"GET"} []
[2019-03-11 12:43:46] request.INFO: Matched route "test". {"route":"test","route_parameters":{"_route":"test","_controller":"App\\Controller\\TestController::index"},"request_uri":"http://evenannecy/test","method":"GET"} []
[2019-03-11 12:43:46] security.INFO: Populated the TokenStorage with an anonymous Token. [] []
[2019-03-11 12:43:47] request.INFO: Matched route "_wdt". {"route":"_wdt","route_parameters":{"_route":"_wdt","_controller":"web_profiler.controller.profiler::toolbarAction","token":"54c861"},"request_uri":"http://evenannecy/_wdt/54c861","method":"GET"} []
[2019-03-11 13:01:28] request.ERROR: Uncaught PHP Exception Symfony\Component\HttpKernel\Exception\NotFoundHttpException: "No route found for "GET /views/signup" (from "http://evenannecy/test")" at C:\wamp64\www\evenannecy\vendor\symfony\http-kernel\EventListener\RouterListener.php line 139 {"exception":"[object] (Symfony\\Component\\HttpKernel\\Exception\\NotFoundHttpException(code: 0): No route found for \"GET /views/signup\" (from \"http://evenannecy/test\") at C:\\wamp64\\www\\evenannecy\\vendor\\symfony\\http-kernel\\EventListener\\RouterListener.php:139, Symfony\\Component\\Routing\\Exception\\ResourceNotFoundException(code: 0):  at C:\\wamp64\\www\\evenannecy\\vendor\\symfony\\routing\\Matcher\\Dumper\\PhpMatcherTrait.php:67)"} []
[2019-03-11 13:04:09] console.ERROR: Error thrown while running command ""rem:auth"". Message: "There are no commands defined in the "rem" namespace." {"exception":"[object] (Symfony\\Component\\Console\\Exception\\NamespaceNotFoundException(code: 0): There are no commands defined in the \"rem\" namespace. at C:\\wamp64\\www\\evenannecy\\vendor\\symfony\\console\\Application.php:578)","command":"\"rem:auth\"","message":"There are no commands defined in the \"rem\" namespace."} []
[2019-03-11 13:13:38] php.CRITICAL: Fatal Error: Class App\Entity\User contains 3 abstract methods and must therefore be declared abstract or implement the remaining methods (Symfony\Component\Security\Core\User\UserInterface::getRoles, Symfony\Component\Security\Core\User\UserInterface::getSalt, Symfony\Component\Security\Core\User\UserInterface::eraseCredentials) {"exception":"[object] (Symfony\\Component\\Debug\\Exception\\FatalErrorException(code: 0): Error: Class App\\Entity\\User contains 3 abstract methods and must therefore be declared abstract or implement the remaining methods (Symfony\\Component\\Security\\Core\\User\\UserInterface::getRoles, Symfony\\Component\\Security\\Core\\User\\UserInterface::getSalt, Symfony\\Component\\Security\\Core\\User\\UserInterface::eraseCredentials) at C:\\wamp64\\www\\evenannecy\\src\\Entity\\User.php:11)"} []
[2019-03-11 13:15:44] php.CRITICAL: Fatal Error: Class App\Entity\User contains 3 abstract methods and must therefore be declared abstract or implement the remaining methods (Symfony\Component\Security\Core\User\UserInterface::getRoles, Symfony\Component\Security\Core\User\UserInterface::getSalt, Symfony\Component\Security\Core\User\UserInterface::eraseCredentials) {"exception":"[object] (Symfony\\Component\\Debug\\Exception\\FatalErrorException(code: 0): Error: Class App\\Entity\\User contains 3 abstract methods and must therefore be declared abstract or implement the remaining methods (Symfony\\Component\\Security\\Core\\User\\UserInterface::getRoles, Symfony\\Component\\Security\\Core\\User\\UserInterface::getSalt, Symfony\\Component\\Security\\Core\\User\\UserInterface::eraseCredentials) at C:\\wamp64\\www\\evenannecy\\src\\Entity\\User.php:11)"} []
[2019-03-11 13:17:36] console.DEBUG: Command "make:user" exited with code "1" {"command":"make:user","code":1} []
[2019-03-11 13:27:17] php.DEBUG: Warning: filemtime(): stat failed for C:\wamp64\www\evenannecy\config\routes\annotations.yaml {"exception":"[object] (Symfony\\Component\\Debug\\Exception\\SilencedErrorContext: {\"severity\":2,\"file\":\"/home/vicentef/public_html/evenannecy/vendor/symfony/config/Resource/FileResource.php\",\"line\":63,\"trace\":[{\"file\":\"/home/vicentef/public_html/evenannecy/vendor/symfony/config/Resource/SelfCheckingResourceChecker.php\",\"line\":34,\"function\":\"isFresh\",\"class\":\"Symfony\\\\Component\\\\Config\\\\Resource\\\\FileResource\",\"type\":\"->\"}],\"count\":1})"} []
[2019-03-11 13:27:17] request.ERROR: Uncaught PHP Exception Symfony\Component\HttpKernel\Exception\NotFoundHttpException: "No route found for "GET /"" at /home/vicentef/public_html/evenannecy/vendor/symfony/http-kernel/EventListener/RouterListener.php line 139 {"exception":"[object] (Symfony\\Component\\HttpKernel\\Exception\\NotFoundHttpException(code: 0): No route found for \"GET /\" at /home/vicentef/public_html/evenannecy/vendor/symfony/http-kernel/EventListener/RouterListener.php:139, Symfony\\Component\\Routing\\Exception\\NoConfigurationException(code: 0):  at /home/vicentef/public_html/evenannecy/vendor/symfony/routing/Matcher/Dumper/PhpMatcherTrait.php:172)"} []
[2019-03-11 13:27:17] request.INFO: Matched route "_wdt". {"route":"_wdt","route_parameters":{"_route":"_wdt","_controller":"web_profiler.controller.profiler::toolbarAction","token":"d3ca13"},"request_uri":"http://10.103.1.200:9120/_wdt/d3ca13","method":"GET"} []
[2019-03-11 13:27:22] request.INFO: Matched route "test". {"route":"test","route_parameters":{"_route":"test","_controller":"App\\Controller\\TestController::index"},"request_uri":"http://10.103.1.200:9120/test","method":"GET"} []
[2019-03-11 13:27:22] security.DEBUG: Checking for guard authentication credentials. {"firewall_key":"main","authenticators":2} []
[2019-03-11 13:27:22] security.DEBUG: Checking support on guard authenticator. {"firewall_key":"main","authenticator":"App\\Security\\AppAuthenticationAuthenticator"} []
[2019-03-11 13:27:22] security.DEBUG: Guard authenticator does not support the request. {"firewall_key":"main","authenticator":"App\\Security\\AppAuthenticationAuthenticator"} []
[2019-03-11 13:27:22] security.DEBUG: Checking support on guard authenticator. {"firewall_key":"main","authenticator":"App\\Security\\AppCustomAuthenticator"} []
[2019-03-11 13:27:22] security.DEBUG: Guard authenticator does not support the request. {"firewall_key":"main","authenticator":"App\\Security\\AppCustomAuthenticator"} []
[2019-03-11 13:27:22] security.INFO: Populated the TokenStorage with an anonymous Token. [] []
[2019-03-11 13:27:23] request.INFO: Matched route "_wdt". {"route":"_wdt","route_parameters":{"_route":"_wdt","_controller":"web_profiler.controller.profiler::toolbarAction","token":"375b7f"},"request_uri":"http://10.103.1.200:9120/_wdt/375b7f","method":"GET"} []
[2019-03-11 13:27:26] request.ERROR: Uncaught PHP Exception Symfony\Component\HttpKernel\Exception\NotFoundHttpException: "No route found for "GET /views/signup" (from "http://10.103.1.200:9120/test")" at /home/vicentef/public_html/evenannecy/vendor/symfony/http-kernel/EventListener/RouterListener.php line 139 {"exception":"[object] (Symfony\\Component\\HttpKernel\\Exception\\NotFoundHttpException(code: 0): No route found for \"GET /views/signup\" (from \"http://10.103.1.200:9120/test\") at /home/vicentef/public_html/evenannecy/vendor/symfony/http-kernel/EventListener/RouterListener.php:139, Symfony\\Component\\Routing\\Exception\\ResourceNotFoundException(code: 0):  at /home/vicentef/public_html/evenannecy/vendor/symfony/routing/Matcher/Dumper/PhpMatcherTrait.php:67)"} []
[2019-03-11 13:27:27] request.INFO: Matched route "_wdt". {"route":"_wdt","route_parameters":{"_route":"_wdt","_controller":"web_profiler.controller.profiler::toolbarAction","token":"0adb3a"},"request_uri":"http://10.103.1.200:9120/_wdt/0adb3a","method":"GET"} []
[2019-03-11 13:28:08] request.ERROR: Uncaught PHP Exception Symfony\Component\HttpKernel\Exception\NotFoundHttpException: "No route found for "GET /views/signin" (from "http://10.103.1.200:9120/test")" at /home/vicentef/public_html/evenannecy/vendor/symfony/http-kernel/EventListener/RouterListener.php line 139 {"exception":"[object] (Symfony\\Component\\HttpKernel\\Exception\\NotFoundHttpException(code: 0): No route found for \"GET /views/signin\" (from \"http://10.103.1.200:9120/test\") at /home/vicentef/public_html/evenannecy/vendor/symfony/http-kernel/EventListener/RouterListener.php:139, Symfony\\Component\\Routing\\Exception\\ResourceNotFoundException(code: 0):  at /home/vicentef/public_html/evenannecy/vendor/symfony/routing/Matcher/Dumper/PhpMatcherTrait.php:67)"} []
[2019-03-11 13:28:08] request.INFO: Matched route "_wdt". {"route":"_wdt","route_parameters":{"_route":"_wdt","_controller":"web_profiler.controller.profiler::toolbarAction","token":"425263"},"request_uri":"http://10.103.1.200:9120/_wdt/425263","method":"GET"} []
[2019-03-11 14:23:16] console.ERROR: Error thrown while running command "'make:Abonnement'". Message: "Command "make:Abonnement" is not defined.  Did you mean one of these?     make:auth     make:command     make:controller     make:crud     make:entity     make:fixtures     make:form     make:functional-test     make:migration     make:registration-form     make:serializer:encoder     make:serializer:normalizer     make:subscriber     make:twig-extension     make:unit-test     make:user     make:validator     make:voter" {"exception":"[object] (Symfony\\Component\\Console\\Exception\\CommandNotFoundException(code: 0): Command \"make:Abonnement\" is not defined.\n\nDid you mean one of these?\n    make:auth\n    make:command\n    make:controller\n    make:crud\n    make:entity\n    make:fixtures\n    make:form\n    make:functional-test\n    make:migration\n    make:registration-form\n    make:serializer:encoder\n    make:serializer:normalizer\n    make:subscriber\n    make:twig-extension\n    make:unit-test\n    make:user\n    make:validator\n    make:voter at /home/vicentef/public_html/evenannecy/vendor/symfony/console/Application.php:632)","command":"'make:Abonnement'","message":"Command \"make:Abonnement\" is not defined.\n\nDid you mean one of these?\n    make:auth\n    make:command\n    make:controller\n    make:crud\n    make:entity\n    make:fixtures\n    make:form\n    make:functional-test\n    make:migration\n    make:registration-form\n    make:serializer:encoder\n    make:serializer:normalizer\n    make:subscriber\n    make:twig-extension\n    make:unit-test\n    make:user\n    make:validator\n    make:voter"} []
[2019-03-11 15:07:56] request.ERROR: Uncaught PHP Exception Symfony\Component\HttpKernel\Exception\NotFoundHttpException: "No route found for "GET /"" at /home/vicentef/public_html/evenannecy/vendor/symfony/http-kernel/EventListener/RouterListener.php line 139 {"exception":"[object] (Symfony\\Component\\HttpKernel\\Exception\\NotFoundHttpException(code: 0): No route found for \"GET /\" at /home/vicentef/public_html/evenannecy/vendor/symfony/http-kernel/EventListener/RouterListener.php:139, Symfony\\Component\\Routing\\Exception\\NoConfigurationException(code: 0):  at /home/vicentef/public_html/evenannecy/vendor/symfony/routing/Matcher/Dumper/PhpMatcherTrait.php:172)"} []
[2019-03-11 15:07:56] request.INFO: Matched route "_wdt". {"route":"_wdt","route_parameters":{"_route":"_wdt","_controller":"web_profiler.controller.profiler::toolbarAction","token":"02403c"},"request_uri":"http://10.103.1.200:9124/_wdt/02403c","method":"GET"} []
[2019-03-11 15:07:59] request.ERROR: Uncaught PHP Exception Symfony\Component\HttpKernel\Exception\NotFoundHttpException: "No route found for "GET /"" at /home/vicentef/public_html/evenannecy/vendor/symfony/http-kernel/EventListener/RouterListener.php line 139 {"exception":"[object] (Symfony\\Component\\HttpKernel\\Exception\\NotFoundHttpException(code: 0): No route found for \"GET /\" at /home/vicentef/public_html/evenannecy/vendor/symfony/http-kernel/EventListener/RouterListener.php:139, Symfony\\Component\\Routing\\Exception\\NoConfigurationException(code: 0):  at /home/vicentef/public_html/evenannecy/vendor/symfony/routing/Matcher/Dumper/PhpMatcherTrait.php:172)"} []
[2019-03-11 15:07:59] request.INFO: Matched route "_wdt". {"route":"_wdt","route_parameters":{"_route":"_wdt","_controller":"web_profiler.controller.profiler::toolbarAction","token":"8ba423"},"request_uri":"http://10.103.1.200:9124/_wdt/8ba423","method":"GET"} []
[2019-03-11 15:08:02] request.ERROR: Uncaught PHP Exception Symfony\Component\HttpKernel\Exception\NotFoundHttpException: "No route found for "GET /"" at /home/vicentef/public_html/evenannecy/vendor/symfony/http-kernel/EventListener/RouterListener.php line 139 {"exception":"[object] (Symfony\\Component\\HttpKernel\\Exception\\NotFoundHttpException(code: 0): No route found for \"GET /\" at /home/vicentef/public_html/evenannecy/vendor/symfony/http-kernel/EventListener/RouterListener.php:139, Symfony\\Component\\Routing\\Exception\\NoConfigurationException(code: 0):  at /home/vicentef/public_html/evenannecy/vendor/symfony/routing/Matcher/Dumper/PhpMatcherTrait.php:172)"} []
[2019-03-11 15:08:02] request.INFO: Matched route "_wdt". {"route":"_wdt","route_parameters":{"_route":"_wdt","_controller":"web_profiler.controller.profiler::toolbarAction","token":"450cc8"},"request_uri":"http://10.103.1.200:9124/_wdt/450cc8","method":"GET"} []
[2019-03-11 15:08:42] request.ERROR: Uncaught PHP Exception Symfony\Component\HttpKernel\Exception\NotFoundHttpException: "No route found for "GET /"" at /home/vicentef/public_html/evenannecy/vendor/symfony/http-kernel/EventListener/RouterListener.php line 139 {"exception":"[object] (Symfony\\Component\\HttpKernel\\Exception\\NotFoundHttpException(code: 0): No route found for \"GET /\" at /home/vicentef/public_html/evenannecy/vendor/symfony/http-kernel/EventListener/RouterListener.php:139, Symfony\\Component\\Routing\\Exception\\NoConfigurationException(code: 0):  at /home/vicentef/public_html/evenannecy/vendor/symfony/routing/Matcher/Dumper/PhpMatcherTrait.php:172)"} []
[2019-03-11 15:08:42] request.INFO: Matched route "_wdt". {"route":"_wdt","route_parameters":{"_route":"_wdt","_controller":"web_profiler.controller.profiler::toolbarAction","token":"57a7b8"},"request_uri":"http://10.103.1.200:9124/_wdt/57a7b8","method":"GET"} []
[2019-03-11 15:08:46] request.INFO: Matched route "test". {"route":"test","route_parameters":{"_route":"test","_controller":"App\\Controller\\TestController::index"},"request_uri":"http://10.103.1.200:9124/test","method":"GET"} []
[2019-03-11 15:08:46] security.DEBUG: Checking for guard authentication credentials. {"firewall_key":"main","authenticators":2} []
[2019-03-11 15:08:46] security.DEBUG: Checking support on guard authenticator. {"firewall_key":"main","authenticator":"App\\Security\\AppAuthenticationAuthenticator"} []
[2019-03-11 15:08:46] security.DEBUG: Guard authenticator does not support the request. {"firewall_key":"main","authenticator":"App\\Security\\AppAuthenticationAuthenticator"} []
[2019-03-11 15:08:46] security.DEBUG: Checking support on guard authenticator. {"firewall_key":"main","authenticator":"App\\Security\\AppCustomAuthenticator"} []
[2019-03-11 15:08:46] security.DEBUG: Guard authenticator does not support the request. {"firewall_key":"main","authenticator":"App\\Security\\AppCustomAuthenticator"} []
[2019-03-11 15:08:46] security.INFO: Populated the TokenStorage with an anonymous Token. [] []
[2019-03-11 15:08:46] request.INFO: Matched route "_wdt". {"route":"_wdt","route_parameters":{"_route":"_wdt","_controller":"web_profiler.controller.profiler::toolbarAction","token":"9a0824"},"request_uri":"http://10.103.1.200:9124/_wdt/9a0824","method":"GET"} []
[2019-03-11 15:15:29] console.ERROR: Error thrown while running command "entity". Message: "Command "entity" is not defined.  Did you mean one of these?     doctrine:cache:clear-entity-region     make:entity" {"exception":"[object] (Symfony\\Component\\Console\\Exception\\CommandNotFoundException(code: 0): Command \"entity\" is not defined.\n\nDid you mean one of these?\n    doctrine:cache:clear-entity-region\n    make:entity at /home/vicentef/public_html/evenannecy/vendor/symfony/console/Application.php:632)","command":"entity","message":"Command \"entity\" is not defined.\n\nDid you mean one of these?\n    doctrine:cache:clear-entity-region\n    make:entity"} []
